INFO - 2025-05-09 18:44:05 --> Controller "CodeIgniter\CLI\CommandRunner" loaded.
INFO - 2025-05-09 18:44:09 --> Controller "App\Controllers\base\Beranda" loaded.
INFO - 2025-05-09 18:44:27 --> Session: Class initialized using 'CodeIgniter\Session\Handlers\FileHandler' driver.
INFO - 2025-05-09 18:44:27 --> Session: Class initialized using 'CodeIgniter\Session\Handlers\FileHandler' driver.
INFO - 2025-05-09 18:44:27 --> Controller "App\Controllers\admin\Admin" loaded.
INFO - 2025-05-09 18:44:34 --> Session: Class initialized using 'CodeIgniter\Session\Handlers\FileHandler' driver.
INFO - 2025-05-09 18:44:34 --> Controller "App\Controllers\admin\Admin" loaded.
INFO - 2025-05-09 18:44:34 --> Session: Class initialized using 'CodeIgniter\Session\Handlers\FileHandler' driver.
INFO - 2025-05-09 18:44:34 --> Controller "App\Controllers\admin\Admin" loaded.
INFO - 2025-05-09 18:44:41 --> Session: Class initialized using 'CodeIgniter\Session\Handlers\FileHandler' driver.
INFO - 2025-05-09 18:44:41 --> Controller "App\Controllers\admin\Admin" loaded.
INFO - 2025-05-09 18:44:41 --> Session: Class initialized using 'CodeIgniter\Session\Handlers\FileHandler' driver.
INFO - 2025-05-09 18:44:41 --> Controller "App\Controllers\admin\Admin" loaded.
INFO - 2025-05-09 18:44:57 --> Session: Class initialized using 'CodeIgniter\Session\Handlers\FileHandler' driver.
INFO - 2025-05-09 18:44:57 --> Controller "App\Controllers\admin\Admin" loaded.
INFO - 2025-05-09 18:44:59 --> Session: Class initialized using 'CodeIgniter\Session\Handlers\FileHandler' driver.
INFO - 2025-05-09 18:44:59 --> Controller "App\Controllers\admin\Admin" loaded.
INFO - 2025-05-09 18:45:00 --> Session: Class initialized using 'CodeIgniter\Session\Handlers\FileHandler' driver.
INFO - 2025-05-09 18:45:00 --> Controller "App\Controllers\admin\Admin" loaded.
INFO - 2025-05-09 18:45:03 --> Session: Class initialized using 'CodeIgniter\Session\Handlers\FileHandler' driver.
INFO - 2025-05-09 18:45:03 --> Controller "App\Controllers\admin\Admin" loaded.
INFO - 2025-05-09 18:49:03 --> Controller "App\Controllers\base\Beranda" loaded.
INFO - 2025-05-09 19:13:48 --> Session: Class initialized using 'CodeIgniter\Session\Handlers\FileHandler' driver.
INFO - 2025-05-09 19:13:48 --> Controller "App\Controllers\admin\Admin" loaded.
CRITICAL - 2025-05-09 19:13:52 --> No connection could be made because the target machine actively refused it.

#0 C:\xampp\htdocs\rayakandigital\system\Database\BaseConnection.php(377): CodeIgniter\Database\MySQLi\Connection->connect(false)
#1 C:\xampp\htdocs\rayakandigital\system\Database\BaseConnection.php(643): CodeIgniter\Database\BaseConnection->initialize()
#2 C:\xampp\htdocs\rayakandigital\system\Database\BaseBuilder.php(1819): CodeIgniter\Database\BaseConnection->query('SELECT `order`....', Array, false)
#3 C:\xampp\htdocs\rayakandigital\app\Models\admin\AdminModel.php(328): CodeIgniter\Database\BaseBuilder->get()
#4 C:\xampp\htdocs\rayakandigital\app\Controllers\admin\Admin.php(67): App\Models\admin\AdminModel->get_all_join()
#5 C:\xampp\htdocs\rayakandigital\system\CodeIgniter.php(910): App\Controllers\admin\Admin->dashboard()
#6 C:\xampp\htdocs\rayakandigital\system\CodeIgniter.php(398): CodeIgniter\CodeIgniter->runController(Object(App\Controllers\admin\Admin))
#7 C:\xampp\htdocs\rayakandigital\system\CodeIgniter.php(306): CodeIgniter\CodeIgniter->handleRequest(NULL, Object(Config\Cache), false)
#8 C:\xampp\htdocs\rayakandigital\public\index.php(45): CodeIgniter\CodeIgniter->run()
#9 C:\xampp\htdocs\rayakandigital\system\Commands\Server\rewrite.php(34): require_once('C:\\xampp\\htdocs...')
#10 {main}
INFO - 2025-05-09 19:13:52 --> Session: Class initialized using 'CodeIgniter\Session\Handlers\FileHandler' driver.
INFO - 2025-05-09 19:13:52 --> Controller "App\Controllers\admin\Admin" loaded.
CRITICAL - 2025-05-09 19:13:56 --> No connection could be made because the target machine actively refused it.

#0 C:\xampp\htdocs\rayakandigital\system\Database\BaseConnection.php(377): CodeIgniter\Database\MySQLi\Connection->connect(false)
#1 C:\xampp\htdocs\rayakandigital\system\Database\BaseConnection.php(643): CodeIgniter\Database\BaseConnection->initialize()
#2 C:\xampp\htdocs\rayakandigital\system\Database\BaseBuilder.php(1819): CodeIgniter\Database\BaseConnection->query('SELECT `order`....', Array, false)
#3 C:\xampp\htdocs\rayakandigital\app\Models\admin\AdminModel.php(328): CodeIgniter\Database\BaseBuilder->get()
#4 C:\xampp\htdocs\rayakandigital\app\Controllers\admin\Admin.php(67): App\Models\admin\AdminModel->get_all_join()
#5 C:\xampp\htdocs\rayakandigital\system\CodeIgniter.php(910): App\Controllers\admin\Admin->dashboard()
#6 C:\xampp\htdocs\rayakandigital\system\CodeIgniter.php(398): CodeIgniter\CodeIgniter->runController(Object(App\Controllers\admin\Admin))
#7 C:\xampp\htdocs\rayakandigital\system\CodeIgniter.php(306): CodeIgniter\CodeIgniter->handleRequest(NULL, Object(Config\Cache), false)
#8 C:\xampp\htdocs\rayakandigital\public\index.php(45): CodeIgniter\CodeIgniter->run()
#9 C:\xampp\htdocs\rayakandigital\system\Commands\Server\rewrite.php(34): require_once('C:\\xampp\\htdocs...')
#10 {main}
INFO - 2025-05-09 19:14:19 --> Session: Class initialized using 'CodeIgniter\Session\Handlers\FileHandler' driver.
INFO - 2025-05-09 19:14:19 --> Controller "App\Controllers\admin\Admin" loaded.
CRITICAL - 2025-05-09 19:14:23 --> No connection could be made because the target machine actively refused it.

#0 C:\xampp\htdocs\rayakandigital\system\Database\BaseConnection.php(377): CodeIgniter\Database\MySQLi\Connection->connect(false)
#1 C:\xampp\htdocs\rayakandigital\system\Database\BaseConnection.php(643): CodeIgniter\Database\BaseConnection->initialize()
#2 C:\xampp\htdocs\rayakandigital\system\Database\BaseBuilder.php(1819): CodeIgniter\Database\BaseConnection->query('SELECT `order`....', Array, false)
#3 C:\xampp\htdocs\rayakandigital\app\Models\admin\AdminModel.php(328): CodeIgniter\Database\BaseBuilder->get()
#4 C:\xampp\htdocs\rayakandigital\app\Controllers\admin\Admin.php(67): App\Models\admin\AdminModel->get_all_join()
#5 C:\xampp\htdocs\rayakandigital\system\CodeIgniter.php(910): App\Controllers\admin\Admin->dashboard()
#6 C:\xampp\htdocs\rayakandigital\system\CodeIgniter.php(398): CodeIgniter\CodeIgniter->runController(Object(App\Controllers\admin\Admin))
#7 C:\xampp\htdocs\rayakandigital\system\CodeIgniter.php(306): CodeIgniter\CodeIgniter->handleRequest(NULL, Object(Config\Cache), false)
#8 C:\xampp\htdocs\rayakandigital\public\index.php(45): CodeIgniter\CodeIgniter->run()
#9 C:\xampp\htdocs\rayakandigital\system\Commands\Server\rewrite.php(34): require_once('C:\\xampp\\htdocs...')
#10 {main}
INFO - 2025-05-09 19:14:28 --> Session: Class initialized using 'CodeIgniter\Session\Handlers\FileHandler' driver.
INFO - 2025-05-09 19:14:28 --> Controller "App\Controllers\admin\Admin" loaded.
INFO - 2025-05-09 19:14:32 --> Session: Class initialized using 'CodeIgniter\Session\Handlers\FileHandler' driver.
INFO - 2025-05-09 19:14:32 --> Controller "App\Controllers\admin\Admin" loaded.
INFO - 2025-05-09 19:14:35 --> Session: Class initialized using 'CodeIgniter\Session\Handlers\FileHandler' driver.
INFO - 2025-05-09 19:14:35 --> Controller "App\Controllers\admin\Admin" loaded.
INFO - 2025-05-09 19:14:35 --> Session: Class initialized using 'CodeIgniter\Session\Handlers\FileHandler' driver.
INFO - 2025-05-09 19:14:35 --> Controller "App\Controllers\admin\Admin" loaded.
INFO - 2025-05-09 19:15:10 --> Session: Class initialized using 'CodeIgniter\Session\Handlers\FileHandler' driver.
INFO - 2025-05-09 19:15:10 --> Controller "App\Controllers\admin\Admin" loaded.
INFO - 2025-05-09 19:15:10 --> Session: Class initialized using 'CodeIgniter\Session\Handlers\FileHandler' driver.
INFO - 2025-05-09 19:15:10 --> Controller "App\Controllers\admin\Admin" loaded.
INFO - 2025-05-09 19:16:59 --> Controller "App\Controllers\base\Beranda" loaded.
INFO - 2025-05-09 19:17:02 --> Session: Class initialized using 'CodeIgniter\Session\Handlers\FileHandler' driver.
INFO - 2025-05-09 19:17:02 --> Controller "App\Controllers\base\Dashboard" loaded.
INFO - 2025-05-09 19:17:13 --> Session: Class initialized using 'CodeIgniter\Session\Handlers\FileHandler' driver.
INFO - 2025-05-09 19:17:13 --> Controller "App\Controllers\base\Dashboard" loaded.
INFO - 2025-05-09 19:17:13 --> Session: Class initialized using 'CodeIgniter\Session\Handlers\FileHandler' driver.
INFO - 2025-05-09 19:17:13 --> Controller "App\Controllers\base\Dashboard" loaded.
INFO - 2025-05-09 19:17:17 --> Session: Class initialized using 'CodeIgniter\Session\Handlers\FileHandler' driver.
INFO - 2025-05-09 19:17:17 --> Controller "App\Controllers\base\Dashboard" loaded.
INFO - 2025-05-09 19:17:17 --> Session: Class initialized using 'CodeIgniter\Session\Handlers\FileHandler' driver.
INFO - 2025-05-09 19:17:17 --> Controller "App\Controllers\base\Dashboard" loaded.
INFO - 2025-05-09 19:17:21 --> Session: Class initialized using 'CodeIgniter\Session\Handlers\FileHandler' driver.
INFO - 2025-05-09 19:17:21 --> Controller "App\Controllers\base\Dashboard" loaded.
INFO - 2025-05-09 19:17:36 --> Session: Class initialized using 'CodeIgniter\Session\Handlers\FileHandler' driver.
INFO - 2025-05-09 19:17:36 --> Controller "App\Controllers\base\Dashboard" loaded.
INFO - 2025-05-09 19:17:36 --> Session: Class initialized using 'CodeIgniter\Session\Handlers\FileHandler' driver.
INFO - 2025-05-09 19:17:36 --> Controller "App\Controllers\base\Dashboard" loaded.
INFO - 2025-05-09 19:17:40 --> Session: Class initialized using 'CodeIgniter\Session\Handlers\FileHandler' driver.
INFO - 2025-05-09 19:17:40 --> Controller "App\Controllers\base\Dashboard" loaded.
INFO - 2025-05-09 19:17:40 --> Session: Class initialized using 'CodeIgniter\Session\Handlers\FileHandler' driver.
INFO - 2025-05-09 19:17:40 --> Controller "App\Controllers\base\Dashboard" loaded.
INFO - 2025-05-09 19:17:49 --> Session: Class initialized using 'CodeIgniter\Session\Handlers\FileHandler' driver.
INFO - 2025-05-09 19:17:49 --> Controller "App\Controllers\base\Dashboard" loaded.
INFO - 2025-05-09 19:17:49 --> Session: Class initialized using 'CodeIgniter\Session\Handlers\FileHandler' driver.
INFO - 2025-05-09 19:17:49 --> Controller "App\Controllers\base\Dashboard" loaded.
INFO - 2025-05-09 19:17:53 --> Session: Class initialized using 'CodeIgniter\Session\Handlers\FileHandler' driver.
INFO - 2025-05-09 19:17:53 --> Controller "App\Controllers\base\Dashboard" loaded.
INFO - 2025-05-09 19:17:53 --> Session: Class initialized using 'CodeIgniter\Session\Handlers\FileHandler' driver.
INFO - 2025-05-09 19:17:53 --> Controller "App\Controllers\base\Dashboard" loaded.
INFO - 2025-05-09 19:18:03 --> Session: Class initialized using 'CodeIgniter\Session\Handlers\FileHandler' driver.
INFO - 2025-05-09 19:18:03 --> Controller "App\Controllers\base\Dashboard" loaded.
INFO - 2025-05-09 19:18:06 --> Session: Class initialized using 'CodeIgniter\Session\Handlers\FileHandler' driver.
INFO - 2025-05-09 19:18:06 --> Controller "App\Controllers\base\Dashboard" loaded.
INFO - 2025-05-09 19:18:06 --> Session: Class initialized using 'CodeIgniter\Session\Handlers\FileHandler' driver.
INFO - 2025-05-09 19:18:06 --> Controller "App\Controllers\base\Dashboard" loaded.
INFO - 2025-05-09 19:18:11 --> Session: Class initialized using 'CodeIgniter\Session\Handlers\FileHandler' driver.
INFO - 2025-05-09 19:18:11 --> Controller "App\Controllers\base\Dashboard" loaded.
INFO - 2025-05-09 19:18:12 --> Session: Class initialized using 'CodeIgniter\Session\Handlers\FileHandler' driver.
INFO - 2025-05-09 19:18:12 --> Controller "App\Controllers\base\Dashboard" loaded.
INFO - 2025-05-09 19:18:33 --> Session: Class initialized using 'CodeIgniter\Session\Handlers\FileHandler' driver.
INFO - 2025-05-09 19:18:33 --> Controller "App\Controllers\base\Dashboard" loaded.
INFO - 2025-05-09 19:18:38 --> Session: Class initialized using 'CodeIgniter\Session\Handlers\FileHandler' driver.
INFO - 2025-05-09 19:18:38 --> Controller "App\Controllers\base\Dashboard" loaded.
INFO - 2025-05-09 19:18:39 --> Session: Class initialized using 'CodeIgniter\Session\Handlers\FileHandler' driver.
INFO - 2025-05-09 19:18:39 --> Controller "App\Controllers\base\Dashboard" loaded.
INFO - 2025-05-09 19:18:46 --> Session: Class initialized using 'CodeIgniter\Session\Handlers\FileHandler' driver.
INFO - 2025-05-09 19:18:46 --> Controller "App\Controllers\base\Dashboard" loaded.
INFO - 2025-05-09 19:18:50 --> Session: Class initialized using 'CodeIgniter\Session\Handlers\FileHandler' driver.
INFO - 2025-05-09 19:18:50 --> Controller "App\Controllers\base\Dashboard" loaded.
INFO - 2025-05-09 19:18:51 --> Session: Class initialized using 'CodeIgniter\Session\Handlers\FileHandler' driver.
INFO - 2025-05-09 19:18:51 --> Controller "App\Controllers\base\Dashboard" loaded.
INFO - 2025-05-09 19:19:47 --> Controller "App\Controllers\base\Beranda" loaded.
INFO - 2025-05-09 19:20:16 --> Session: Class initialized using 'CodeIgniter\Session\Handlers\FileHandler' driver.
INFO - 2025-05-09 19:20:16 --> Controller "App\Controllers\admin\Admin" loaded.
INFO - 2025-05-09 19:20:16 --> Session: Class initialized using 'CodeIgniter\Session\Handlers\FileHandler' driver.
INFO - 2025-05-09 19:20:16 --> Controller "App\Controllers\admin\Admin" loaded.
INFO - 2025-05-09 19:20:21 --> Session: Class initialized using 'CodeIgniter\Session\Handlers\FileHandler' driver.
INFO - 2025-05-09 19:20:21 --> Controller "App\Controllers\admin\Admin" loaded.
INFO - 2025-05-09 19:20:21 --> Session: Class initialized using 'CodeIgniter\Session\Handlers\FileHandler' driver.
INFO - 2025-05-09 19:20:21 --> Controller "App\Controllers\admin\Admin" loaded.
INFO - 2025-05-09 19:20:35 --> Controller "App\Controllers\base\Beranda" loaded.
INFO - 2025-05-09 19:20:37 --> Session: Class initialized using 'CodeIgniter\Session\Handlers\FileHandler' driver.
INFO - 2025-05-09 19:20:37 --> Controller "App\Controllers\base\Dashboard" loaded.
INFO - 2025-05-09 19:20:43 --> Session: Class initialized using 'CodeIgniter\Session\Handlers\FileHandler' driver.
INFO - 2025-05-09 19:20:43 --> Controller "App\Controllers\base\Dashboard" loaded.
INFO - 2025-05-09 19:20:43 --> Session: Class initialized using 'CodeIgniter\Session\Handlers\FileHandler' driver.
INFO - 2025-05-09 19:20:43 --> Controller "App\Controllers\base\Dashboard" loaded.
INFO - 2025-05-09 19:20:45 --> Session: Class initialized using 'CodeIgniter\Session\Handlers\FileHandler' driver.
INFO - 2025-05-09 19:20:45 --> Controller "App\Controllers\base\Dashboard" loaded.
INFO - 2025-05-09 19:20:50 --> Session: Class initialized using 'CodeIgniter\Session\Handlers\FileHandler' driver.
INFO - 2025-05-09 19:20:50 --> Controller "App\Controllers\base\Dashboard" loaded.
INFO - 2025-05-09 19:20:51 --> Session: Class initialized using 'CodeIgniter\Session\Handlers\FileHandler' driver.
INFO - 2025-05-09 19:20:51 --> Controller "App\Controllers\base\Dashboard" loaded.
INFO - 2025-05-09 19:30:50 --> Session: Class initialized using 'CodeIgniter\Session\Handlers\FileHandler' driver.
INFO - 2025-05-09 19:30:50 --> Controller "App\Controllers\base\Dashboard" loaded.
INFO - 2025-05-09 19:30:50 --> Session: Class initialized using 'CodeIgniter\Session\Handlers\FileHandler' driver.
INFO - 2025-05-09 19:30:50 --> Controller "App\Controllers\base\Dashboard" loaded.
INFO - 2025-05-09 19:34:10 --> Session: Class initialized using 'CodeIgniter\Session\Handlers\FileHandler' driver.
INFO - 2025-05-09 19:34:10 --> Controller "App\Controllers\base\Dashboard" loaded.
INFO - 2025-05-09 19:34:12 --> Controller "App\Controllers\base\Beranda" loaded.
INFO - 2025-05-09 19:34:12 --> Controller "App\Controllers\base\Beranda" loaded.
INFO - 2025-05-09 19:34:56 --> Session: Class initialized using 'CodeIgniter\Session\Handlers\FileHandler' driver.
INFO - 2025-05-09 19:34:56 --> Controller "App\Controllers\base\Dashboard" loaded.
INFO - 2025-05-09 19:34:56 --> Controller "App\Controllers\base\Beranda" loaded.
INFO - 2025-05-09 19:34:56 --> Controller "App\Controllers\base\Beranda" loaded.
INFO - 2025-05-09 19:35:47 --> Session: Class initialized using 'CodeIgniter\Session\Handlers\FileHandler' driver.
INFO - 2025-05-09 19:35:47 --> Controller "App\Controllers\base\Dashboard" loaded.
INFO - 2025-05-09 19:35:47 --> Controller "App\Controllers\base\Beranda" loaded.
INFO - 2025-05-09 19:35:47 --> Controller "App\Controllers\base\Beranda" loaded.
INFO - 2025-05-09 19:36:38 --> Session: Class initialized using 'CodeIgniter\Session\Handlers\FileHandler' driver.
INFO - 2025-05-09 19:36:38 --> Controller "App\Controllers\base\Dashboard" loaded.
INFO - 2025-05-09 19:36:38 --> Controller "App\Controllers\base\Beranda" loaded.
INFO - 2025-05-09 19:36:38 --> Controller "App\Controllers\base\Beranda" loaded.
INFO - 2025-05-09 19:48:33 --> Session: Class initialized using 'CodeIgniter\Session\Handlers\FileHandler' driver.
INFO - 2025-05-09 19:48:33 --> Controller "App\Controllers\base\Dashboard" loaded.
INFO - 2025-05-09 19:48:33 --> Controller "App\Controllers\base\Beranda" loaded.
INFO - 2025-05-09 19:48:33 --> Controller "App\Controllers\base\Beranda" loaded.
INFO - 2025-05-09 20:04:33 --> Controller "App\Controllers\base\Beranda" loaded.
INFO - 2025-05-09 20:06:18 --> Controller "App\Controllers\base\Beranda" loaded.
INFO - 2025-05-09 20:07:20 --> Controller "App\Controllers\base\Beranda" loaded.
INFO - 2025-05-09 20:07:45 --> Controller "App\Controllers\base\Beranda" loaded.
INFO - 2025-05-09 20:09:36 --> Controller "App\Controllers\base\Beranda" loaded.
INFO - 2025-05-09 20:09:54 --> Controller "App\Controllers\base\Beranda" loaded.
INFO - 2025-05-09 20:10:16 --> Controller "App\Controllers\base\Beranda" loaded.
INFO - 2025-05-09 20:13:22 --> Controller "App\Controllers\base\Beranda" loaded.
INFO - 2025-05-09 20:13:23 --> Controller "App\Controllers\base\Beranda" loaded.
INFO - 2025-05-09 20:13:49 --> Controller "App\Controllers\base\Beranda" loaded.
INFO - 2025-05-09 20:13:49 --> Controller "App\Controllers\base\Beranda" loaded.
INFO - 2025-05-09 20:14:04 --> Controller "App\Controllers\base\Beranda" loaded.
INFO - 2025-05-09 20:14:04 --> Controller "App\Controllers\base\Beranda" loaded.
INFO - 2025-05-09 20:15:48 --> Controller "App\Controllers\base\Beranda" loaded.
INFO - 2025-05-09 20:15:48 --> Controller "App\Controllers\base\Beranda" loaded.
INFO - 2025-05-09 20:16:01 --> Controller "App\Controllers\base\Beranda" loaded.
INFO - 2025-05-09 20:16:01 --> Controller "App\Controllers\base\Beranda" loaded.
INFO - 2025-05-09 20:16:21 --> Controller "App\Controllers\base\Beranda" loaded.
INFO - 2025-05-09 20:16:21 --> Controller "App\Controllers\base\Beranda" loaded.
INFO - 2025-05-09 20:16:45 --> Controller "App\Controllers\base\Beranda" loaded.
INFO - 2025-05-09 20:16:45 --> Controller "App\Controllers\base\Beranda" loaded.
INFO - 2025-05-09 20:17:03 --> Controller "App\Controllers\base\Beranda" loaded.
INFO - 2025-05-09 20:17:03 --> Controller "App\Controllers\base\Beranda" loaded.
INFO - 2025-05-09 20:17:13 --> Controller "App\Controllers\base\Beranda" loaded.
INFO - 2025-05-09 20:17:14 --> Controller "App\Controllers\base\Beranda" loaded.
INFO - 2025-05-09 20:17:36 --> Controller "App\Controllers\base\Beranda" loaded.
INFO - 2025-05-09 20:17:36 --> Controller "App\Controllers\base\Beranda" loaded.
INFO - 2025-05-09 20:18:14 --> Controller "App\Controllers\base\Beranda" loaded.
INFO - 2025-05-09 20:18:14 --> Controller "App\Controllers\base\Beranda" loaded.
INFO - 2025-05-09 20:18:28 --> Controller "App\Controllers\base\Beranda" loaded.
INFO - 2025-05-09 20:18:28 --> Controller "App\Controllers\base\Beranda" loaded.
INFO - 2025-05-09 20:22:40 --> Controller "App\Controllers\base\Beranda" loaded.
INFO - 2025-05-09 20:22:41 --> Controller "App\Controllers\base\Beranda" loaded.
INFO - 2025-05-09 20:22:41 --> Controller "App\Controllers\base\Beranda" loaded.
INFO - 2025-05-09 20:23:49 --> Controller "App\Controllers\base\Beranda" loaded.
INFO - 2025-05-09 20:25:41 --> Controller "App\Controllers\base\Beranda" loaded.
INFO - 2025-05-09 20:25:41 --> Controller "App\Controllers\base\Beranda" loaded.
INFO - 2025-05-09 20:26:38 --> Controller "App\Controllers\base\Beranda" loaded.
INFO - 2025-05-09 20:26:51 --> Controller "App\Controllers\base\Beranda" loaded.
INFO - 2025-05-09 20:27:13 --> Controller "App\Controllers\base\Beranda" loaded.
INFO - 2025-05-09 20:27:38 --> Controller "App\Controllers\base\Beranda" loaded.
INFO - 2025-05-09 20:27:45 --> Controller "App\Controllers\base\Beranda" loaded.
INFO - 2025-05-09 20:28:19 --> Controller "App\Controllers\base\Beranda" loaded.
INFO - 2025-05-09 20:28:33 --> Controller "App\Controllers\base\Beranda" loaded.
INFO - 2025-05-09 20:29:33 --> Controller "App\Controllers\base\Beranda" loaded.
INFO - 2025-05-09 20:30:01 --> Controller "App\Controllers\base\Beranda" loaded.
INFO - 2025-05-09 20:30:32 --> Controller "App\Controllers\base\Beranda" loaded.
INFO - 2025-05-09 20:30:45 --> Controller "App\Controllers\base\Beranda" loaded.
INFO - 2025-05-09 20:31:10 --> Controller "App\Controllers\base\Beranda" loaded.
INFO - 2025-05-09 20:31:30 --> Controller "App\Controllers\base\Beranda" loaded.
INFO - 2025-05-09 20:33:23 --> Controller "App\Controllers\base\Beranda" loaded.
INFO - 2025-05-09 20:33:30 --> Session: Class initialized using 'CodeIgniter\Session\Handlers\FileHandler' driver.
INFO - 2025-05-09 20:33:30 --> Controller "App\Controllers\admin\Admin" loaded.
INFO - 2025-05-09 20:35:06 --> Controller "App\Controllers\base\Beranda" loaded.
INFO - 2025-05-09 20:35:56 --> Controller "App\Controllers\base\Beranda" loaded.
