INFO - 2025-04-08 06:59:01 --> Controller "CodeIgniter\CLI\CommandRunner" loaded.
INFO - 2025-04-08 06:59:02 --> Controller "App\Controllers\base\Beranda" loaded.
INFO - 2025-04-08 07:01:47 --> Controller "CodeIgniter\CLI\CommandRunner" loaded.
INFO - 2025-04-08 07:01:50 --> Controller "App\Controllers\base\Beranda" loaded.
INFO - 2025-04-08 07:01:50 --> Controller "App\Controllers\base\Beranda" loaded.
INFO - 2025-04-08 07:01:50 --> Controller "App\Controllers\base\Beranda" loaded.
INFO - 2025-04-08 07:03:26 --> Controller "App\Controllers\base\Beranda" loaded.
INFO - 2025-04-08 07:03:27 --> Controller "App\Controllers\base\Beranda" loaded.
INFO - 2025-04-08 07:03:27 --> Controller "App\Controllers\base\Beranda" loaded.
INFO - 2025-04-08 07:04:00 --> Controller "App\Controllers\base\Beranda" loaded.
INFO - 2025-04-08 07:04:00 --> Controller "App\Controllers\base\Beranda" loaded.
INFO - 2025-04-08 07:04:01 --> Controller "App\Controllers\base\Beranda" loaded.
INFO - 2025-04-08 07:04:08 --> Controller "App\Controllers\base\Beranda" loaded.
INFO - 2025-04-08 07:04:08 --> Controller "App\Controllers\base\Beranda" loaded.
INFO - 2025-04-08 07:04:09 --> Controller "App\Controllers\base\Beranda" loaded.
INFO - 2025-04-08 07:04:10 --> Controller "App\Controllers\base\Beranda" loaded.
INFO - 2025-04-08 07:04:10 --> Controller "App\Controllers\base\Beranda" loaded.
INFO - 2025-04-08 07:04:10 --> Controller "App\Controllers\base\Beranda" loaded.
INFO - 2025-04-08 07:04:11 --> Controller "App\Controllers\base\Beranda" loaded.
INFO - 2025-04-08 07:04:12 --> Controller "App\Controllers\base\Beranda" loaded.
INFO - 2025-04-08 07:04:12 --> Controller "App\Controllers\base\Beranda" loaded.
INFO - 2025-04-08 07:04:14 --> Controller "App\Controllers\base\Beranda" loaded.
INFO - 2025-04-08 07:04:15 --> Controller "App\Controllers\base\Beranda" loaded.
INFO - 2025-04-08 07:04:15 --> Controller "App\Controllers\base\Beranda" loaded.
INFO - 2025-04-08 07:06:32 --> Controller "App\Controllers\base\Beranda" loaded.
INFO - 2025-04-08 07:06:32 --> Controller "App\Controllers\base\Beranda" loaded.
INFO - 2025-04-08 07:06:32 --> Controller "App\Controllers\base\Beranda" loaded.
INFO - 2025-04-08 07:06:35 --> Controller "App\Controllers\base\Beranda" loaded.
INFO - 2025-04-08 07:06:35 --> Controller "App\Controllers\base\Beranda" loaded.
INFO - 2025-04-08 07:06:35 --> Controller "App\Controllers\base\Beranda" loaded.
INFO - 2025-04-08 07:06:35 --> Controller "App\Controllers\base\Beranda" loaded.
INFO - 2025-04-08 07:06:35 --> Controller "App\Controllers\base\Beranda" loaded.
INFO - 2025-04-08 07:06:36 --> Controller "App\Controllers\base\Beranda" loaded.
INFO - 2025-04-08 07:06:36 --> Controller "App\Controllers\base\Beranda" loaded.
INFO - 2025-04-08 07:06:36 --> Controller "App\Controllers\base\Beranda" loaded.
INFO - 2025-04-08 07:06:36 --> Controller "App\Controllers\base\Beranda" loaded.
INFO - 2025-04-08 07:06:36 --> Controller "App\Controllers\base\Beranda" loaded.
INFO - 2025-04-08 07:06:37 --> Controller "App\Controllers\base\Beranda" loaded.
INFO - 2025-04-08 07:06:37 --> Controller "App\Controllers\base\Beranda" loaded.
INFO - 2025-04-08 07:06:37 --> Controller "App\Controllers\base\Beranda" loaded.
INFO - 2025-04-08 07:06:37 --> Controller "App\Controllers\base\Beranda" loaded.
INFO - 2025-04-08 07:06:37 --> Controller "App\Controllers\base\Beranda" loaded.
INFO - 2025-04-08 07:07:31 --> Controller "App\Controllers\base\Beranda" loaded.
INFO - 2025-04-08 07:07:31 --> Controller "App\Controllers\base\Beranda" loaded.
INFO - 2025-04-08 07:07:31 --> Controller "App\Controllers\base\Beranda" loaded.
INFO - 2025-04-08 07:07:31 --> Controller "App\Controllers\base\Beranda" loaded.
INFO - 2025-04-08 07:07:32 --> Controller "App\Controllers\base\Beranda" loaded.
INFO - 2025-04-08 07:07:32 --> Controller "App\Controllers\base\Beranda" loaded.
INFO - 2025-04-08 07:12:20 --> Controller "App\Controllers\base\Beranda" loaded.
INFO - 2025-04-08 07:12:20 --> Controller "App\Controllers\base\Beranda" loaded.
INFO - 2025-04-08 07:12:20 --> Controller "App\Controllers\base\Beranda" loaded.
INFO - 2025-04-08 07:13:40 --> Controller "App\Controllers\base\Beranda" loaded.
INFO - 2025-04-08 07:13:40 --> Controller "App\Controllers\base\Beranda" loaded.
INFO - 2025-04-08 07:13:40 --> Controller "App\Controllers\base\Beranda" loaded.
INFO - 2025-04-08 07:14:56 --> Controller "App\Controllers\base\Beranda" loaded.
INFO - 2025-04-08 07:14:56 --> Controller "App\Controllers\base\Beranda" loaded.
INFO - 2025-04-08 07:14:56 --> Controller "App\Controllers\base\Beranda" loaded.
INFO - 2025-04-08 07:14:57 --> Controller "App\Controllers\base\Beranda" loaded.
INFO - 2025-04-08 07:14:57 --> Controller "App\Controllers\base\Beranda" loaded.
INFO - 2025-04-08 07:14:57 --> Controller "App\Controllers\base\Beranda" loaded.
INFO - 2025-04-08 07:14:59 --> Controller "App\Controllers\base\Beranda" loaded.
INFO - 2025-04-08 07:14:59 --> Controller "App\Controllers\base\Beranda" loaded.
INFO - 2025-04-08 07:14:59 --> Controller "App\Controllers\base\Beranda" loaded.
INFO - 2025-04-08 07:15:00 --> Controller "App\Controllers\base\Beranda" loaded.
INFO - 2025-04-08 07:15:00 --> Controller "App\Controllers\base\Beranda" loaded.
INFO - 2025-04-08 07:15:00 --> Controller "App\Controllers\base\Beranda" loaded.
INFO - 2025-04-08 07:20:43 --> Controller "App\Controllers\base\Beranda" loaded.
INFO - 2025-04-08 07:20:43 --> Controller "App\Controllers\base\Beranda" loaded.
INFO - 2025-04-08 07:20:43 --> Controller "App\Controllers\base\Beranda" loaded.
INFO - 2025-04-08 07:20:47 --> Controller "App\Controllers\base\Beranda" loaded.
INFO - 2025-04-08 07:20:48 --> Controller "App\Controllers\base\Beranda" loaded.
INFO - 2025-04-08 07:20:48 --> Controller "App\Controllers\base\Beranda" loaded.
INFO - 2025-04-08 07:21:21 --> Controller "App\Controllers\base\Beranda" loaded.
INFO - 2025-04-08 07:21:22 --> Controller "App\Controllers\base\Beranda" loaded.
INFO - 2025-04-08 07:21:22 --> Controller "App\Controllers\base\Beranda" loaded.
INFO - 2025-04-08 07:21:28 --> Controller "CodeIgniter\CLI\CommandRunner" loaded.
INFO - 2025-04-08 07:21:31 --> Controller "App\Controllers\base\Beranda" loaded.
INFO - 2025-04-08 07:21:31 --> Controller "App\Controllers\base\Beranda" loaded.
INFO - 2025-04-08 07:21:31 --> Controller "App\Controllers\base\Beranda" loaded.
INFO - 2025-04-08 07:22:33 --> Controller "App\Controllers\base\Beranda" loaded.
INFO - 2025-04-08 07:22:33 --> Controller "App\Controllers\base\Beranda" loaded.
INFO - 2025-04-08 07:22:34 --> Controller "App\Controllers\base\Beranda" loaded.
INFO - 2025-04-08 07:25:41 --> Controller "App\Controllers\base\Beranda" loaded.
INFO - 2025-04-08 07:25:41 --> Controller "App\Controllers\base\Beranda" loaded.
INFO - 2025-04-08 07:25:41 --> Controller "App\Controllers\base\Beranda" loaded.
INFO - 2025-04-08 07:30:00 --> Controller "App\Controllers\base\Beranda" loaded.
INFO - 2025-04-08 07:30:00 --> Controller "App\Controllers\base\Beranda" loaded.
INFO - 2025-04-08 07:30:00 --> Controller "App\Controllers\base\Beranda" loaded.
INFO - 2025-04-08 07:30:00 --> Controller "App\Controllers\base\Beranda" loaded.
INFO - 2025-04-08 07:30:09 --> Controller "App\Controllers\base\Beranda" loaded.
INFO - 2025-04-08 07:30:09 --> Controller "App\Controllers\base\Beranda" loaded.
INFO - 2025-04-08 07:30:09 --> Controller "App\Controllers\base\Beranda" loaded.
INFO - 2025-04-08 07:30:09 --> Controller "App\Controllers\base\Beranda" loaded.
INFO - 2025-04-08 07:31:03 --> Session: Class initialized using 'CodeIgniter\Session\Handlers\FileHandler' driver.
INFO - 2025-04-08 07:31:03 --> Controller "App\Controllers\base\Order" loaded.
INFO - 2025-04-08 07:31:04 --> Controller "App\Controllers\base\Beranda" loaded.
INFO - 2025-04-08 07:31:04 --> Controller "App\Controllers\base\Beranda" loaded.
INFO - 2025-04-08 07:31:04 --> Controller "App\Controllers\base\Beranda" loaded.
INFO - 2025-04-08 07:31:04 --> Controller "App\Controllers\base\Beranda" loaded.
INFO - 2025-04-08 07:31:05 --> Controller "App\Controllers\base\Beranda" loaded.
INFO - 2025-04-08 07:32:42 --> Controller "App\Controllers\base\Beranda" loaded.
INFO - 2025-04-08 07:32:42 --> Controller "App\Controllers\base\Beranda" loaded.
INFO - 2025-04-08 07:32:42 --> Controller "App\Controllers\base\Beranda" loaded.
INFO - 2025-04-08 07:32:42 --> Controller "App\Controllers\base\Beranda" loaded.
INFO - 2025-04-08 07:32:43 --> Controller "App\Controllers\base\Beranda" loaded.
INFO - 2025-04-08 07:32:43 --> Controller "App\Controllers\base\Beranda" loaded.
INFO - 2025-04-08 07:32:43 --> Controller "App\Controllers\base\Beranda" loaded.
INFO - 2025-04-08 07:32:44 --> Controller "App\Controllers\base\Beranda" loaded.
INFO - 2025-04-08 07:33:01 --> Controller "App\Controllers\base\Beranda" loaded.
INFO - 2025-04-08 07:33:01 --> Controller "App\Controllers\base\Beranda" loaded.
INFO - 2025-04-08 07:33:01 --> Controller "App\Controllers\base\Beranda" loaded.
INFO - 2025-04-08 07:33:03 --> Controller "App\Controllers\base\Beranda" loaded.
INFO - 2025-04-08 07:33:03 --> Controller "App\Controllers\base\Beranda" loaded.
INFO - 2025-04-08 07:33:03 --> Controller "App\Controllers\base\Beranda" loaded.
INFO - 2025-04-08 07:35:22 --> Controller "App\Controllers\base\Beranda" loaded.
INFO - 2025-04-08 07:35:22 --> Controller "App\Controllers\base\Beranda" loaded.
INFO - 2025-04-08 07:35:22 --> Controller "App\Controllers\base\Beranda" loaded.
INFO - 2025-04-08 07:36:37 --> Controller "App\Controllers\base\Beranda" loaded.
INFO - 2025-04-08 07:36:37 --> Controller "App\Controllers\base\Beranda" loaded.
INFO - 2025-04-08 07:36:37 --> Controller "App\Controllers\base\Beranda" loaded.
INFO - 2025-04-08 07:38:26 --> Controller "App\Controllers\base\Beranda" loaded.
INFO - 2025-04-08 07:38:26 --> Controller "App\Controllers\base\Beranda" loaded.
INFO - 2025-04-08 07:38:26 --> Controller "App\Controllers\base\Beranda" loaded.
INFO - 2025-04-08 07:38:26 --> Controller "App\Controllers\base\Beranda" loaded.
INFO - 2025-04-08 07:39:24 --> Controller "App\Controllers\base\Beranda" loaded.
INFO - 2025-04-08 07:39:25 --> Controller "App\Controllers\base\Beranda" loaded.
INFO - 2025-04-08 07:39:25 --> Controller "App\Controllers\base\Beranda" loaded.
INFO - 2025-04-08 07:39:28 --> Controller "App\Controllers\base\Beranda" loaded.
INFO - 2025-04-08 07:39:28 --> Controller "App\Controllers\base\Beranda" loaded.
INFO - 2025-04-08 07:39:29 --> Controller "App\Controllers\base\Beranda" loaded.
INFO - 2025-04-08 07:41:05 --> Controller "App\Controllers\base\Beranda" loaded.
INFO - 2025-04-08 07:41:05 --> Controller "App\Controllers\base\Beranda" loaded.
INFO - 2025-04-08 07:41:06 --> Controller "App\Controllers\base\Beranda" loaded.
INFO - 2025-04-08 07:43:20 --> Controller "App\Controllers\base\Beranda" loaded.
INFO - 2025-04-08 07:43:20 --> Controller "App\Controllers\base\Beranda" loaded.
INFO - 2025-04-08 07:43:20 --> Controller "App\Controllers\base\Beranda" loaded.
INFO - 2025-04-08 07:43:20 --> Controller "App\Controllers\base\Beranda" loaded.
INFO - 2025-04-08 07:46:47 --> Controller "App\Controllers\base\Beranda" loaded.
INFO - 2025-04-08 07:46:47 --> Controller "App\Controllers\base\Beranda" loaded.
INFO - 2025-04-08 07:46:47 --> Controller "App\Controllers\base\Beranda" loaded.
INFO - 2025-04-08 07:46:49 --> Controller "App\Controllers\base\Beranda" loaded.
INFO - 2025-04-08 07:46:49 --> Controller "App\Controllers\base\Beranda" loaded.
INFO - 2025-04-08 07:46:50 --> Controller "App\Controllers\base\Beranda" loaded.
INFO - 2025-04-08 07:47:02 --> Controller "App\Controllers\base\Beranda" loaded.
INFO - 2025-04-08 07:47:03 --> Controller "App\Controllers\base\Beranda" loaded.
INFO - 2025-04-08 07:47:03 --> Controller "App\Controllers\base\Beranda" loaded.
INFO - 2025-04-08 07:48:06 --> Controller "App\Controllers\base\Beranda" loaded.
INFO - 2025-04-08 07:48:06 --> Controller "App\Controllers\base\Beranda" loaded.
INFO - 2025-04-08 07:48:06 --> Controller "App\Controllers\base\Beranda" loaded.
INFO - 2025-04-08 07:52:21 --> Controller "App\Controllers\base\Beranda" loaded.
INFO - 2025-04-08 07:52:21 --> Controller "App\Controllers\base\Beranda" loaded.
INFO - 2025-04-08 07:52:21 --> Controller "App\Controllers\base\Beranda" loaded.
INFO - 2025-04-08 07:52:25 --> Controller "App\Controllers\base\Beranda" loaded.
INFO - 2025-04-08 07:52:25 --> Controller "App\Controllers\base\Beranda" loaded.
INFO - 2025-04-08 07:52:25 --> Controller "App\Controllers\base\Beranda" loaded.
INFO - 2025-04-08 07:52:51 --> Controller "App\Controllers\base\Beranda" loaded.
INFO - 2025-04-08 07:52:51 --> Controller "App\Controllers\base\Beranda" loaded.
INFO - 2025-04-08 07:52:52 --> Controller "App\Controllers\base\Beranda" loaded.
INFO - 2025-04-08 07:53:26 --> Controller "App\Controllers\base\Beranda" loaded.
INFO - 2025-04-08 07:53:26 --> Controller "App\Controllers\base\Beranda" loaded.
INFO - 2025-04-08 07:53:26 --> Controller "App\Controllers\base\Beranda" loaded.
INFO - 2025-04-08 07:53:28 --> Controller "App\Controllers\base\Beranda" loaded.
INFO - 2025-04-08 07:53:28 --> Controller "App\Controllers\base\Beranda" loaded.
INFO - 2025-04-08 07:53:28 --> Controller "App\Controllers\base\Beranda" loaded.
INFO - 2025-04-08 07:54:57 --> Controller "App\Controllers\base\Beranda" loaded.
INFO - 2025-04-08 07:54:57 --> Controller "App\Controllers\base\Beranda" loaded.
INFO - 2025-04-08 07:54:57 --> Controller "App\Controllers\base\Beranda" loaded.
INFO - 2025-04-08 07:55:09 --> Controller "App\Controllers\base\Beranda" loaded.
INFO - 2025-04-08 07:55:09 --> Controller "App\Controllers\base\Beranda" loaded.
INFO - 2025-04-08 07:55:09 --> Controller "App\Controllers\base\Beranda" loaded.
INFO - 2025-04-08 07:55:13 --> Controller "App\Controllers\base\Beranda" loaded.
INFO - 2025-04-08 07:55:13 --> Controller "App\Controllers\base\Beranda" loaded.
INFO - 2025-04-08 07:55:13 --> Controller "App\Controllers\base\Beranda" loaded.
INFO - 2025-04-08 07:56:12 --> Controller "App\Controllers\base\Beranda" loaded.
INFO - 2025-04-08 07:56:12 --> Controller "App\Controllers\base\Beranda" loaded.
INFO - 2025-04-08 07:56:12 --> Controller "App\Controllers\base\Beranda" loaded.
INFO - 2025-04-08 07:56:16 --> Controller "App\Controllers\base\Beranda" loaded.
INFO - 2025-04-08 07:56:17 --> Controller "App\Controllers\base\Beranda" loaded.
INFO - 2025-04-08 07:56:17 --> Controller "App\Controllers\base\Beranda" loaded.
INFO - 2025-04-08 07:56:30 --> Controller "App\Controllers\base\Beranda" loaded.
INFO - 2025-04-08 07:56:30 --> Controller "App\Controllers\base\Beranda" loaded.
INFO - 2025-04-08 07:56:30 --> Controller "App\Controllers\base\Beranda" loaded.
INFO - 2025-04-08 07:57:07 --> Controller "App\Controllers\base\Beranda" loaded.
INFO - 2025-04-08 07:57:07 --> Controller "App\Controllers\base\Beranda" loaded.
INFO - 2025-04-08 07:57:07 --> Controller "App\Controllers\base\Beranda" loaded.
INFO - 2025-04-08 07:57:14 --> Controller "App\Controllers\base\Beranda" loaded.
INFO - 2025-04-08 07:57:15 --> Controller "App\Controllers\base\Beranda" loaded.
INFO - 2025-04-08 07:57:15 --> Controller "App\Controllers\base\Beranda" loaded.
INFO - 2025-04-08 07:59:03 --> Controller "App\Controllers\base\Beranda" loaded.
INFO - 2025-04-08 07:59:03 --> Controller "App\Controllers\base\Beranda" loaded.
INFO - 2025-04-08 07:59:03 --> Controller "App\Controllers\base\Beranda" loaded.
INFO - 2025-04-08 07:59:05 --> Controller "App\Controllers\base\Beranda" loaded.
INFO - 2025-04-08 07:59:06 --> Controller "App\Controllers\base\Beranda" loaded.
INFO - 2025-04-08 07:59:06 --> Controller "App\Controllers\base\Beranda" loaded.
INFO - 2025-04-08 07:59:13 --> Controller "App\Controllers\base\Beranda" loaded.
INFO - 2025-04-08 07:59:13 --> Controller "App\Controllers\base\Beranda" loaded.
INFO - 2025-04-08 07:59:13 --> Controller "App\Controllers\base\Beranda" loaded.
INFO - 2025-04-08 07:59:15 --> Controller "App\Controllers\base\Beranda" loaded.
INFO - 2025-04-08 07:59:15 --> Controller "App\Controllers\base\Beranda" loaded.
INFO - 2025-04-08 07:59:15 --> Controller "App\Controllers\base\Beranda" loaded.
INFO - 2025-04-08 07:59:23 --> Controller "App\Controllers\base\Beranda" loaded.
INFO - 2025-04-08 07:59:24 --> Controller "App\Controllers\base\Beranda" loaded.
INFO - 2025-04-08 07:59:24 --> Controller "App\Controllers\base\Beranda" loaded.
INFO - 2025-04-08 07:59:25 --> Controller "App\Controllers\base\Beranda" loaded.
INFO - 2025-04-08 07:59:25 --> Controller "App\Controllers\base\Beranda" loaded.
INFO - 2025-04-08 07:59:25 --> Controller "App\Controllers\base\Beranda" loaded.
INFO - 2025-04-08 07:59:56 --> Controller "App\Controllers\base\Beranda" loaded.
INFO - 2025-04-08 07:59:56 --> Controller "App\Controllers\base\Beranda" loaded.
INFO - 2025-04-08 07:59:56 --> Controller "App\Controllers\base\Beranda" loaded.
INFO - 2025-04-08 08:00:16 --> Controller "App\Controllers\base\Beranda" loaded.
INFO - 2025-04-08 08:00:17 --> Controller "App\Controllers\base\Beranda" loaded.
INFO - 2025-04-08 08:00:17 --> Controller "App\Controllers\base\Beranda" loaded.
INFO - 2025-04-08 08:02:59 --> Controller "App\Controllers\base\Beranda" loaded.
INFO - 2025-04-08 08:03:00 --> Controller "App\Controllers\base\Beranda" loaded.
INFO - 2025-04-08 08:03:00 --> Controller "App\Controllers\base\Beranda" loaded.
INFO - 2025-04-08 08:03:06 --> Controller "App\Controllers\base\Beranda" loaded.
INFO - 2025-04-08 08:03:06 --> Controller "App\Controllers\base\Beranda" loaded.
INFO - 2025-04-08 08:03:06 --> Controller "App\Controllers\base\Beranda" loaded.
INFO - 2025-04-08 08:03:07 --> Controller "App\Controllers\base\Beranda" loaded.
INFO - 2025-04-08 08:03:07 --> Controller "App\Controllers\base\Beranda" loaded.
INFO - 2025-04-08 08:03:07 --> Controller "App\Controllers\base\Beranda" loaded.
INFO - 2025-04-08 08:03:10 --> Controller "App\Controllers\base\Beranda" loaded.
INFO - 2025-04-08 08:03:10 --> Controller "App\Controllers\base\Beranda" loaded.
INFO - 2025-04-08 08:03:10 --> Controller "App\Controllers\base\Beranda" loaded.
INFO - 2025-04-08 08:30:36 --> Controller "App\Controllers\base\Beranda" loaded.
INFO - 2025-04-08 08:30:36 --> Controller "App\Controllers\base\Beranda" loaded.
INFO - 2025-04-08 08:30:36 --> Controller "App\Controllers\base\Beranda" loaded.
INFO - 2025-04-08 09:05:55 --> Controller "CodeIgniter\CLI\CommandRunner" loaded.
INFO - 2025-04-08 09:06:00 --> Controller "App\Controllers\base\Beranda" loaded.
CRITICAL - 2025-04-08 09:06:04 --> No connection could be made because the target machine actively refused it.

#0 C:\xampp\htdocs\nikahkuy.xyz\system\Database\BaseConnection.php(377): CodeIgniter\Database\MySQLi\Connection->connect(false)
#1 C:\xampp\htdocs\nikahkuy.xyz\system\Database\BaseConnection.php(643): CodeIgniter\Database\BaseConnection->initialize()
#2 C:\xampp\htdocs\nikahkuy.xyz\system\Database\BaseBuilder.php(1819): CodeIgniter\Database\BaseConnection->query('SELECT `themes`...', Array, false)
#3 C:\xampp\htdocs\nikahkuy.xyz\app\Models\base\BerandaModel.php(44): CodeIgniter\Database\BaseBuilder->get()
#4 C:\xampp\htdocs\nikahkuy.xyz\app\Controllers\base\Beranda.php(35): App\Models\base\BerandaModel->get_all_themes()
#5 C:\xampp\htdocs\nikahkuy.xyz\system\CodeIgniter.php(910): App\Controllers\base\Beranda->index()
#6 C:\xampp\htdocs\nikahkuy.xyz\system\CodeIgniter.php(398): CodeIgniter\CodeIgniter->runController(Object(App\Controllers\base\Beranda))
#7 C:\xampp\htdocs\nikahkuy.xyz\system\CodeIgniter.php(306): CodeIgniter\CodeIgniter->handleRequest(NULL, Object(Config\Cache), false)
#8 C:\xampp\htdocs\nikahkuy.xyz\public\index.php(45): CodeIgniter\CodeIgniter->run()
#9 C:\xampp\htdocs\nikahkuy.xyz\system\Commands\Server\rewrite.php(34): require_once('C:\\xampp\\htdocs...')
#10 {main}
INFO - 2025-04-08 09:07:37 --> Controller "App\Controllers\base\Beranda" loaded.
CRITICAL - 2025-04-08 09:07:41 --> No connection could be made because the target machine actively refused it.

#0 C:\xampp\htdocs\nikahkuy.xyz\system\Database\BaseConnection.php(377): CodeIgniter\Database\MySQLi\Connection->connect(false)
#1 C:\xampp\htdocs\nikahkuy.xyz\system\Database\BaseConnection.php(643): CodeIgniter\Database\BaseConnection->initialize()
#2 C:\xampp\htdocs\nikahkuy.xyz\system\Database\BaseBuilder.php(1819): CodeIgniter\Database\BaseConnection->query('SELECT `themes`...', Array, false)
#3 C:\xampp\htdocs\nikahkuy.xyz\app\Models\base\BerandaModel.php(44): CodeIgniter\Database\BaseBuilder->get()
#4 C:\xampp\htdocs\nikahkuy.xyz\app\Controllers\base\Beranda.php(35): App\Models\base\BerandaModel->get_all_themes()
#5 C:\xampp\htdocs\nikahkuy.xyz\system\CodeIgniter.php(910): App\Controllers\base\Beranda->index()
#6 C:\xampp\htdocs\nikahkuy.xyz\system\CodeIgniter.php(398): CodeIgniter\CodeIgniter->runController(Object(App\Controllers\base\Beranda))
#7 C:\xampp\htdocs\nikahkuy.xyz\system\CodeIgniter.php(306): CodeIgniter\CodeIgniter->handleRequest(NULL, Object(Config\Cache), false)
#8 C:\xampp\htdocs\nikahkuy.xyz\public\index.php(45): CodeIgniter\CodeIgniter->run()
#9 C:\xampp\htdocs\nikahkuy.xyz\system\Commands\Server\rewrite.php(34): require_once('C:\\xampp\\htdocs...')
#10 {main}
INFO - 2025-04-08 09:07:44 --> Controller "App\Controllers\base\Beranda" loaded.
CRITICAL - 2025-04-08 09:07:48 --> No connection could be made because the target machine actively refused it.

#0 C:\xampp\htdocs\nikahkuy.xyz\system\Database\BaseConnection.php(377): CodeIgniter\Database\MySQLi\Connection->connect(false)
#1 C:\xampp\htdocs\nikahkuy.xyz\system\Database\BaseConnection.php(643): CodeIgniter\Database\BaseConnection->initialize()
#2 C:\xampp\htdocs\nikahkuy.xyz\system\Database\BaseBuilder.php(1819): CodeIgniter\Database\BaseConnection->query('SELECT `themes`...', Array, false)
#3 C:\xampp\htdocs\nikahkuy.xyz\app\Models\base\BerandaModel.php(44): CodeIgniter\Database\BaseBuilder->get()
#4 C:\xampp\htdocs\nikahkuy.xyz\app\Controllers\base\Beranda.php(35): App\Models\base\BerandaModel->get_all_themes()
#5 C:\xampp\htdocs\nikahkuy.xyz\system\CodeIgniter.php(910): App\Controllers\base\Beranda->index()
#6 C:\xampp\htdocs\nikahkuy.xyz\system\CodeIgniter.php(398): CodeIgniter\CodeIgniter->runController(Object(App\Controllers\base\Beranda))
#7 C:\xampp\htdocs\nikahkuy.xyz\system\CodeIgniter.php(306): CodeIgniter\CodeIgniter->handleRequest(NULL, Object(Config\Cache), false)
#8 C:\xampp\htdocs\nikahkuy.xyz\public\index.php(45): CodeIgniter\CodeIgniter->run()
#9 C:\xampp\htdocs\nikahkuy.xyz\system\Commands\Server\rewrite.php(34): require_once('C:\\xampp\\htdocs...')
#10 {main}
INFO - 2025-04-08 09:08:04 --> Controller "App\Controllers\base\Beranda" loaded.
INFO - 2025-04-08 09:08:05 --> Controller "App\Controllers\base\Beranda" loaded.
INFO - 2025-04-08 09:08:05 --> Controller "App\Controllers\base\Beranda" loaded.
INFO - 2025-04-08 09:08:13 --> Controller "App\Controllers\base\Beranda" loaded.
INFO - 2025-04-08 09:08:13 --> Controller "App\Controllers\base\Beranda" loaded.
INFO - 2025-04-08 09:08:13 --> Controller "App\Controllers\base\Beranda" loaded.
INFO - 2025-04-08 09:10:34 --> Controller "App\Controllers\base\Beranda" loaded.
INFO - 2025-04-08 09:10:35 --> Controller "App\Controllers\base\Beranda" loaded.
INFO - 2025-04-08 09:10:35 --> Controller "App\Controllers\base\Beranda" loaded.
INFO - 2025-04-08 09:11:34 --> Controller "App\Controllers\base\Beranda" loaded.
INFO - 2025-04-08 09:11:35 --> Controller "App\Controllers\base\Beranda" loaded.
INFO - 2025-04-08 09:11:36 --> Controller "App\Controllers\base\Beranda" loaded.
INFO - 2025-04-08 09:11:45 --> Controller "App\Controllers\base\Beranda" loaded.
INFO - 2025-04-08 09:11:45 --> Controller "App\Controllers\base\Beranda" loaded.
INFO - 2025-04-08 09:11:46 --> Controller "App\Controllers\base\Beranda" loaded.
INFO - 2025-04-08 09:11:51 --> Controller "App\Controllers\base\Beranda" loaded.
INFO - 2025-04-08 09:11:52 --> Controller "App\Controllers\base\Beranda" loaded.
INFO - 2025-04-08 09:11:52 --> Controller "App\Controllers\base\Beranda" loaded.
INFO - 2025-04-08 09:11:53 --> Controller "App\Controllers\base\Beranda" loaded.
INFO - 2025-04-08 09:11:53 --> Controller "App\Controllers\base\Beranda" loaded.
INFO - 2025-04-08 09:11:53 --> Controller "App\Controllers\base\Beranda" loaded.
INFO - 2025-04-08 09:15:36 --> Session: Class initialized using 'CodeIgniter\Session\Handlers\FileHandler' driver.
INFO - 2025-04-08 09:15:36 --> Controller "App\Controllers\base\Order" loaded.
INFO - 2025-04-08 09:15:37 --> Controller "App\Controllers\base\Beranda" loaded.
INFO - 2025-04-08 09:15:37 --> Controller "App\Controllers\base\Beranda" loaded.
INFO - 2025-04-08 09:15:37 --> Controller "App\Controllers\base\Beranda" loaded.
INFO - 2025-04-08 17:16:33 --> Controller "CodeIgniter\CLI\CommandRunner" loaded.
INFO - 2025-04-08 17:16:38 --> Controller "App\Controllers\base\Beranda" loaded.
INFO - 2025-04-08 17:16:39 --> Controller "App\Controllers\base\Beranda" loaded.
INFO - 2025-04-08 17:16:39 --> Controller "App\Controllers\base\Beranda" loaded.
INFO - 2025-04-08 17:16:49 --> Controller "App\Controllers\base\Beranda" loaded.
INFO - 2025-04-08 17:16:50 --> Controller "App\Controllers\base\Beranda" loaded.
INFO - 2025-04-08 17:16:51 --> Controller "App\Controllers\base\Beranda" loaded.
INFO - 2025-04-08 17:17:13 --> Controller "App\Controllers\base\Beranda" loaded.
INFO - 2025-04-08 17:17:13 --> Controller "App\Controllers\base\Beranda" loaded.
INFO - 2025-04-08 17:17:14 --> Controller "App\Controllers\base\Beranda" loaded.
INFO - 2025-04-08 17:17:23 --> Session: Class initialized using 'CodeIgniter\Session\Handlers\FileHandler' driver.
INFO - 2025-04-08 17:17:23 --> Session: Class initialized using 'CodeIgniter\Session\Handlers\FileHandler' driver.
INFO - 2025-04-08 17:17:24 --> Controller "App\Controllers\admin\Admin" loaded.
INFO - 2025-04-08 17:17:36 --> Session: Class initialized using 'CodeIgniter\Session\Handlers\FileHandler' driver.
INFO - 2025-04-08 17:17:36 --> Controller "App\Controllers\admin\Admin" loaded.
INFO - 2025-04-08 17:17:37 --> Session: Class initialized using 'CodeIgniter\Session\Handlers\FileHandler' driver.
INFO - 2025-04-08 17:17:37 --> Controller "App\Controllers\admin\Admin" loaded.
INFO - 2025-04-08 17:17:45 --> Session: Class initialized using 'CodeIgniter\Session\Handlers\FileHandler' driver.
INFO - 2025-04-08 17:17:45 --> Controller "App\Controllers\admin\Admin" loaded.
INFO - 2025-04-08 17:17:47 --> Session: Class initialized using 'CodeIgniter\Session\Handlers\FileHandler' driver.
INFO - 2025-04-08 17:17:47 --> Controller "App\Controllers\admin\Admin" loaded.
INFO - 2025-04-08 17:18:22 --> Controller "App\Controllers\base\Beranda" loaded.
INFO - 2025-04-08 17:18:23 --> Controller "App\Controllers\base\Beranda" loaded.
INFO - 2025-04-08 17:18:23 --> Controller "App\Controllers\base\Beranda" loaded.
INFO - 2025-04-08 17:18:34 --> Session: Class initialized using 'CodeIgniter\Session\Handlers\FileHandler' driver.
INFO - 2025-04-08 17:18:34 --> Controller "App\Controllers\admin\Admin" loaded.
INFO - 2025-04-08 17:18:36 --> Session: Class initialized using 'CodeIgniter\Session\Handlers\FileHandler' driver.
INFO - 2025-04-08 17:18:36 --> Controller "App\Controllers\admin\Admin" loaded.
INFO - 2025-04-08 17:18:38 --> Controller "App\Controllers\base\Beranda" loaded.
INFO - 2025-04-08 17:19:08 --> Session: Class initialized using 'CodeIgniter\Session\Handlers\FileHandler' driver.
INFO - 2025-04-08 17:19:08 --> Controller "App\Controllers\admin\Admin" loaded.
INFO - 2025-04-08 17:19:10 --> Session: Class initialized using 'CodeIgniter\Session\Handlers\FileHandler' driver.
INFO - 2025-04-08 17:19:10 --> Controller "App\Controllers\admin\Admin" loaded.
INFO - 2025-04-08 17:19:19 --> Session: Class initialized using 'CodeIgniter\Session\Handlers\FileHandler' driver.
INFO - 2025-04-08 17:19:19 --> Controller "App\Controllers\admin\Admin" loaded.
INFO - 2025-04-08 17:19:25 --> Session: Class initialized using 'CodeIgniter\Session\Handlers\FileHandler' driver.
INFO - 2025-04-08 17:19:25 --> Controller "App\Controllers\admin\Admin" loaded.
INFO - 2025-04-08 17:19:58 --> Session: Class initialized using 'CodeIgniter\Session\Handlers\FileHandler' driver.
INFO - 2025-04-08 17:19:58 --> Controller "App\Controllers\admin\Admin" loaded.
INFO - 2025-04-08 17:20:00 --> Session: Class initialized using 'CodeIgniter\Session\Handlers\FileHandler' driver.
INFO - 2025-04-08 17:20:00 --> Controller "App\Controllers\admin\Admin" loaded.
INFO - 2025-04-08 17:20:05 --> Session: Class initialized using 'CodeIgniter\Session\Handlers\FileHandler' driver.
INFO - 2025-04-08 17:20:05 --> Controller "App\Controllers\admin\Admin" loaded.
INFO - 2025-04-08 17:21:54 --> Session: Class initialized using 'CodeIgniter\Session\Handlers\FileHandler' driver.
INFO - 2025-04-08 17:21:54 --> Controller "App\Controllers\admin\Admin" loaded.
INFO - 2025-04-08 17:22:58 --> Session: Class initialized using 'CodeIgniter\Session\Handlers\FileHandler' driver.
INFO - 2025-04-08 17:22:58 --> Controller "App\Controllers\admin\Admin" loaded.
INFO - 2025-04-08 17:23:01 --> Session: Class initialized using 'CodeIgniter\Session\Handlers\FileHandler' driver.
INFO - 2025-04-08 17:23:01 --> Controller "App\Controllers\admin\Admin" loaded.
INFO - 2025-04-08 17:52:54 --> Controller "CodeIgniter\CLI\CommandRunner" loaded.
INFO - 2025-04-08 17:52:59 --> Controller "App\Controllers\base\Beranda" loaded.
CRITICAL - 2025-04-08 17:53:03 --> No connection could be made because the target machine actively refused it.

#0 C:\xampp\htdocs\rayakandigital\system\Database\BaseConnection.php(377): CodeIgniter\Database\MySQLi\Connection->connect(false)
#1 C:\xampp\htdocs\rayakandigital\system\Database\BaseConnection.php(643): CodeIgniter\Database\BaseConnection->initialize()
#2 C:\xampp\htdocs\rayakandigital\system\Database\BaseBuilder.php(1819): CodeIgniter\Database\BaseConnection->query('SELECT `themes`...', Array, false)
#3 C:\xampp\htdocs\rayakandigital\app\Models\base\BerandaModel.php(44): CodeIgniter\Database\BaseBuilder->get()
#4 C:\xampp\htdocs\rayakandigital\app\Controllers\base\Beranda.php(35): App\Models\base\BerandaModel->get_all_themes()
#5 C:\xampp\htdocs\rayakandigital\system\CodeIgniter.php(910): App\Controllers\base\Beranda->index()
#6 C:\xampp\htdocs\rayakandigital\system\CodeIgniter.php(398): CodeIgniter\CodeIgniter->runController(Object(App\Controllers\base\Beranda))
#7 C:\xampp\htdocs\rayakandigital\system\CodeIgniter.php(306): CodeIgniter\CodeIgniter->handleRequest(NULL, Object(Config\Cache), false)
#8 C:\xampp\htdocs\rayakandigital\public\index.php(45): CodeIgniter\CodeIgniter->run()
#9 C:\xampp\htdocs\rayakandigital\system\Commands\Server\rewrite.php(34): require_once('C:\\xampp\\htdocs...')
#10 {main}
INFO - 2025-04-08 17:59:17 --> Controller "App\Controllers\base\Beranda" loaded.
CRITICAL - 2025-04-08 17:59:21 --> No connection could be made because the target machine actively refused it.

#0 C:\xampp\htdocs\rayakandigital\system\Database\BaseConnection.php(377): CodeIgniter\Database\MySQLi\Connection->connect(false)
#1 C:\xampp\htdocs\rayakandigital\system\Database\BaseConnection.php(643): CodeIgniter\Database\BaseConnection->initialize()
#2 C:\xampp\htdocs\rayakandigital\system\Database\BaseBuilder.php(1819): CodeIgniter\Database\BaseConnection->query('SELECT `themes`...', Array, false)
#3 C:\xampp\htdocs\rayakandigital\app\Models\base\BerandaModel.php(44): CodeIgniter\Database\BaseBuilder->get()
#4 C:\xampp\htdocs\rayakandigital\app\Controllers\base\Beranda.php(35): App\Models\base\BerandaModel->get_all_themes()
#5 C:\xampp\htdocs\rayakandigital\system\CodeIgniter.php(910): App\Controllers\base\Beranda->index()
#6 C:\xampp\htdocs\rayakandigital\system\CodeIgniter.php(398): CodeIgniter\CodeIgniter->runController(Object(App\Controllers\base\Beranda))
#7 C:\xampp\htdocs\rayakandigital\system\CodeIgniter.php(306): CodeIgniter\CodeIgniter->handleRequest(NULL, Object(Config\Cache), false)
#8 C:\xampp\htdocs\rayakandigital\public\index.php(45): CodeIgniter\CodeIgniter->run()
#9 C:\xampp\htdocs\rayakandigital\system\Commands\Server\rewrite.php(34): require_once('C:\\xampp\\htdocs...')
#10 {main}
INFO - 2025-04-08 17:59:32 --> Controller "App\Controllers\base\Beranda" loaded.
INFO - 2025-04-08 17:59:32 --> Controller "App\Controllers\base\Beranda" loaded.
INFO - 2025-04-08 17:59:32 --> Controller "App\Controllers\base\Beranda" loaded.
INFO - 2025-04-08 17:59:33 --> Controller "App\Controllers\base\Beranda" loaded.
INFO - 2025-04-08 17:59:33 --> Controller "App\Controllers\base\Beranda" loaded.
INFO - 2025-04-08 18:00:05 --> Controller "App\Controllers\base\Beranda" loaded.
INFO - 2025-04-08 18:00:05 --> Controller "App\Controllers\base\Beranda" loaded.
INFO - 2025-04-08 18:00:05 --> Controller "App\Controllers\base\Beranda" loaded.
INFO - 2025-04-08 18:00:05 --> Controller "App\Controllers\base\Beranda" loaded.
INFO - 2025-04-08 18:00:05 --> Controller "App\Controllers\base\Beranda" loaded.
INFO - 2025-04-08 18:00:06 --> Controller "App\Controllers\base\Beranda" loaded.
INFO - 2025-04-08 18:00:07 --> Controller "App\Controllers\base\Beranda" loaded.
INFO - 2025-04-08 18:00:07 --> Controller "App\Controllers\base\Beranda" loaded.
INFO - 2025-04-08 18:00:07 --> Controller "App\Controllers\base\Beranda" loaded.
INFO - 2025-04-08 18:00:07 --> Controller "App\Controllers\base\Beranda" loaded.
INFO - 2025-04-08 18:01:21 --> Controller "App\Controllers\base\Beranda" loaded.
INFO - 2025-04-08 18:01:21 --> Controller "App\Controllers\base\Beranda" loaded.
INFO - 2025-04-08 18:01:21 --> Controller "App\Controllers\base\Beranda" loaded.
INFO - 2025-04-08 18:01:21 --> Controller "App\Controllers\base\Beranda" loaded.
INFO - 2025-04-08 18:01:21 --> Controller "App\Controllers\base\Beranda" loaded.
INFO - 2025-04-08 18:02:15 --> Controller "App\Controllers\base\Beranda" loaded.
INFO - 2025-04-08 18:02:15 --> Controller "App\Controllers\base\Beranda" loaded.
INFO - 2025-04-08 18:02:15 --> Controller "App\Controllers\base\Beranda" loaded.
INFO - 2025-04-08 18:02:16 --> Controller "App\Controllers\base\Beranda" loaded.
INFO - 2025-04-08 18:02:16 --> Controller "App\Controllers\base\Beranda" loaded.
INFO - 2025-04-08 18:02:25 --> Controller "App\Controllers\base\Beranda" loaded.
INFO - 2025-04-08 18:02:25 --> Controller "App\Controllers\base\Beranda" loaded.
INFO - 2025-04-08 18:02:25 --> Controller "App\Controllers\base\Beranda" loaded.
INFO - 2025-04-08 18:02:25 --> Controller "App\Controllers\base\Beranda" loaded.
INFO - 2025-04-08 18:02:25 --> Controller "App\Controllers\base\Beranda" loaded.
