INFO - 2025-05-06 01:42:00 --> Controller "CodeIgniter\CLI\CommandRunner" loaded.
INFO - 2025-05-06 01:42:39 --> Controller "App\Controllers\base\Beranda" loaded.
INFO - 2025-05-06 01:44:36 --> Controller "App\Controllers\base\Beranda" loaded.
INFO - 2025-05-06 01:44:40 --> Controller "App\Controllers\base\Beranda" loaded.
INFO - 2025-05-06 01:50:00 --> Controller "App\Controllers\base\Beranda" loaded.
INFO - 2025-05-06 01:50:47 --> Session: Class initialized using 'CodeIgniter\Session\Handlers\FileHandler' driver.
INFO - 2025-05-06 01:50:47 --> Controller "App\Controllers\base\Dashboard" loaded.
INFO - 2025-05-06 01:50:51 --> Controller "App\Controllers\base\Beranda" loaded.
INFO - 2025-05-06 01:51:25 --> Session: Class initialized using 'CodeIgniter\Session\Handlers\FileHandler' driver.
INFO - 2025-05-06 01:51:25 --> Controller "App\Controllers\base\Dashboard" loaded.
INFO - 2025-05-06 01:51:29 --> Session: Class initialized using 'CodeIgniter\Session\Handlers\FileHandler' driver.
INFO - 2025-05-06 01:51:29 --> Controller "App\Controllers\base\Dashboard" loaded.
INFO - 2025-05-06 01:51:29 --> Session: Class initialized using 'CodeIgniter\Session\Handlers\FileHandler' driver.
INFO - 2025-05-06 01:51:29 --> Controller "App\Controllers\base\Dashboard" loaded.
INFO - 2025-05-06 01:51:35 --> Session: Class initialized using 'CodeIgniter\Session\Handlers\FileHandler' driver.
INFO - 2025-05-06 01:51:35 --> Controller "App\Controllers\base\Dashboard" loaded.
INFO - 2025-05-06 01:51:36 --> Session: Class initialized using 'CodeIgniter\Session\Handlers\FileHandler' driver.
INFO - 2025-05-06 01:51:36 --> Controller "App\Controllers\base\Dashboard" loaded.
INFO - 2025-05-06 01:51:48 --> Session: Class initialized using 'CodeIgniter\Session\Handlers\FileHandler' driver.
INFO - 2025-05-06 01:51:48 --> Controller "App\Controllers\base\Dashboard" loaded.
INFO - 2025-05-06 01:51:48 --> Controller "App\Controllers\base\Beranda" loaded.
INFO - 2025-05-06 01:51:48 --> Controller "App\Controllers\base\Beranda" loaded.
INFO - 2025-05-06 01:51:48 --> Controller "App\Controllers\base\Beranda" loaded.
INFO - 2025-05-06 01:51:49 --> Session: Class initialized using 'CodeIgniter\Session\Handlers\FileHandler' driver.
INFO - 2025-05-06 01:51:49 --> Controller "App\Controllers\base\Dashboard" loaded.
INFO - 2025-05-06 01:51:50 --> Session: Class initialized using 'CodeIgniter\Session\Handlers\FileHandler' driver.
INFO - 2025-05-06 01:51:50 --> Controller "App\Controllers\base\Dashboard" loaded.
INFO - 2025-05-06 01:51:51 --> Session: Class initialized using 'CodeIgniter\Session\Handlers\FileHandler' driver.
INFO - 2025-05-06 01:51:51 --> Controller "App\Controllers\base\Dashboard" loaded.
INFO - 2025-05-06 01:51:54 --> Session: Class initialized using 'CodeIgniter\Session\Handlers\FileHandler' driver.
INFO - 2025-05-06 01:51:54 --> Controller "App\Controllers\base\Dashboard" loaded.
INFO - 2025-05-06 01:51:58 --> Session: Class initialized using 'CodeIgniter\Session\Handlers\FileHandler' driver.
INFO - 2025-05-06 01:51:58 --> Controller "App\Controllers\base\Dashboard" loaded.
CRITICAL - 2025-05-06 01:51:59 --> Undefined property: stdClass::$status
#0 C:\xampp\htdocs\rayakandigital\app\Controllers\base\Dashboard.php(1617): CodeIgniter\Debug\Exceptions->errorHandler(8, 'Undefined prope...', 'C:\\xampp\\htdocs...', 1617, Array)
#1 C:\xampp\htdocs\rayakandigital\app\Controllers\base\Dashboard.php(1355): App\Controllers\base\Dashboard->send_wa('2f6a625e06edf21...', '1', 'Kepada Yth: Q\n\n...')
#2 C:\xampp\htdocs\rayakandigital\system\CodeIgniter.php(910): App\Controllers\base\Dashboard->kirim_undangan()
#3 C:\xampp\htdocs\rayakandigital\system\CodeIgniter.php(398): CodeIgniter\CodeIgniter->runController(Object(App\Controllers\base\Dashboard))
#4 C:\xampp\htdocs\rayakandigital\system\CodeIgniter.php(306): CodeIgniter\CodeIgniter->handleRequest(NULL, Object(Config\Cache), false)
#5 C:\xampp\htdocs\rayakandigital\public\index.php(45): CodeIgniter\CodeIgniter->run()
#6 C:\xampp\htdocs\rayakandigital\system\Commands\Server\rewrite.php(34): require_once('C:\\xampp\\htdocs...')
#7 {main}
INFO - 2025-05-06 01:51:59 --> Session: Class initialized using 'CodeIgniter\Session\Handlers\FileHandler' driver.
INFO - 2025-05-06 01:51:59 --> Controller "App\Controllers\base\Dashboard" loaded.
CRITICAL - 2025-05-06 01:52:01 --> Undefined property: stdClass::$status
#0 C:\xampp\htdocs\rayakandigital\app\Controllers\base\Dashboard.php(1617): CodeIgniter\Debug\Exceptions->errorHandler(8, 'Undefined prope...', 'C:\\xampp\\htdocs...', 1617, Array)
#1 C:\xampp\htdocs\rayakandigital\app\Controllers\base\Dashboard.php(1355): App\Controllers\base\Dashboard->send_wa('2f6a625e06edf21...', '1', 'Kepada Yth: Q\n\n...')
#2 C:\xampp\htdocs\rayakandigital\system\CodeIgniter.php(910): App\Controllers\base\Dashboard->kirim_undangan()
#3 C:\xampp\htdocs\rayakandigital\system\CodeIgniter.php(398): CodeIgniter\CodeIgniter->runController(Object(App\Controllers\base\Dashboard))
#4 C:\xampp\htdocs\rayakandigital\system\CodeIgniter.php(306): CodeIgniter\CodeIgniter->handleRequest(NULL, Object(Config\Cache), false)
#5 C:\xampp\htdocs\rayakandigital\public\index.php(45): CodeIgniter\CodeIgniter->run()
#6 C:\xampp\htdocs\rayakandigital\system\Commands\Server\rewrite.php(34): require_once('C:\\xampp\\htdocs...')
#7 {main}
INFO - 2025-05-06 01:52:04 --> Session: Class initialized using 'CodeIgniter\Session\Handlers\FileHandler' driver.
INFO - 2025-05-06 01:52:04 --> Controller "App\Controllers\undangan\Undangan" loaded.
INFO - 2025-05-06 01:52:05 --> Session: Class initialized using 'CodeIgniter\Session\Handlers\FileHandler' driver.
INFO - 2025-05-06 01:52:05 --> Controller "App\Controllers\undangan\Undangan" loaded.
INFO - 2025-05-06 01:52:05 --> Session: Class initialized using 'CodeIgniter\Session\Handlers\FileHandler' driver.
INFO - 2025-05-06 01:52:05 --> Controller "App\Controllers\undangan\Undangan" loaded.
INFO - 2025-05-06 01:52:05 --> Session: Class initialized using 'CodeIgniter\Session\Handlers\FileHandler' driver.
INFO - 2025-05-06 01:52:05 --> Controller "App\Controllers\undangan\Undangan" loaded.
INFO - 2025-05-06 01:52:05 --> Session: Class initialized using 'CodeIgniter\Session\Handlers\FileHandler' driver.
INFO - 2025-05-06 01:52:05 --> Controller "App\Controllers\undangan\Undangan" loaded.
INFO - 2025-05-06 01:52:06 --> Session: Class initialized using 'CodeIgniter\Session\Handlers\FileHandler' driver.
INFO - 2025-05-06 01:52:06 --> Controller "App\Controllers\undangan\Undangan" loaded.
INFO - 2025-05-06 01:52:06 --> Session: Class initialized using 'CodeIgniter\Session\Handlers\FileHandler' driver.
INFO - 2025-05-06 01:52:06 --> Controller "App\Controllers\undangan\Undangan" loaded.
INFO - 2025-05-06 01:52:06 --> Session: Class initialized using 'CodeIgniter\Session\Handlers\FileHandler' driver.
INFO - 2025-05-06 01:52:06 --> Controller "App\Controllers\undangan\Undangan" loaded.
INFO - 2025-05-06 01:52:36 --> Session: Class initialized using 'CodeIgniter\Session\Handlers\FileHandler' driver.
INFO - 2025-05-06 01:52:36 --> Controller "App\Controllers\base\Dashboard" loaded.
INFO - 2025-05-06 01:52:42 --> Session: Class initialized using 'CodeIgniter\Session\Handlers\FileHandler' driver.
INFO - 2025-05-06 01:52:42 --> Controller "App\Controllers\base\Dashboard" loaded.
INFO - 2025-05-06 01:52:47 --> Session: Class initialized using 'CodeIgniter\Session\Handlers\FileHandler' driver.
INFO - 2025-05-06 01:52:47 --> Controller "App\Controllers\base\Dashboard" loaded.
INFO - 2025-05-06 01:52:50 --> Session: Class initialized using 'CodeIgniter\Session\Handlers\FileHandler' driver.
INFO - 2025-05-06 01:52:50 --> Controller "App\Controllers\base\Dashboard" loaded.
INFO - 2025-05-06 01:56:52 --> Session: Class initialized using 'CodeIgniter\Session\Handlers\FileHandler' driver.
INFO - 2025-05-06 01:56:52 --> Session: Class initialized using 'CodeIgniter\Session\Handlers\FileHandler' driver.
INFO - 2025-05-06 01:56:52 --> Controller "App\Controllers\admin\Admin" loaded.
INFO - 2025-05-06 01:57:06 --> Session: Class initialized using 'CodeIgniter\Session\Handlers\FileHandler' driver.
INFO - 2025-05-06 01:57:06 --> Controller "App\Controllers\admin\Admin" loaded.
INFO - 2025-05-06 01:57:06 --> Session: Class initialized using 'CodeIgniter\Session\Handlers\FileHandler' driver.
INFO - 2025-05-06 01:57:06 --> Controller "App\Controllers\admin\Admin" loaded.
INFO - 2025-05-06 01:57:11 --> Session: Class initialized using 'CodeIgniter\Session\Handlers\FileHandler' driver.
INFO - 2025-05-06 01:57:11 --> Controller "App\Controllers\admin\Admin" loaded.
INFO - 2025-05-06 01:57:12 --> Session: Class initialized using 'CodeIgniter\Session\Handlers\FileHandler' driver.
INFO - 2025-05-06 01:57:12 --> Controller "App\Controllers\admin\Admin" loaded.
INFO - 2025-05-06 01:57:13 --> Session: Class initialized using 'CodeIgniter\Session\Handlers\FileHandler' driver.
INFO - 2025-05-06 01:57:13 --> Controller "App\Controllers\admin\Admin" loaded.
INFO - 2025-05-06 01:57:31 --> Session: Class initialized using 'CodeIgniter\Session\Handlers\FileHandler' driver.
INFO - 2025-05-06 01:57:31 --> Controller "App\Controllers\admin\Admin" loaded.
INFO - 2025-05-06 01:57:31 --> Session: Class initialized using 'CodeIgniter\Session\Handlers\FileHandler' driver.
INFO - 2025-05-06 01:57:31 --> Controller "App\Controllers\admin\Admin" loaded.
INFO - 2025-05-06 01:57:36 --> Session: Class initialized using 'CodeIgniter\Session\Handlers\FileHandler' driver.
INFO - 2025-05-06 01:57:36 --> Controller "App\Controllers\admin\Admin" loaded.
INFO - 2025-05-06 01:57:37 --> Session: Class initialized using 'CodeIgniter\Session\Handlers\FileHandler' driver.
INFO - 2025-05-06 01:57:38 --> Controller "App\Controllers\admin\Admin" loaded.
INFO - 2025-05-06 01:57:43 --> Session: Class initialized using 'CodeIgniter\Session\Handlers\FileHandler' driver.
INFO - 2025-05-06 01:57:43 --> Controller "App\Controllers\admin\Admin" loaded.
INFO - 2025-05-06 01:57:45 --> Session: Class initialized using 'CodeIgniter\Session\Handlers\FileHandler' driver.
INFO - 2025-05-06 01:57:45 --> Controller "App\Controllers\admin\Admin" loaded.
INFO - 2025-05-06 01:57:47 --> Session: Class initialized using 'CodeIgniter\Session\Handlers\FileHandler' driver.
INFO - 2025-05-06 01:57:47 --> Controller "App\Controllers\admin\Admin" loaded.
INFO - 2025-05-06 01:57:48 --> Session: Class initialized using 'CodeIgniter\Session\Handlers\FileHandler' driver.
INFO - 2025-05-06 01:57:48 --> Controller "App\Controllers\admin\Admin" loaded.
INFO - 2025-05-06 01:57:50 --> Session: Class initialized using 'CodeIgniter\Session\Handlers\FileHandler' driver.
INFO - 2025-05-06 01:57:50 --> Controller "App\Controllers\admin\Admin" loaded.
INFO - 2025-05-06 01:57:52 --> Session: Class initialized using 'CodeIgniter\Session\Handlers\FileHandler' driver.
INFO - 2025-05-06 01:57:52 --> Controller "App\Controllers\admin\Admin" loaded.
INFO - 2025-05-06 01:57:53 --> Session: Class initialized using 'CodeIgniter\Session\Handlers\FileHandler' driver.
INFO - 2025-05-06 01:57:53 --> Controller "App\Controllers\admin\Admin" loaded.
INFO - 2025-05-06 02:01:17 --> Session: Class initialized using 'CodeIgniter\Session\Handlers\FileHandler' driver.
INFO - 2025-05-06 02:01:17 --> Controller "App\Controllers\admin\Admin" loaded.
INFO - 2025-05-06 02:01:17 --> Session: Class initialized using 'CodeIgniter\Session\Handlers\FileHandler' driver.
INFO - 2025-05-06 02:01:17 --> Controller "App\Controllers\admin\Admin" loaded.
INFO - 2025-05-06 02:01:18 --> Session: Class initialized using 'CodeIgniter\Session\Handlers\FileHandler' driver.
INFO - 2025-05-06 02:01:18 --> Controller "App\Controllers\admin\Admin" loaded.
INFO - 2025-05-06 02:01:21 --> Session: Class initialized using 'CodeIgniter\Session\Handlers\FileHandler' driver.
INFO - 2025-05-06 02:01:21 --> Controller "App\Controllers\admin\Admin" loaded.
INFO - 2025-05-06 02:01:22 --> Session: Class initialized using 'CodeIgniter\Session\Handlers\FileHandler' driver.
INFO - 2025-05-06 02:01:22 --> Controller "App\Controllers\admin\Admin" loaded.
INFO - 2025-05-06 02:01:27 --> Controller "App\Controllers\base\Beranda" loaded.
INFO - 2025-05-06 02:01:32 --> Session: Class initialized using 'CodeIgniter\Session\Handlers\FileHandler' driver.
INFO - 2025-05-06 02:01:32 --> Controller "App\Controllers\admin\Admin" loaded.
INFO - 2025-05-06 02:01:33 --> Session: Class initialized using 'CodeIgniter\Session\Handlers\FileHandler' driver.
INFO - 2025-05-06 02:01:33 --> Controller "App\Controllers\admin\Admin" loaded.
INFO - 2025-05-06 02:01:35 --> Controller "App\Controllers\base\Beranda" loaded.
INFO - 2025-05-06 02:01:58 --> Controller "App\Controllers\base\Beranda" loaded.
INFO - 2025-05-06 02:02:04 --> Controller "App\Controllers\base\Beranda" loaded.
INFO - 2025-05-06 02:02:07 --> Controller "App\Controllers\base\Beranda" loaded.
INFO - 2025-05-06 02:02:10 --> Controller "App\Controllers\base\Beranda" loaded.
INFO - 2025-05-06 02:02:10 --> Controller "App\Controllers\base\Beranda" loaded.
INFO - 2025-05-06 02:02:13 --> Controller "App\Controllers\base\Beranda" loaded.
INFO - 2025-05-06 02:02:20 --> Controller "App\Controllers\base\Beranda" loaded.
INFO - 2025-05-06 02:02:20 --> Controller "App\Controllers\base\Beranda" loaded.
INFO - 2025-05-06 02:02:53 --> Session: Class initialized using 'CodeIgniter\Session\Handlers\FileHandler' driver.
INFO - 2025-05-06 02:02:53 --> Controller "App\Controllers\admin\Admin" loaded.
INFO - 2025-05-06 02:02:54 --> Session: Class initialized using 'CodeIgniter\Session\Handlers\FileHandler' driver.
INFO - 2025-05-06 02:02:54 --> Controller "App\Controllers\admin\Admin" loaded.
INFO - 2025-05-06 02:02:59 --> Session: Class initialized using 'CodeIgniter\Session\Handlers\FileHandler' driver.
INFO - 2025-05-06 02:02:59 --> Controller "App\Controllers\admin\Admin" loaded.
INFO - 2025-05-06 02:02:59 --> Session: Class initialized using 'CodeIgniter\Session\Handlers\FileHandler' driver.
INFO - 2025-05-06 02:02:59 --> Controller "App\Controllers\admin\Admin" loaded.
INFO - 2025-05-06 02:03:05 --> Controller "App\Controllers\base\Beranda" loaded.
INFO - 2025-05-06 02:03:08 --> Controller "App\Controllers\base\Beranda" loaded.
INFO - 2025-05-06 02:03:54 --> Controller "App\Controllers\base\Beranda" loaded.
INFO - 2025-05-06 02:03:55 --> Controller "App\Controllers\base\Beranda" loaded.
INFO - 2025-05-06 02:04:21 --> Session: Class initialized using 'CodeIgniter\Session\Handlers\FileHandler' driver.
INFO - 2025-05-06 02:04:21 --> Controller "App\Controllers\admin\Admin" loaded.
INFO - 2025-05-06 02:04:21 --> Session: Class initialized using 'CodeIgniter\Session\Handlers\FileHandler' driver.
INFO - 2025-05-06 02:04:21 --> Controller "App\Controllers\admin\Admin" loaded.
INFO - 2025-05-06 02:04:22 --> Session: Class initialized using 'CodeIgniter\Session\Handlers\FileHandler' driver.
INFO - 2025-05-06 02:04:22 --> Controller "App\Controllers\admin\Admin" loaded.
INFO - 2025-05-06 02:04:28 --> Session: Class initialized using 'CodeIgniter\Session\Handlers\FileHandler' driver.
INFO - 2025-05-06 02:04:28 --> Controller "App\Controllers\admin\Admin" loaded.
INFO - 2025-05-06 02:04:28 --> Session: Class initialized using 'CodeIgniter\Session\Handlers\FileHandler' driver.
INFO - 2025-05-06 02:04:28 --> Controller "App\Controllers\admin\Admin" loaded.
INFO - 2025-05-06 02:04:41 --> Session: Class initialized using 'CodeIgniter\Session\Handlers\FileHandler' driver.
INFO - 2025-05-06 02:04:41 --> Controller "App\Controllers\admin\Admin" loaded.
INFO - 2025-05-06 02:04:49 --> Session: Class initialized using 'CodeIgniter\Session\Handlers\FileHandler' driver.
INFO - 2025-05-06 02:04:49 --> Controller "App\Controllers\admin\Admin" loaded.
INFO - 2025-05-06 02:05:03 --> Session: Class initialized using 'CodeIgniter\Session\Handlers\FileHandler' driver.
INFO - 2025-05-06 02:05:03 --> Controller "App\Controllers\admin\Admin" loaded.
INFO - 2025-05-06 02:05:03 --> Session: Class initialized using 'CodeIgniter\Session\Handlers\FileHandler' driver.
INFO - 2025-05-06 02:05:03 --> Controller "App\Controllers\admin\Admin" loaded.
INFO - 2025-05-06 02:05:38 --> Session: Class initialized using 'CodeIgniter\Session\Handlers\FileHandler' driver.
INFO - 2025-05-06 02:05:38 --> Controller "App\Controllers\admin\Admin" loaded.
INFO - 2025-05-06 02:05:39 --> Session: Class initialized using 'CodeIgniter\Session\Handlers\FileHandler' driver.
INFO - 2025-05-06 02:05:39 --> Controller "App\Controllers\admin\Admin" loaded.
INFO - 2025-05-06 02:05:39 --> Session: Class initialized using 'CodeIgniter\Session\Handlers\FileHandler' driver.
INFO - 2025-05-06 02:05:39 --> Controller "App\Controllers\admin\Admin" loaded.
INFO - 2025-05-06 02:05:43 --> Session: Class initialized using 'CodeIgniter\Session\Handlers\FileHandler' driver.
INFO - 2025-05-06 02:05:43 --> Controller "App\Controllers\admin\Admin" loaded.
INFO - 2025-05-06 02:05:44 --> Session: Class initialized using 'CodeIgniter\Session\Handlers\FileHandler' driver.
INFO - 2025-05-06 02:05:44 --> Controller "App\Controllers\admin\Admin" loaded.
INFO - 2025-05-06 02:05:46 --> Session: Class initialized using 'CodeIgniter\Session\Handlers\FileHandler' driver.
INFO - 2025-05-06 02:05:46 --> Controller "App\Controllers\admin\Admin" loaded.
INFO - 2025-05-06 02:08:32 --> Session: Class initialized using 'CodeIgniter\Session\Handlers\FileHandler' driver.
INFO - 2025-05-06 02:08:32 --> Controller "App\Controllers\admin\Admin" loaded.
INFO - 2025-05-06 02:08:42 --> Session: Class initialized using 'CodeIgniter\Session\Handlers\FileHandler' driver.
INFO - 2025-05-06 02:08:42 --> Controller "App\Controllers\admin\Admin" loaded.
INFO - 2025-05-06 02:09:28 --> Controller "App\Controllers\base\Beranda" loaded.
INFO - 2025-05-06 02:09:28 --> Controller "App\Controllers\base\Beranda" loaded.
INFO - 2025-05-06 02:09:37 --> Controller "App\Controllers\base\Beranda" loaded.
INFO - 2025-05-06 02:09:37 --> Controller "App\Controllers\base\Beranda" loaded.
INFO - 2025-05-06 02:09:45 --> Controller "App\Controllers\base\Beranda" loaded.
INFO - 2025-05-06 02:11:06 --> Controller "App\Controllers\base\Beranda" loaded.
INFO - 2025-05-06 02:11:06 --> Controller "App\Controllers\base\Beranda" loaded.
INFO - 2025-05-06 02:11:08 --> Controller "App\Controllers\base\Beranda" loaded.
INFO - 2025-05-06 02:11:08 --> Controller "App\Controllers\base\Beranda" loaded.
INFO - 2025-05-06 02:13:18 --> Controller "App\Controllers\base\Beranda" loaded.
INFO - 2025-05-06 02:13:18 --> Controller "App\Controllers\base\Beranda" loaded.
INFO - 2025-05-06 02:13:21 --> Controller "App\Controllers\base\Beranda" loaded.
INFO - 2025-05-06 02:13:21 --> Controller "App\Controllers\base\Beranda" loaded.
INFO - 2025-05-06 02:14:45 --> Controller "App\Controllers\base\Beranda" loaded.
INFO - 2025-05-06 02:14:45 --> Controller "App\Controllers\base\Beranda" loaded.
INFO - 2025-05-06 02:14:46 --> Controller "App\Controllers\base\Beranda" loaded.
INFO - 2025-05-06 02:15:57 --> Controller "App\Controllers\base\Beranda" loaded.
INFO - 2025-05-06 02:16:25 --> Controller "App\Controllers\base\Beranda" loaded.
INFO - 2025-05-06 02:17:45 --> Session: Class initialized using 'CodeIgniter\Session\Handlers\FileHandler' driver.
INFO - 2025-05-06 02:17:45 --> Controller "App\Controllers\admin\Admin" loaded.
INFO - 2025-05-06 02:18:38 --> Controller "App\Controllers\base\Beranda" loaded.
INFO - 2025-05-06 02:18:39 --> Controller "App\Controllers\base\Beranda" loaded.
INFO - 2025-05-06 02:19:04 --> Controller "App\Controllers\base\Beranda" loaded.
INFO - 2025-05-06 02:19:04 --> Controller "App\Controllers\base\Beranda" loaded.
INFO - 2025-05-06 02:19:06 --> Controller "App\Controllers\base\Beranda" loaded.
INFO - 2025-05-06 02:20:04 --> Controller "App\Controllers\base\Beranda" loaded.
INFO - 2025-05-06 02:20:04 --> Controller "App\Controllers\base\Beranda" loaded.
INFO - 2025-05-06 02:20:14 --> Session: Class initialized using 'CodeIgniter\Session\Handlers\FileHandler' driver.
INFO - 2025-05-06 02:20:14 --> Controller "App\Controllers\admin\Admin" loaded.
INFO - 2025-05-06 02:21:39 --> Session: Class initialized using 'CodeIgniter\Session\Handlers\FileHandler' driver.
INFO - 2025-05-06 02:21:39 --> Controller "App\Controllers\admin\Admin" loaded.
INFO - 2025-05-06 02:21:39 --> Session: Class initialized using 'CodeIgniter\Session\Handlers\FileHandler' driver.
INFO - 2025-05-06 02:21:39 --> Controller "App\Controllers\admin\Admin" loaded.
INFO - 2025-05-06 02:22:47 --> Session: Class initialized using 'CodeIgniter\Session\Handlers\FileHandler' driver.
INFO - 2025-05-06 02:22:47 --> Controller "App\Controllers\admin\Admin" loaded.
INFO - 2025-05-06 02:22:47 --> Session: Class initialized using 'CodeIgniter\Session\Handlers\FileHandler' driver.
INFO - 2025-05-06 02:22:47 --> Controller "App\Controllers\admin\Admin" loaded.
INFO - 2025-05-06 02:22:48 --> Session: Class initialized using 'CodeIgniter\Session\Handlers\FileHandler' driver.
INFO - 2025-05-06 02:22:48 --> Controller "App\Controllers\admin\Admin" loaded.
INFO - 2025-05-06 02:22:52 --> Session: Class initialized using 'CodeIgniter\Session\Handlers\FileHandler' driver.
INFO - 2025-05-06 02:22:52 --> Controller "App\Controllers\admin\Admin" loaded.
INFO - 2025-05-06 02:22:52 --> Session: Class initialized using 'CodeIgniter\Session\Handlers\FileHandler' driver.
INFO - 2025-05-06 02:22:52 --> Controller "App\Controllers\admin\Admin" loaded.
INFO - 2025-05-06 02:22:56 --> Controller "App\Controllers\base\Beranda" loaded.
INFO - 2025-05-06 02:23:01 --> Session: Class initialized using 'CodeIgniter\Session\Handlers\FileHandler' driver.
INFO - 2025-05-06 02:23:01 --> Controller "App\Controllers\admin\Admin" loaded.
INFO - 2025-05-06 02:23:01 --> Session: Class initialized using 'CodeIgniter\Session\Handlers\FileHandler' driver.
INFO - 2025-05-06 02:23:01 --> Controller "App\Controllers\admin\Admin" loaded.
INFO - 2025-05-06 02:23:19 --> Session: Class initialized using 'CodeIgniter\Session\Handlers\FileHandler' driver.
INFO - 2025-05-06 02:23:19 --> Controller "App\Controllers\admin\Admin" loaded.
INFO - 2025-05-06 02:23:24 --> Session: Class initialized using 'CodeIgniter\Session\Handlers\FileHandler' driver.
INFO - 2025-05-06 02:23:24 --> Controller "App\Controllers\admin\Admin" loaded.
INFO - 2025-05-06 02:23:25 --> Session: Class initialized using 'CodeIgniter\Session\Handlers\FileHandler' driver.
INFO - 2025-05-06 02:23:25 --> Controller "App\Controllers\admin\Admin" loaded.
INFO - 2025-05-06 02:23:27 --> Session: Class initialized using 'CodeIgniter\Session\Handlers\FileHandler' driver.
INFO - 2025-05-06 02:23:27 --> Controller "App\Controllers\admin\Admin" loaded.
INFO - 2025-05-06 02:23:48 --> Controller "App\Controllers\base\Beranda" loaded.
INFO - 2025-05-06 02:24:05 --> Session: Class initialized using 'CodeIgniter\Session\Handlers\FileHandler' driver.
INFO - 2025-05-06 02:24:05 --> Controller "App\Controllers\admin\Admin" loaded.
INFO - 2025-05-06 02:24:05 --> Session: Class initialized using 'CodeIgniter\Session\Handlers\FileHandler' driver.
INFO - 2025-05-06 02:24:05 --> Controller "App\Controllers\admin\Admin" loaded.
INFO - 2025-05-06 02:24:06 --> Session: Class initialized using 'CodeIgniter\Session\Handlers\FileHandler' driver.
INFO - 2025-05-06 02:24:06 --> Controller "App\Controllers\admin\Admin" loaded.
INFO - 2025-05-06 02:24:12 --> Session: Class initialized using 'CodeIgniter\Session\Handlers\FileHandler' driver.
INFO - 2025-05-06 02:24:12 --> Controller "App\Controllers\admin\Admin" loaded.
INFO - 2025-05-06 02:25:48 --> Session: Class initialized using 'CodeIgniter\Session\Handlers\FileHandler' driver.
INFO - 2025-05-06 02:25:48 --> Controller "App\Controllers\admin\Admin" loaded.
INFO - 2025-05-06 02:25:48 --> Session: Class initialized using 'CodeIgniter\Session\Handlers\FileHandler' driver.
INFO - 2025-05-06 02:25:48 --> Controller "App\Controllers\admin\Admin" loaded.
INFO - 2025-05-06 02:26:30 --> Session: Class initialized using 'CodeIgniter\Session\Handlers\FileHandler' driver.
INFO - 2025-05-06 02:26:30 --> Controller "App\Controllers\admin\Admin" loaded.
INFO - 2025-05-06 02:26:30 --> Session: Class initialized using 'CodeIgniter\Session\Handlers\FileHandler' driver.
INFO - 2025-05-06 02:26:30 --> Controller "App\Controllers\admin\Admin" loaded.
INFO - 2025-05-06 02:26:30 --> Session: Class initialized using 'CodeIgniter\Session\Handlers\FileHandler' driver.
INFO - 2025-05-06 02:26:30 --> Controller "App\Controllers\admin\Admin" loaded.
INFO - 2025-05-06 02:26:35 --> Controller "App\Controllers\base\Beranda" loaded.
INFO - 2025-05-06 02:28:43 --> Session: Class initialized using 'CodeIgniter\Session\Handlers\FileHandler' driver.
INFO - 2025-05-06 02:28:43 --> Controller "App\Controllers\admin\Admin" loaded.
INFO - 2025-05-06 02:28:43 --> Session: Class initialized using 'CodeIgniter\Session\Handlers\FileHandler' driver.
INFO - 2025-05-06 02:28:43 --> Controller "App\Controllers\admin\Admin" loaded.
INFO - 2025-05-06 02:28:51 --> Session: Class initialized using 'CodeIgniter\Session\Handlers\FileHandler' driver.
INFO - 2025-05-06 02:28:51 --> Controller "App\Controllers\admin\Admin" loaded.
INFO - 2025-05-06 02:28:51 --> Session: Class initialized using 'CodeIgniter\Session\Handlers\FileHandler' driver.
INFO - 2025-05-06 02:28:51 --> Controller "App\Controllers\admin\Admin" loaded.
INFO - 2025-05-06 02:28:54 --> Session: Class initialized using 'CodeIgniter\Session\Handlers\FileHandler' driver.
INFO - 2025-05-06 02:28:54 --> Controller "App\Controllers\admin\Admin" loaded.
INFO - 2025-05-06 02:28:55 --> Session: Class initialized using 'CodeIgniter\Session\Handlers\FileHandler' driver.
INFO - 2025-05-06 02:28:55 --> Controller "App\Controllers\admin\Admin" loaded.
INFO - 2025-05-06 02:28:59 --> Controller "App\Controllers\base\Beranda" loaded.
INFO - 2025-05-06 02:29:01 --> Controller "App\Controllers\base\Beranda" loaded.
INFO - 2025-05-06 02:29:03 --> Controller "App\Controllers\base\Beranda" loaded.
INFO - 2025-05-06 02:29:07 --> Controller "App\Controllers\base\Beranda" loaded.
INFO - 2025-05-06 02:29:07 --> Controller "App\Controllers\base\Beranda" loaded.
INFO - 2025-05-06 02:29:14 --> Session: Class initialized using 'CodeIgniter\Session\Handlers\FileHandler' driver.
INFO - 2025-05-06 02:29:14 --> Controller "App\Controllers\admin\Admin" loaded.
INFO - 2025-05-06 02:29:14 --> Session: Class initialized using 'CodeIgniter\Session\Handlers\FileHandler' driver.
INFO - 2025-05-06 02:29:14 --> Controller "App\Controllers\admin\Admin" loaded.
INFO - 2025-05-06 02:29:31 --> Session: Class initialized using 'CodeIgniter\Session\Handlers\FileHandler' driver.
INFO - 2025-05-06 02:29:31 --> Controller "App\Controllers\admin\Admin" loaded.
INFO - 2025-05-06 02:29:31 --> Session: Class initialized using 'CodeIgniter\Session\Handlers\FileHandler' driver.
INFO - 2025-05-06 02:29:31 --> Controller "App\Controllers\admin\Admin" loaded.
INFO - 2025-05-06 02:29:32 --> Session: Class initialized using 'CodeIgniter\Session\Handlers\FileHandler' driver.
INFO - 2025-05-06 02:29:32 --> Controller "App\Controllers\admin\Admin" loaded.
INFO - 2025-05-06 02:29:35 --> Session: Class initialized using 'CodeIgniter\Session\Handlers\FileHandler' driver.
INFO - 2025-05-06 02:29:35 --> Controller "App\Controllers\admin\Admin" loaded.
INFO - 2025-05-06 02:29:35 --> Session: Class initialized using 'CodeIgniter\Session\Handlers\FileHandler' driver.
INFO - 2025-05-06 02:29:35 --> Controller "App\Controllers\admin\Admin" loaded.
INFO - 2025-05-06 02:29:37 --> Controller "App\Controllers\base\Beranda" loaded.
INFO - 2025-05-06 02:31:39 --> Session: Class initialized using 'CodeIgniter\Session\Handlers\FileHandler' driver.
INFO - 2025-05-06 02:31:39 --> Controller "App\Controllers\admin\Admin" loaded.
INFO - 2025-05-06 02:33:29 --> Session: Class initialized using 'CodeIgniter\Session\Handlers\FileHandler' driver.
INFO - 2025-05-06 02:33:29 --> Controller "App\Controllers\admin\Admin" loaded.
INFO - 2025-05-06 02:33:29 --> Session: Class initialized using 'CodeIgniter\Session\Handlers\FileHandler' driver.
INFO - 2025-05-06 02:33:29 --> Controller "App\Controllers\admin\Admin" loaded.
INFO - 2025-05-06 02:33:45 --> Session: Class initialized using 'CodeIgniter\Session\Handlers\FileHandler' driver.
INFO - 2025-05-06 02:33:45 --> Controller "App\Controllers\admin\Admin" loaded.
INFO - 2025-05-06 02:33:46 --> Session: Class initialized using 'CodeIgniter\Session\Handlers\FileHandler' driver.
INFO - 2025-05-06 02:33:46 --> Controller "App\Controllers\admin\Admin" loaded.
INFO - 2025-05-06 02:33:46 --> Session: Class initialized using 'CodeIgniter\Session\Handlers\FileHandler' driver.
INFO - 2025-05-06 02:33:46 --> Controller "App\Controllers\admin\Admin" loaded.
INFO - 2025-05-06 02:33:53 --> Session: Class initialized using 'CodeIgniter\Session\Handlers\FileHandler' driver.
INFO - 2025-05-06 02:33:53 --> Controller "App\Controllers\admin\Admin" loaded.
INFO - 2025-05-06 02:33:54 --> Session: Class initialized using 'CodeIgniter\Session\Handlers\FileHandler' driver.
INFO - 2025-05-06 02:33:54 --> Controller "App\Controllers\admin\Admin" loaded.
INFO - 2025-05-06 02:33:56 --> Session: Class initialized using 'CodeIgniter\Session\Handlers\FileHandler' driver.
INFO - 2025-05-06 02:33:56 --> Controller "App\Controllers\admin\Admin" loaded.
INFO - 2025-05-06 02:34:35 --> Session: Class initialized using 'CodeIgniter\Session\Handlers\FileHandler' driver.
INFO - 2025-05-06 02:34:35 --> Controller "App\Controllers\admin\Admin" loaded.
INFO - 2025-05-06 02:34:49 --> Session: Class initialized using 'CodeIgniter\Session\Handlers\FileHandler' driver.
INFO - 2025-05-06 02:34:49 --> Controller "App\Controllers\admin\Admin" loaded.
INFO - 2025-05-06 02:34:50 --> Session: Class initialized using 'CodeIgniter\Session\Handlers\FileHandler' driver.
INFO - 2025-05-06 02:34:50 --> Controller "App\Controllers\admin\Admin" loaded.
INFO - 2025-05-06 02:34:52 --> Session: Class initialized using 'CodeIgniter\Session\Handlers\FileHandler' driver.
INFO - 2025-05-06 02:34:52 --> Controller "App\Controllers\admin\Admin" loaded.
INFO - 2025-05-06 02:34:52 --> Session: Class initialized using 'CodeIgniter\Session\Handlers\FileHandler' driver.
INFO - 2025-05-06 02:34:52 --> Controller "App\Controllers\admin\Admin" loaded.
INFO - 2025-05-06 02:34:54 --> Controller "App\Controllers\base\Beranda" loaded.
INFO - 2025-05-06 02:34:59 --> Session: Class initialized using 'CodeIgniter\Session\Handlers\FileHandler' driver.
INFO - 2025-05-06 02:34:59 --> Controller "App\Controllers\admin\Admin" loaded.
INFO - 2025-05-06 02:35:36 --> Session: Class initialized using 'CodeIgniter\Session\Handlers\FileHandler' driver.
INFO - 2025-05-06 02:35:36 --> Controller "App\Controllers\admin\Admin" loaded.
INFO - 2025-05-06 02:35:36 --> Session: Class initialized using 'CodeIgniter\Session\Handlers\FileHandler' driver.
INFO - 2025-05-06 02:35:36 --> Controller "App\Controllers\admin\Admin" loaded.
INFO - 2025-05-06 02:35:49 --> Session: Class initialized using 'CodeIgniter\Session\Handlers\FileHandler' driver.
INFO - 2025-05-06 02:35:49 --> Controller "App\Controllers\admin\Admin" loaded.
INFO - 2025-05-06 02:35:49 --> Session: Class initialized using 'CodeIgniter\Session\Handlers\FileHandler' driver.
INFO - 2025-05-06 02:35:49 --> Controller "App\Controllers\admin\Admin" loaded.
INFO - 2025-05-06 02:35:49 --> Session: Class initialized using 'CodeIgniter\Session\Handlers\FileHandler' driver.
INFO - 2025-05-06 02:35:49 --> Controller "App\Controllers\admin\Admin" loaded.
INFO - 2025-05-06 02:35:52 --> Session: Class initialized using 'CodeIgniter\Session\Handlers\FileHandler' driver.
INFO - 2025-05-06 02:35:52 --> Controller "App\Controllers\admin\Admin" loaded.
INFO - 2025-05-06 02:35:53 --> Session: Class initialized using 'CodeIgniter\Session\Handlers\FileHandler' driver.
INFO - 2025-05-06 02:35:53 --> Controller "App\Controllers\admin\Admin" loaded.
INFO - 2025-05-06 02:35:56 --> Session: Class initialized using 'CodeIgniter\Session\Handlers\FileHandler' driver.
INFO - 2025-05-06 02:35:56 --> Controller "App\Controllers\admin\Admin" loaded.
INFO - 2025-05-06 02:36:07 --> Controller "App\Controllers\base\Beranda" loaded.
INFO - 2025-05-06 02:36:48 --> Session: Class initialized using 'CodeIgniter\Session\Handlers\FileHandler' driver.
INFO - 2025-05-06 02:36:48 --> Controller "App\Controllers\admin\Admin" loaded.
INFO - 2025-05-06 02:36:49 --> Session: Class initialized using 'CodeIgniter\Session\Handlers\FileHandler' driver.
INFO - 2025-05-06 02:36:49 --> Controller "App\Controllers\admin\Admin" loaded.
INFO - 2025-05-06 02:38:02 --> Session: Class initialized using 'CodeIgniter\Session\Handlers\FileHandler' driver.
INFO - 2025-05-06 02:38:03 --> Controller "App\Controllers\admin\Admin" loaded.
INFO - 2025-05-06 02:38:03 --> Session: Class initialized using 'CodeIgniter\Session\Handlers\FileHandler' driver.
INFO - 2025-05-06 02:38:03 --> Controller "App\Controllers\admin\Admin" loaded.
INFO - 2025-05-06 02:38:20 --> Session: Class initialized using 'CodeIgniter\Session\Handlers\FileHandler' driver.
INFO - 2025-05-06 02:38:20 --> Controller "App\Controllers\admin\Admin" loaded.
INFO - 2025-05-06 02:38:21 --> Session: Class initialized using 'CodeIgniter\Session\Handlers\FileHandler' driver.
INFO - 2025-05-06 02:38:21 --> Controller "App\Controllers\admin\Admin" loaded.
INFO - 2025-05-06 02:38:27 --> Controller "App\Controllers\base\Beranda" loaded.
INFO - 2025-05-06 02:38:35 --> Session: Class initialized using 'CodeIgniter\Session\Handlers\FileHandler' driver.
INFO - 2025-05-06 02:38:35 --> Controller "App\Controllers\admin\Admin" loaded.
INFO - 2025-05-06 02:38:35 --> Session: Class initialized using 'CodeIgniter\Session\Handlers\FileHandler' driver.
INFO - 2025-05-06 02:38:35 --> Controller "App\Controllers\admin\Admin" loaded.
INFO - 2025-05-06 02:47:28 --> Session: Class initialized using 'CodeIgniter\Session\Handlers\FileHandler' driver.
INFO - 2025-05-06 02:47:28 --> Controller "App\Controllers\admin\Admin" loaded.
INFO - 2025-05-06 02:47:38 --> Session: Class initialized using 'CodeIgniter\Session\Handlers\FileHandler' driver.
INFO - 2025-05-06 02:47:38 --> Controller "App\Controllers\admin\Admin" loaded.
INFO - 2025-05-06 02:47:40 --> Controller "App\Controllers\base\Beranda" loaded.
INFO - 2025-05-06 02:47:47 --> Session: Class initialized using 'CodeIgniter\Session\Handlers\FileHandler' driver.
INFO - 2025-05-06 02:47:47 --> Controller "App\Controllers\base\Dashboard" loaded.
INFO - 2025-05-06 02:47:47 --> Session: Class initialized using 'CodeIgniter\Session\Handlers\FileHandler' driver.
INFO - 2025-05-06 02:47:47 --> Controller "App\Controllers\base\Dashboard" loaded.
INFO - 2025-05-06 02:47:52 --> Controller "App\Controllers\base\Beranda" loaded.
INFO - 2025-05-06 02:47:52 --> Controller "App\Controllers\base\Beranda" loaded.
INFO - 2025-05-06 02:48:54 --> Session: Class initialized using 'CodeIgniter\Session\Handlers\FileHandler' driver.
INFO - 2025-05-06 02:48:54 --> Controller "App\Controllers\base\Dashboard" loaded.
INFO - 2025-05-06 02:48:54 --> Controller "App\Controllers\base\Beranda" loaded.
INFO - 2025-05-06 02:48:54 --> Controller "App\Controllers\base\Beranda" loaded.
INFO - 2025-05-06 02:50:03 --> Controller "App\Controllers\base\Beranda" loaded.
INFO - 2025-05-06 02:50:03 --> Controller "App\Controllers\base\Beranda" loaded.
INFO - 2025-05-06 02:51:18 --> Session: Class initialized using 'CodeIgniter\Session\Handlers\FileHandler' driver.
INFO - 2025-05-06 02:51:18 --> Controller "App\Controllers\base\Dashboard" loaded.
INFO - 2025-05-06 02:51:18 --> Controller "App\Controllers\base\Beranda" loaded.
INFO - 2025-05-06 02:51:18 --> Controller "App\Controllers\base\Beranda" loaded.
INFO - 2025-05-06 02:53:12 --> Session: Class initialized using 'CodeIgniter\Session\Handlers\FileHandler' driver.
INFO - 2025-05-06 02:53:12 --> Controller "App\Controllers\base\Dashboard" loaded.
INFO - 2025-05-06 02:53:12 --> Controller "App\Controllers\base\Beranda" loaded.
INFO - 2025-05-06 02:53:12 --> Controller "App\Controllers\base\Beranda" loaded.
INFO - 2025-05-06 02:53:50 --> Session: Class initialized using 'CodeIgniter\Session\Handlers\FileHandler' driver.
INFO - 2025-05-06 02:53:50 --> Controller "App\Controllers\base\Dashboard" loaded.
INFO - 2025-05-06 02:53:50 --> Controller "App\Controllers\base\Beranda" loaded.
INFO - 2025-05-06 02:53:50 --> Controller "App\Controllers\base\Beranda" loaded.
INFO - 2025-05-06 02:53:51 --> Session: Class initialized using 'CodeIgniter\Session\Handlers\FileHandler' driver.
INFO - 2025-05-06 02:53:51 --> Controller "App\Controllers\base\Dashboard" loaded.
INFO - 2025-05-06 02:53:52 --> Controller "App\Controllers\base\Beranda" loaded.
INFO - 2025-05-06 02:53:52 --> Controller "App\Controllers\base\Beranda" loaded.
INFO - 2025-05-06 02:54:04 --> Session: Class initialized using 'CodeIgniter\Session\Handlers\FileHandler' driver.
INFO - 2025-05-06 02:54:04 --> Controller "App\Controllers\base\Dashboard" loaded.
INFO - 2025-05-06 02:54:04 --> Controller "App\Controllers\base\Beranda" loaded.
INFO - 2025-05-06 02:54:05 --> Controller "App\Controllers\base\Beranda" loaded.
INFO - 2025-05-06 02:54:06 --> Session: Class initialized using 'CodeIgniter\Session\Handlers\FileHandler' driver.
INFO - 2025-05-06 02:54:06 --> Controller "App\Controllers\base\Dashboard" loaded.
INFO - 2025-05-06 02:54:06 --> Controller "App\Controllers\base\Beranda" loaded.
INFO - 2025-05-06 02:54:06 --> Controller "App\Controllers\base\Beranda" loaded.
INFO - 2025-05-06 02:54:40 --> Session: Class initialized using 'CodeIgniter\Session\Handlers\FileHandler' driver.
INFO - 2025-05-06 02:54:40 --> Controller "App\Controllers\base\Dashboard" loaded.
INFO - 2025-05-06 02:54:40 --> Controller "App\Controllers\base\Beranda" loaded.
INFO - 2025-05-06 02:54:40 --> Controller "App\Controllers\base\Beranda" loaded.
INFO - 2025-05-06 02:54:41 --> Session: Class initialized using 'CodeIgniter\Session\Handlers\FileHandler' driver.
INFO - 2025-05-06 02:54:41 --> Controller "App\Controllers\base\Dashboard" loaded.
INFO - 2025-05-06 02:54:41 --> Controller "App\Controllers\base\Beranda" loaded.
INFO - 2025-05-06 02:54:41 --> Controller "App\Controllers\base\Beranda" loaded.
INFO - 2025-05-06 02:54:49 --> Session: Class initialized using 'CodeIgniter\Session\Handlers\FileHandler' driver.
INFO - 2025-05-06 02:54:49 --> Controller "App\Controllers\base\Dashboard" loaded.
INFO - 2025-05-06 02:55:41 --> Session: Class initialized using 'CodeIgniter\Session\Handlers\FileHandler' driver.
INFO - 2025-05-06 02:55:41 --> Controller "App\Controllers\base\Dashboard" loaded.
INFO - 2025-05-06 02:55:42 --> Session: Class initialized using 'CodeIgniter\Session\Handlers\FileHandler' driver.
INFO - 2025-05-06 02:55:42 --> Controller "App\Controllers\base\Dashboard" loaded.
INFO - 2025-05-06 02:55:46 --> Controller "App\Controllers\base\Beranda" loaded.
INFO - 2025-05-06 02:55:46 --> Controller "App\Controllers\base\Beranda" loaded.
INFO - 2025-05-06 02:56:26 --> Session: Class initialized using 'CodeIgniter\Session\Handlers\FileHandler' driver.
INFO - 2025-05-06 02:56:26 --> Controller "App\Controllers\base\Dashboard" loaded.
INFO - 2025-05-06 02:56:26 --> Controller "App\Controllers\base\Beranda" loaded.
INFO - 2025-05-06 02:56:26 --> Controller "App\Controllers\base\Beranda" loaded.
INFO - 2025-05-06 02:56:32 --> Session: Class initialized using 'CodeIgniter\Session\Handlers\FileHandler' driver.
INFO - 2025-05-06 02:56:32 --> Controller "App\Controllers\base\Dashboard" loaded.
INFO - 2025-05-06 02:56:38 --> Session: Class initialized using 'CodeIgniter\Session\Handlers\FileHandler' driver.
INFO - 2025-05-06 02:56:38 --> Controller "App\Controllers\base\Dashboard" loaded.
INFO - 2025-05-06 02:56:41 --> Session: Class initialized using 'CodeIgniter\Session\Handlers\FileHandler' driver.
INFO - 2025-05-06 02:56:41 --> Controller "App\Controllers\base\Dashboard" loaded.
INFO - 2025-05-06 02:57:08 --> Session: Class initialized using 'CodeIgniter\Session\Handlers\FileHandler' driver.
INFO - 2025-05-06 02:57:08 --> Controller "App\Controllers\base\Dashboard" loaded.
INFO - 2025-05-06 02:57:08 --> Controller "App\Controllers\base\Beranda" loaded.
INFO - 2025-05-06 02:57:08 --> Controller "App\Controllers\base\Beranda" loaded.
INFO - 2025-05-06 02:57:08 --> Controller "App\Controllers\base\Beranda" loaded.
INFO - 2025-05-06 02:57:10 --> Session: Class initialized using 'CodeIgniter\Session\Handlers\FileHandler' driver.
INFO - 2025-05-06 02:57:10 --> Controller "App\Controllers\base\Dashboard" loaded.
INFO - 2025-05-06 02:57:16 --> Session: Class initialized using 'CodeIgniter\Session\Handlers\FileHandler' driver.
INFO - 2025-05-06 02:57:16 --> Controller "App\Controllers\admin\Admin" loaded.
INFO - 2025-05-06 02:57:20 --> Session: Class initialized using 'CodeIgniter\Session\Handlers\FileHandler' driver.
INFO - 2025-05-06 02:57:20 --> Controller "App\Controllers\admin\Admin" loaded.
INFO - 2025-05-06 02:57:21 --> Session: Class initialized using 'CodeIgniter\Session\Handlers\FileHandler' driver.
INFO - 2025-05-06 02:57:21 --> Controller "App\Controllers\admin\Admin" loaded.
INFO - 2025-05-06 02:57:24 --> Session: Class initialized using 'CodeIgniter\Session\Handlers\FileHandler' driver.
INFO - 2025-05-06 02:57:24 --> Controller "App\Controllers\admin\Admin" loaded.
INFO - 2025-05-06 02:57:40 --> Session: Class initialized using 'CodeIgniter\Session\Handlers\FileHandler' driver.
INFO - 2025-05-06 02:57:40 --> Controller "App\Controllers\admin\Admin" loaded.
INFO - 2025-05-06 02:58:32 --> Session: Class initialized using 'CodeIgniter\Session\Handlers\FileHandler' driver.
INFO - 2025-05-06 02:58:32 --> Controller "App\Controllers\admin\Admin" loaded.
INFO - 2025-05-06 02:58:32 --> Session: Class initialized using 'CodeIgniter\Session\Handlers\FileHandler' driver.
INFO - 2025-05-06 02:58:32 --> Controller "App\Controllers\admin\Admin" loaded.
INFO - 2025-05-06 02:58:39 --> Session: Class initialized using 'CodeIgniter\Session\Handlers\FileHandler' driver.
INFO - 2025-05-06 02:58:39 --> Controller "App\Controllers\admin\Admin" loaded.
INFO - 2025-05-06 02:58:42 --> Controller "App\Controllers\base\Beranda" loaded.
INFO - 2025-05-06 02:58:50 --> Controller "App\Controllers\base\Beranda" loaded.
INFO - 2025-05-06 02:58:54 --> Controller "App\Controllers\base\Beranda" loaded.
INFO - 2025-05-06 02:59:00 --> Controller "App\Controllers\base\Beranda" loaded.
INFO - 2025-05-06 02:59:42 --> Controller "App\Controllers\base\Beranda" loaded.
INFO - 2025-05-06 03:00:14 --> Session: Class initialized using 'CodeIgniter\Session\Handlers\FileHandler' driver.
INFO - 2025-05-06 03:00:14 --> Controller "App\Controllers\admin\Admin" loaded.
INFO - 2025-05-06 03:00:23 --> Session: Class initialized using 'CodeIgniter\Session\Handlers\FileHandler' driver.
INFO - 2025-05-06 03:00:23 --> Controller "App\Controllers\admin\Admin" loaded.
INFO - 2025-05-06 03:00:26 --> Session: Class initialized using 'CodeIgniter\Session\Handlers\FileHandler' driver.
INFO - 2025-05-06 03:00:26 --> Controller "App\Controllers\admin\Admin" loaded.
INFO - 2025-05-06 03:00:29 --> Session: Class initialized using 'CodeIgniter\Session\Handlers\FileHandler' driver.
INFO - 2025-05-06 03:00:29 --> Controller "App\Controllers\admin\Admin" loaded.
INFO - 2025-05-06 03:00:43 --> Controller "App\Controllers\base\Beranda" loaded.
INFO - 2025-05-06 03:01:02 --> Session: Class initialized using 'CodeIgniter\Session\Handlers\FileHandler' driver.
INFO - 2025-05-06 03:01:02 --> Controller "App\Controllers\admin\Admin" loaded.
INFO - 2025-05-06 03:01:13 --> Controller "App\Controllers\base\Beranda" loaded.
INFO - 2025-05-06 03:01:17 --> Controller "App\Controllers\base\Beranda" loaded.
INFO - 2025-05-06 03:01:52 --> Controller "App\Controllers\base\Beranda" loaded.
INFO - 2025-05-06 03:01:52 --> Controller "App\Controllers\base\Beranda" loaded.
INFO - 2025-05-06 03:01:53 --> Controller "App\Controllers\base\Beranda" loaded.
INFO - 2025-05-06 03:02:14 --> Session: Class initialized using 'CodeIgniter\Session\Handlers\FileHandler' driver.
INFO - 2025-05-06 03:02:14 --> Controller "App\Controllers\admin\Admin" loaded.
INFO - 2025-05-06 03:02:15 --> Session: Class initialized using 'CodeIgniter\Session\Handlers\FileHandler' driver.
INFO - 2025-05-06 03:02:15 --> Controller "App\Controllers\admin\Admin" loaded.
INFO - 2025-05-06 03:02:16 --> Session: Class initialized using 'CodeIgniter\Session\Handlers\FileHandler' driver.
INFO - 2025-05-06 03:02:16 --> Controller "App\Controllers\admin\Admin" loaded.
INFO - 2025-05-06 03:02:19 --> Session: Class initialized using 'CodeIgniter\Session\Handlers\FileHandler' driver.
INFO - 2025-05-06 03:02:19 --> Controller "App\Controllers\admin\Admin" loaded.
INFO - 2025-05-06 03:02:56 --> Session: Class initialized using 'CodeIgniter\Session\Handlers\FileHandler' driver.
INFO - 2025-05-06 03:02:56 --> Controller "App\Controllers\admin\Admin" loaded.
INFO - 2025-05-06 03:02:56 --> Session: Class initialized using 'CodeIgniter\Session\Handlers\FileHandler' driver.
INFO - 2025-05-06 03:02:56 --> Controller "App\Controllers\admin\Admin" loaded.
INFO - 2025-05-06 03:03:04 --> Controller "App\Controllers\base\Beranda" loaded.
INFO - 2025-05-06 03:03:10 --> Controller "App\Controllers\base\Beranda" loaded.
INFO - 2025-05-06 03:03:10 --> Controller "App\Controllers\base\Beranda" loaded.
INFO - 2025-05-06 03:03:25 --> Controller "App\Controllers\base\Beranda" loaded.
INFO - 2025-05-06 03:03:25 --> Controller "App\Controllers\base\Beranda" loaded.
INFO - 2025-05-06 03:03:25 --> Controller "App\Controllers\base\Beranda" loaded.
INFO - 2025-05-06 03:03:25 --> Controller "App\Controllers\base\Beranda" loaded.
INFO - 2025-05-06 03:04:17 --> Session: Class initialized using 'CodeIgniter\Session\Handlers\FileHandler' driver.
INFO - 2025-05-06 03:04:17 --> Controller "App\Controllers\base\Order" loaded.
INFO - 2025-05-06 03:04:19 --> Controller "App\Controllers\base\Beranda" loaded.
INFO - 2025-05-06 03:04:20 --> Controller "App\Controllers\base\Beranda" loaded.
INFO - 2025-05-06 03:04:47 --> Controller "App\Controllers\base\Beranda" loaded.
INFO - 2025-05-06 03:04:50 --> Controller "App\Controllers\base\Beranda" loaded.
INFO - 2025-05-06 03:05:05 --> Controller "App\Controllers\base\Beranda" loaded.
INFO - 2025-05-06 03:05:42 --> Controller "App\Controllers\base\Beranda" loaded.
INFO - 2025-05-06 03:05:47 --> Controller "App\Controllers\base\Beranda" loaded.
INFO - 2025-05-06 03:05:47 --> Controller "App\Controllers\base\Beranda" loaded.
INFO - 2025-05-06 03:06:24 --> Controller "App\Controllers\base\Beranda" loaded.
INFO - 2025-05-06 03:06:40 --> Session: Class initialized using 'CodeIgniter\Session\Handlers\FileHandler' driver.
INFO - 2025-05-06 03:06:40 --> Controller "App\Controllers\admin\Admin" loaded.
INFO - 2025-05-06 03:06:40 --> Session: Class initialized using 'CodeIgniter\Session\Handlers\FileHandler' driver.
INFO - 2025-05-06 03:06:40 --> Controller "App\Controllers\admin\Admin" loaded.
INFO - 2025-05-06 03:06:45 --> Controller "App\Controllers\base\Beranda" loaded.
INFO - 2025-05-06 03:06:45 --> Controller "App\Controllers\base\Beranda" loaded.
INFO - 2025-05-06 03:07:15 --> Session: Class initialized using 'CodeIgniter\Session\Handlers\FileHandler' driver.
INFO - 2025-05-06 03:07:15 --> Controller "App\Controllers\admin\Admin" loaded.
INFO - 2025-05-06 03:07:16 --> Session: Class initialized using 'CodeIgniter\Session\Handlers\FileHandler' driver.
INFO - 2025-05-06 03:07:16 --> Controller "App\Controllers\admin\Admin" loaded.
INFO - 2025-05-06 03:07:37 --> Session: Class initialized using 'CodeIgniter\Session\Handlers\FileHandler' driver.
INFO - 2025-05-06 03:07:37 --> Controller "App\Controllers\admin\Admin" loaded.
INFO - 2025-05-06 03:07:38 --> Session: Class initialized using 'CodeIgniter\Session\Handlers\FileHandler' driver.
INFO - 2025-05-06 03:07:38 --> Controller "App\Controllers\admin\Admin" loaded.
INFO - 2025-05-06 03:07:41 --> Controller "App\Controllers\base\Beranda" loaded.
INFO - 2025-05-06 03:07:41 --> Controller "App\Controllers\base\Beranda" loaded.
INFO - 2025-05-06 03:08:03 --> Controller "App\Controllers\base\Beranda" loaded.
INFO - 2025-05-06 03:08:07 --> Controller "App\Controllers\base\Beranda" loaded.
INFO - 2025-05-06 03:26:45 --> Controller "App\Controllers\base\Beranda" loaded.
INFO - 2025-05-06 03:27:32 --> Controller "App\Controllers\base\Beranda" loaded.
INFO - 2025-05-06 03:29:40 --> Controller "App\Controllers\base\Beranda" loaded.
INFO - 2025-05-06 03:30:58 --> Controller "App\Controllers\base\Beranda" loaded.
INFO - 2025-05-06 03:31:27 --> Controller "App\Controllers\base\Beranda" loaded.
INFO - 2025-05-06 03:32:20 --> Controller "App\Controllers\base\Beranda" loaded.
INFO - 2025-05-06 03:41:53 --> Controller "App\Controllers\base\Beranda" loaded.
INFO - 2025-05-06 03:42:18 --> Controller "App\Controllers\base\Beranda" loaded.
INFO - 2025-05-06 03:43:54 --> Controller "App\Controllers\base\Beranda" loaded.
INFO - 2025-05-06 05:20:31 --> Controller "CodeIgniter\CLI\CommandRunner" loaded.
INFO - 2025-05-06 05:20:36 --> Controller "App\Controllers\base\Beranda" loaded.
INFO - 2025-05-06 05:20:50 --> Controller "App\Controllers\base\Beranda" loaded.
INFO - 2025-05-06 05:20:54 --> Controller "App\Controllers\base\Beranda" loaded.
INFO - 2025-05-06 05:21:03 --> Controller "App\Controllers\base\Beranda" loaded.
INFO - 2025-05-06 05:21:07 --> Controller "App\Controllers\base\Beranda" loaded.
INFO - 2025-05-06 05:21:11 --> Controller "App\Controllers\base\Beranda" loaded.
INFO - 2025-05-06 05:21:18 --> Controller "App\Controllers\base\Beranda" loaded.
INFO - 2025-05-06 05:22:02 --> Controller "App\Controllers\base\Beranda" loaded.
INFO - 2025-05-06 05:22:06 --> Controller "App\Controllers\base\Beranda" loaded.
INFO - 2025-05-06 05:22:19 --> Controller "App\Controllers\base\Beranda" loaded.
INFO - 2025-05-06 05:33:57 --> Session: Class initialized using 'CodeIgniter\Session\Handlers\FileHandler' driver.
INFO - 2025-05-06 05:33:57 --> Session: Class initialized using 'CodeIgniter\Session\Handlers\FileHandler' driver.
INFO - 2025-05-06 05:33:57 --> Controller "App\Controllers\admin\Admin" loaded.
INFO - 2025-05-06 05:34:05 --> Session: Class initialized using 'CodeIgniter\Session\Handlers\FileHandler' driver.
INFO - 2025-05-06 05:34:05 --> Controller "App\Controllers\admin\Admin" loaded.
INFO - 2025-05-06 05:34:05 --> Session: Class initialized using 'CodeIgniter\Session\Handlers\FileHandler' driver.
INFO - 2025-05-06 05:34:05 --> Controller "App\Controllers\admin\Admin" loaded.
INFO - 2025-05-06 05:34:10 --> Session: Class initialized using 'CodeIgniter\Session\Handlers\FileHandler' driver.
INFO - 2025-05-06 05:34:10 --> Controller "App\Controllers\admin\Admin" loaded.
INFO - 2025-05-06 05:37:40 --> Session: Class initialized using 'CodeIgniter\Session\Handlers\FileHandler' driver.
INFO - 2025-05-06 05:37:40 --> Controller "App\Controllers\admin\Admin" loaded.
INFO - 2025-05-06 05:37:41 --> Session: Class initialized using 'CodeIgniter\Session\Handlers\FileHandler' driver.
INFO - 2025-05-06 05:37:41 --> Controller "App\Controllers\admin\Admin" loaded.
INFO - 2025-05-06 05:37:49 --> Controller "App\Controllers\base\Beranda" loaded.
INFO - 2025-05-06 05:41:06 --> Controller "App\Controllers\base\Beranda" loaded.
INFO - 2025-05-06 05:42:01 --> Controller "App\Controllers\base\Beranda" loaded.
INFO - 2025-05-06 05:42:08 --> Controller "App\Controllers\base\Beranda" loaded.
INFO - 2025-05-06 05:49:49 --> Session: Class initialized using 'CodeIgniter\Session\Handlers\FileHandler' driver.
INFO - 2025-05-06 05:49:49 --> Controller "App\Controllers\admin\Admin" loaded.
INFO - 2025-05-06 07:09:59 --> Controller "App\Controllers\base\Beranda" loaded.
INFO - 2025-05-06 07:09:59 --> Controller "App\Controllers\base\Beranda" loaded.
INFO - 2025-05-06 07:10:01 --> Controller "App\Controllers\base\Beranda" loaded.
