INFO - 2025-04-11 00:03:29 --> Session: Class initialized using 'CodeIgniter\Session\Handlers\FileHandler' driver.
INFO - 2025-04-11 00:03:29 --> Controller "App\Controllers\base\Dashboard" loaded.
INFO - 2025-04-11 00:04:07 --> Session: Class initialized using 'CodeIgniter\Session\Handlers\FileHandler' driver.
INFO - 2025-04-11 00:04:07 --> Controller "App\Controllers\base\Dashboard" loaded.
INFO - 2025-04-11 00:04:08 --> Controller "App\Controllers\base\Beranda" loaded.
INFO - 2025-04-11 00:04:49 --> Controller "App\Controllers\base\Beranda" loaded.
INFO - 2025-04-11 00:04:52 --> Controller "App\Controllers\base\Beranda" loaded.
INFO - 2025-04-11 00:04:57 --> Controller "App\Controllers\base\Beranda" loaded.
INFO - 2025-04-11 00:04:59 --> Controller "App\Controllers\base\Beranda" loaded.
INFO - 2025-04-11 00:05:50 --> Controller "App\Controllers\base\Beranda" loaded.
INFO - 2025-04-11 00:05:53 --> Controller "App\Controllers\base\Beranda" loaded.
INFO - 2025-04-11 00:05:59 --> Controller "App\Controllers\base\Beranda" loaded.
INFO - 2025-04-11 01:55:39 --> Controller "CodeIgniter\CLI\CommandRunner" loaded.
INFO - 2025-04-11 01:55:57 --> Controller "App\Controllers\base\Beranda" loaded.
INFO - 2025-04-11 02:05:52 --> Controller "App\Controllers\base\Beranda" loaded.
INFO - 2025-04-11 02:05:58 --> Controller "App\Controllers\base\Beranda" loaded.
INFO - 2025-04-11 02:06:02 --> Controller "App\Controllers\base\Beranda" loaded.
INFO - 2025-04-11 02:06:19 --> Controller "App\Controllers\base\Beranda" loaded.
INFO - 2025-04-11 02:11:12 --> Controller "App\Controllers\base\Beranda" loaded.
INFO - 2025-04-11 02:11:16 --> Controller "App\Controllers\base\Beranda" loaded.
INFO - 2025-04-11 02:11:22 --> Controller "App\Controllers\base\Beranda" loaded.
INFO - 2025-04-11 02:13:18 --> Controller "App\Controllers\base\Beranda" loaded.
INFO - 2025-04-11 02:13:21 --> Controller "App\Controllers\base\Beranda" loaded.
INFO - 2025-04-11 02:13:24 --> Controller "App\Controllers\base\Beranda" loaded.
INFO - 2025-04-11 02:13:32 --> Controller "App\Controllers\base\Beranda" loaded.
INFO - 2025-04-11 02:17:16 --> Controller "App\Controllers\base\Beranda" loaded.
INFO - 2025-04-11 02:17:21 --> Controller "App\Controllers\base\Beranda" loaded.
INFO - 2025-04-11 02:18:25 --> Controller "App\Controllers\base\Beranda" loaded.
INFO - 2025-04-11 02:19:05 --> Controller "App\Controllers\base\Beranda" loaded.
INFO - 2025-04-11 02:19:15 --> Session: Class initialized using 'CodeIgniter\Session\Handlers\FileHandler' driver.
INFO - 2025-04-11 02:19:15 --> Controller "App\Controllers\base\Order" loaded.
INFO - 2025-04-11 02:19:24 --> Controller "App\Controllers\base\Beranda" loaded.
INFO - 2025-04-11 02:19:50 --> Controller "App\Controllers\base\Beranda" loaded.
