INFO - 2025-04-14 01:30:59 --> Controller "CodeIgniter\CLI\CommandRunner" loaded.
INFO - 2025-04-14 01:31:33 --> Controller "App\Controllers\base\Beranda" loaded.
CRITICAL - 2025-04-14 01:31:37 --> No connection could be made because the target machine actively refused it.

#0 C:\xampp\htdocs\rayakandigital\system\Database\BaseConnection.php(377): CodeIgniter\Database\MySQLi\Connection->connect(false)
#1 C:\xampp\htdocs\rayakandigital\system\Database\BaseConnection.php(643): CodeIgniter\Database\BaseConnection->initialize()
#2 C:\xampp\htdocs\rayakandigital\system\Database\BaseBuilder.php(1819): CodeIgniter\Database\BaseConnection->query('SELECT `themes`...', Array, false)
#3 C:\xampp\htdocs\rayakandigital\app\Models\base\BerandaModel.php(44): CodeIgniter\Database\BaseBuilder->get()
#4 C:\xampp\htdocs\rayakandigital\app\Controllers\base\Beranda.php(35): App\Models\base\BerandaModel->get_all_themes()
#5 C:\xampp\htdocs\rayakandigital\system\CodeIgniter.php(910): App\Controllers\base\Beranda->index()
#6 C:\xampp\htdocs\rayakandigital\system\CodeIgniter.php(398): CodeIgniter\CodeIgniter->runController(Object(App\Controllers\base\Beranda))
#7 C:\xampp\htdocs\rayakandigital\system\CodeIgniter.php(306): CodeIgniter\CodeIgniter->handleRequest(NULL, Object(Config\Cache), false)
#8 C:\xampp\htdocs\rayakandigital\public\index.php(45): CodeIgniter\CodeIgniter->run()
#9 C:\xampp\htdocs\rayakandigital\system\Commands\Server\rewrite.php(34): require_once('C:\\xampp\\htdocs...')
#10 {main}
INFO - 2025-04-14 01:31:38 --> Controller "App\Controllers\base\Beranda" loaded.
CRITICAL - 2025-04-14 01:31:42 --> No connection could be made because the target machine actively refused it.

#0 C:\xampp\htdocs\rayakandigital\system\Database\BaseConnection.php(377): CodeIgniter\Database\MySQLi\Connection->connect(false)
#1 C:\xampp\htdocs\rayakandigital\system\Database\BaseConnection.php(643): CodeIgniter\Database\BaseConnection->initialize()
#2 C:\xampp\htdocs\rayakandigital\system\Database\BaseBuilder.php(1819): CodeIgniter\Database\BaseConnection->query('SELECT `themes`...', Array, false)
#3 C:\xampp\htdocs\rayakandigital\app\Models\base\BerandaModel.php(44): CodeIgniter\Database\BaseBuilder->get()
#4 C:\xampp\htdocs\rayakandigital\app\Controllers\base\Beranda.php(35): App\Models\base\BerandaModel->get_all_themes()
#5 C:\xampp\htdocs\rayakandigital\system\CodeIgniter.php(910): App\Controllers\base\Beranda->index()
#6 C:\xampp\htdocs\rayakandigital\system\CodeIgniter.php(398): CodeIgniter\CodeIgniter->runController(Object(App\Controllers\base\Beranda))
#7 C:\xampp\htdocs\rayakandigital\system\CodeIgniter.php(306): CodeIgniter\CodeIgniter->handleRequest(NULL, Object(Config\Cache), false)
#8 C:\xampp\htdocs\rayakandigital\public\index.php(45): CodeIgniter\CodeIgniter->run()
#9 C:\xampp\htdocs\rayakandigital\system\Commands\Server\rewrite.php(34): require_once('C:\\xampp\\htdocs...')
#10 {main}
INFO - 2025-04-14 01:31:47 --> Controller "App\Controllers\base\Beranda" loaded.
INFO - 2025-04-14 01:31:48 --> Controller "App\Controllers\base\Beranda" loaded.
INFO - 2025-04-14 01:31:48 --> Controller "App\Controllers\base\Beranda" loaded.
INFO - 2025-04-14 01:31:48 --> Controller "App\Controllers\base\Beranda" loaded.
INFO - 2025-04-14 01:33:11 --> Controller "App\Controllers\base\Beranda" loaded.
INFO - 2025-04-14 01:39:32 --> Controller "App\Controllers\base\Beranda" loaded.
INFO - 2025-04-14 01:39:32 --> Controller "App\Controllers\base\Beranda" loaded.
INFO - 2025-04-14 01:39:32 --> Controller "App\Controllers\base\Beranda" loaded.
INFO - 2025-04-14 01:39:32 --> Controller "App\Controllers\base\Beranda" loaded.
INFO - 2025-04-14 01:39:33 --> Controller "App\Controllers\base\Beranda" loaded.
INFO - 2025-04-14 01:39:33 --> Controller "App\Controllers\base\Beranda" loaded.
INFO - 2025-04-14 01:39:48 --> Controller "App\Controllers\base\Beranda" loaded.
INFO - 2025-04-14 01:39:48 --> Controller "App\Controllers\base\Beranda" loaded.
INFO - 2025-04-14 01:39:48 --> Controller "App\Controllers\base\Beranda" loaded.
INFO - 2025-04-14 01:39:48 --> Controller "App\Controllers\base\Beranda" loaded.
INFO - 2025-04-14 01:39:49 --> Controller "App\Controllers\base\Beranda" loaded.
INFO - 2025-04-14 01:39:49 --> Controller "App\Controllers\base\Beranda" loaded.
INFO - 2025-04-14 01:40:14 --> Controller "App\Controllers\base\Beranda" loaded.
INFO - 2025-04-14 01:40:14 --> Controller "App\Controllers\base\Beranda" loaded.
INFO - 2025-04-14 01:40:14 --> Controller "App\Controllers\base\Beranda" loaded.
INFO - 2025-04-14 01:40:15 --> Controller "App\Controllers\base\Beranda" loaded.
INFO - 2025-04-14 01:40:15 --> Controller "App\Controllers\base\Beranda" loaded.
INFO - 2025-04-14 01:40:15 --> Controller "App\Controllers\base\Beranda" loaded.
INFO - 2025-04-14 01:41:16 --> Controller "App\Controllers\base\Beranda" loaded.
INFO - 2025-04-14 01:41:16 --> Controller "App\Controllers\base\Beranda" loaded.
INFO - 2025-04-14 01:41:16 --> Controller "App\Controllers\base\Beranda" loaded.
INFO - 2025-04-14 01:41:16 --> Controller "App\Controllers\base\Beranda" loaded.
INFO - 2025-04-14 01:41:16 --> Controller "App\Controllers\base\Beranda" loaded.
INFO - 2025-04-14 01:41:16 --> Controller "App\Controllers\base\Beranda" loaded.
INFO - 2025-04-14 01:43:08 --> Controller "App\Controllers\base\Beranda" loaded.
INFO - 2025-04-14 01:45:18 --> Controller "App\Controllers\base\Beranda" loaded.
INFO - 2025-04-14 01:49:08 --> Controller "App\Controllers\base\Beranda" loaded.
INFO - 2025-04-14 01:52:11 --> Controller "App\Controllers\base\Beranda" loaded.
INFO - 2025-04-14 01:56:31 --> Controller "App\Controllers\base\Beranda" loaded.
CRITICAL - 2025-04-14 01:56:31 --> Undefined property: stdClass::$kategori
#0 C:\xampp\htdocs\rayakandigital\app\Views\base\beranda\home.php(292): CodeIgniter\Debug\Exceptions->errorHandler(8, 'Undefined prope...', 'C:\\xampp\\htdocs...', 292, Array)
#1 C:\xampp\htdocs\rayakandigital\system\View\View.php(236): include('C:\\xampp\\htdocs...')
#2 C:\xampp\htdocs\rayakandigital\system\Common.php(1071): CodeIgniter\View\View->render('base/beranda/ho...', Array, true)
#3 C:\xampp\htdocs\rayakandigital\app\Views\base\beranda\layout.php(101): view('base/beranda/ho...')
#4 C:\xampp\htdocs\rayakandigital\system\View\View.php(236): include('C:\\xampp\\htdocs...')
#5 C:\xampp\htdocs\rayakandigital\system\Common.php(1071): CodeIgniter\View\View->render('base/beranda/ho...', Array, true)
#6 C:\xampp\htdocs\rayakandigital\app\Controllers\base\Beranda.php(46): view('base/beranda/la...', Array)
#7 C:\xampp\htdocs\rayakandigital\system\CodeIgniter.php(910): App\Controllers\base\Beranda->index()
#8 C:\xampp\htdocs\rayakandigital\system\CodeIgniter.php(398): CodeIgniter\CodeIgniter->runController(Object(App\Controllers\base\Beranda))
#9 C:\xampp\htdocs\rayakandigital\system\CodeIgniter.php(306): CodeIgniter\CodeIgniter->handleRequest(NULL, Object(Config\Cache), false)
#10 C:\xampp\htdocs\rayakandigital\public\index.php(45): CodeIgniter\CodeIgniter->run()
#11 C:\xampp\htdocs\rayakandigital\system\Commands\Server\rewrite.php(34): require_once('C:\\xampp\\htdocs...')
#12 {main}
INFO - 2025-04-14 01:57:00 --> Controller "App\Controllers\base\Beranda" loaded.
CRITICAL - 2025-04-14 01:57:00 --> Undefined property: stdClass::$kategori
#0 C:\xampp\htdocs\rayakandigital\app\Views\base\beranda\home.php(292): CodeIgniter\Debug\Exceptions->errorHandler(8, 'Undefined prope...', 'C:\\xampp\\htdocs...', 292, Array)
#1 C:\xampp\htdocs\rayakandigital\system\View\View.php(236): include('C:\\xampp\\htdocs...')
#2 C:\xampp\htdocs\rayakandigital\system\Common.php(1071): CodeIgniter\View\View->render('base/beranda/ho...', Array, true)
#3 C:\xampp\htdocs\rayakandigital\app\Views\base\beranda\layout.php(101): view('base/beranda/ho...')
#4 C:\xampp\htdocs\rayakandigital\system\View\View.php(236): include('C:\\xampp\\htdocs...')
#5 C:\xampp\htdocs\rayakandigital\system\Common.php(1071): CodeIgniter\View\View->render('base/beranda/ho...', Array, true)
#6 C:\xampp\htdocs\rayakandigital\app\Controllers\base\Beranda.php(46): view('base/beranda/la...', Array)
#7 C:\xampp\htdocs\rayakandigital\system\CodeIgniter.php(910): App\Controllers\base\Beranda->index()
#8 C:\xampp\htdocs\rayakandigital\system\CodeIgniter.php(398): CodeIgniter\CodeIgniter->runController(Object(App\Controllers\base\Beranda))
#9 C:\xampp\htdocs\rayakandigital\system\CodeIgniter.php(306): CodeIgniter\CodeIgniter->handleRequest(NULL, Object(Config\Cache), false)
#10 C:\xampp\htdocs\rayakandigital\public\index.php(45): CodeIgniter\CodeIgniter->run()
#11 C:\xampp\htdocs\rayakandigital\system\Commands\Server\rewrite.php(34): require_once('C:\\xampp\\htdocs...')
#12 {main}
INFO - 2025-04-14 01:57:00 --> Controller "App\Controllers\base\Beranda" loaded.
CRITICAL - 2025-04-14 01:57:00 --> Undefined property: stdClass::$kategori
#0 C:\xampp\htdocs\rayakandigital\app\Views\base\beranda\home.php(292): CodeIgniter\Debug\Exceptions->errorHandler(8, 'Undefined prope...', 'C:\\xampp\\htdocs...', 292, Array)
#1 C:\xampp\htdocs\rayakandigital\system\View\View.php(236): include('C:\\xampp\\htdocs...')
#2 C:\xampp\htdocs\rayakandigital\system\Common.php(1071): CodeIgniter\View\View->render('base/beranda/ho...', Array, true)
#3 C:\xampp\htdocs\rayakandigital\app\Views\base\beranda\layout.php(101): view('base/beranda/ho...')
#4 C:\xampp\htdocs\rayakandigital\system\View\View.php(236): include('C:\\xampp\\htdocs...')
#5 C:\xampp\htdocs\rayakandigital\system\Common.php(1071): CodeIgniter\View\View->render('base/beranda/ho...', Array, true)
#6 C:\xampp\htdocs\rayakandigital\app\Controllers\base\Beranda.php(46): view('base/beranda/la...', Array)
#7 C:\xampp\htdocs\rayakandigital\system\CodeIgniter.php(910): App\Controllers\base\Beranda->index()
#8 C:\xampp\htdocs\rayakandigital\system\CodeIgniter.php(398): CodeIgniter\CodeIgniter->runController(Object(App\Controllers\base\Beranda))
#9 C:\xampp\htdocs\rayakandigital\system\CodeIgniter.php(306): CodeIgniter\CodeIgniter->handleRequest(NULL, Object(Config\Cache), false)
#10 C:\xampp\htdocs\rayakandigital\public\index.php(45): CodeIgniter\CodeIgniter->run()
#11 C:\xampp\htdocs\rayakandigital\system\Commands\Server\rewrite.php(34): require_once('C:\\xampp\\htdocs...')
#12 {main}
INFO - 2025-04-14 01:59:13 --> Controller "App\Controllers\base\Beranda" loaded.
INFO - 2025-04-14 01:59:39 --> Controller "App\Controllers\base\Beranda" loaded.
INFO - 2025-04-14 02:01:10 --> Controller "App\Controllers\base\Beranda" loaded.
INFO - 2025-04-14 02:01:36 --> Controller "App\Controllers\base\Beranda" loaded.
INFO - 2025-04-14 02:03:24 --> Controller "App\Controllers\base\Beranda" loaded.
INFO - 2025-04-14 02:04:20 --> Controller "App\Controllers\base\Beranda" loaded.
INFO - 2025-04-14 02:06:52 --> Controller "App\Controllers\base\Beranda" loaded.
INFO - 2025-04-14 02:09:45 --> Controller "App\Controllers\base\Beranda" loaded.
INFO - 2025-04-14 02:11:37 --> Controller "App\Controllers\base\Beranda" loaded.
INFO - 2025-04-14 02:12:10 --> Controller "App\Controllers\base\Beranda" loaded.
INFO - 2025-04-14 02:14:23 --> Controller "App\Controllers\base\Beranda" loaded.
INFO - 2025-04-14 02:14:47 --> Controller "App\Controllers\base\Beranda" loaded.
INFO - 2025-04-14 02:15:48 --> Controller "App\Controllers\base\Beranda" loaded.
INFO - 2025-04-14 02:16:33 --> Controller "App\Controllers\base\Beranda" loaded.
INFO - 2025-04-14 02:17:40 --> Controller "App\Controllers\base\Beranda" loaded.
INFO - 2025-04-14 02:18:24 --> Controller "App\Controllers\base\Beranda" loaded.
INFO - 2025-04-14 02:18:54 --> Controller "App\Controllers\base\Beranda" loaded.
INFO - 2025-04-14 02:19:08 --> Controller "App\Controllers\base\Beranda" loaded.
INFO - 2025-04-14 02:19:19 --> Controller "App\Controllers\base\Beranda" loaded.
INFO - 2025-04-14 02:19:29 --> Controller "App\Controllers\base\Beranda" loaded.
INFO - 2025-04-14 13:33:08 --> Controller "CodeIgniter\CLI\CommandRunner" loaded.
INFO - 2025-04-14 13:34:12 --> Controller "App\Controllers\base\Beranda" loaded.
INFO - 2025-04-14 13:34:43 --> Controller "App\Controllers\base\Beranda" loaded.
INFO - 2025-04-14 13:34:52 --> Controller "App\Controllers\base\Beranda" loaded.
INFO - 2025-04-14 13:35:04 --> Controller "App\Controllers\base\Beranda" loaded.
INFO - 2025-04-14 13:35:09 --> Controller "App\Controllers\base\Beranda" loaded.
INFO - 2025-04-14 13:35:18 --> Session: Class initialized using 'CodeIgniter\Session\Handlers\FileHandler' driver.
INFO - 2025-04-14 13:35:18 --> Controller "App\Controllers\base\Order" loaded.
INFO - 2025-04-14 13:35:50 --> Session: Class initialized using 'CodeIgniter\Session\Handlers\FileHandler' driver.
INFO - 2025-04-14 13:35:50 --> Controller "App\Controllers\base\Order" loaded.
INFO - 2025-04-14 13:36:11 --> Session: Class initialized using 'CodeIgniter\Session\Handlers\FileHandler' driver.
INFO - 2025-04-14 13:36:11 --> Controller "App\Controllers\base\Order" loaded.
INFO - 2025-04-14 13:36:35 --> Session: Class initialized using 'CodeIgniter\Session\Handlers\FileHandler' driver.
INFO - 2025-04-14 13:36:35 --> Controller "App\Controllers\base\Order" loaded.
INFO - 2025-04-14 13:36:51 --> Session: Class initialized using 'CodeIgniter\Session\Handlers\FileHandler' driver.
INFO - 2025-04-14 13:36:51 --> Controller "App\Controllers\base\Order" loaded.
INFO - 2025-04-14 13:36:53 --> Session: Class initialized using 'CodeIgniter\Session\Handlers\FileHandler' driver.
INFO - 2025-04-14 13:36:53 --> Controller "App\Controllers\base\Order" loaded.
INFO - 2025-04-14 13:37:53 --> Session: Class initialized using 'CodeIgniter\Session\Handlers\FileHandler' driver.
INFO - 2025-04-14 13:37:53 --> Controller "App\Controllers\base\Order" loaded.
INFO - 2025-04-14 13:38:12 --> Session: Class initialized using 'CodeIgniter\Session\Handlers\FileHandler' driver.
INFO - 2025-04-14 13:38:12 --> Controller "App\Controllers\base\Order" loaded.
INFO - 2025-04-14 13:38:12 --> Controller "App\Controllers\base\Beranda" loaded.
INFO - 2025-04-14 13:38:33 --> Session: Class initialized using 'CodeIgniter\Session\Handlers\FileHandler' driver.
INFO - 2025-04-14 13:38:33 --> Controller "App\Controllers\base\Order" loaded.
INFO - 2025-04-14 13:38:36 --> Session: Class initialized using 'CodeIgniter\Session\Handlers\FileHandler' driver.
INFO - 2025-04-14 13:38:36 --> Controller "App\Controllers\base\Order" loaded.
CRITICAL - 2025-04-14 13:38:42 --> Undefined property: stdClass::$status
#0 C:\xampp\htdocs\rayakandigital\app\Controllers\base\Order.php(915): CodeIgniter\Debug\Exceptions->errorHandler(8, 'Undefined prope...', 'C:\\xampp\\htdocs...', 915, Array)
#1 C:\xampp\htdocs\rayakandigital\app\Controllers\base\Order.php(817): App\Controllers\base\Order->send_wa('2f6a625e06edf21...', '1', 'Halo Kak, Terim...')
#2 C:\xampp\htdocs\rayakandigital\system\CodeIgniter.php(910): App\Controllers\base\Order->saveData()
#3 C:\xampp\htdocs\rayakandigital\system\CodeIgniter.php(398): CodeIgniter\CodeIgniter->runController(Object(App\Controllers\base\Order))
#4 C:\xampp\htdocs\rayakandigital\system\CodeIgniter.php(306): CodeIgniter\CodeIgniter->handleRequest(NULL, Object(Config\Cache), false)
#5 C:\xampp\htdocs\rayakandigital\public\index.php(45): CodeIgniter\CodeIgniter->run()
#6 C:\xampp\htdocs\rayakandigital\system\Commands\Server\rewrite.php(34): require_once('C:\\xampp\\htdocs...')
#7 {main}
INFO - 2025-04-14 13:38:44 --> Session: Class initialized using 'CodeIgniter\Session\Handlers\FileHandler' driver.
INFO - 2025-04-14 13:38:44 --> Controller "App\Controllers\base\Order" loaded.
INFO - 2025-04-14 13:38:44 --> Session: Class initialized using 'CodeIgniter\Session\Handlers\FileHandler' driver.
INFO - 2025-04-14 13:38:44 --> Controller "App\Controllers\base\Order" loaded.
INFO - 2025-04-14 13:38:49 --> Session: Class initialized using 'CodeIgniter\Session\Handlers\FileHandler' driver.
INFO - 2025-04-14 13:38:49 --> Controller "App\Controllers\undangan\Undangan" loaded.
INFO - 2025-04-14 13:38:49 --> Session: Class initialized using 'CodeIgniter\Session\Handlers\FileHandler' driver.
INFO - 2025-04-14 13:38:49 --> Controller "App\Controllers\undangan\Undangan" loaded.
INFO - 2025-04-14 13:39:18 --> Session: Class initialized using 'CodeIgniter\Session\Handlers\FileHandler' driver.
INFO - 2025-04-14 13:39:18 --> Controller "App\Controllers\base\Dashboard" loaded.
INFO - 2025-04-14 13:39:18 --> Session: Class initialized using 'CodeIgniter\Session\Handlers\FileHandler' driver.
INFO - 2025-04-14 13:39:18 --> Controller "App\Controllers\base\Dashboard" loaded.
INFO - 2025-04-14 13:39:30 --> Session: Class initialized using 'CodeIgniter\Session\Handlers\FileHandler' driver.
INFO - 2025-04-14 13:39:30 --> Controller "App\Controllers\base\Dashboard" loaded.
INFO - 2025-04-14 13:39:30 --> Session: Class initialized using 'CodeIgniter\Session\Handlers\FileHandler' driver.
INFO - 2025-04-14 13:39:31 --> Controller "App\Controllers\base\Dashboard" loaded.
INFO - 2025-04-14 13:39:41 --> Session: Class initialized using 'CodeIgniter\Session\Handlers\FileHandler' driver.
INFO - 2025-04-14 13:39:41 --> Controller "App\Controllers\base\Dashboard" loaded.
INFO - 2025-04-14 13:39:57 --> Controller "App\Controllers\base\Beranda" loaded.
INFO - 2025-04-14 13:40:26 --> Session: Class initialized using 'CodeIgniter\Session\Handlers\FileHandler' driver.
INFO - 2025-04-14 13:40:26 --> Controller "App\Controllers\base\Dashboard" loaded.
INFO - 2025-04-14 13:40:26 --> Session: Class initialized using 'CodeIgniter\Session\Handlers\FileHandler' driver.
INFO - 2025-04-14 13:40:26 --> Controller "App\Controllers\base\Dashboard" loaded.
INFO - 2025-04-14 13:40:31 --> Session: Class initialized using 'CodeIgniter\Session\Handlers\FileHandler' driver.
INFO - 2025-04-14 13:40:31 --> Controller "App\Controllers\undangan\Undangan" loaded.
INFO - 2025-04-14 13:40:31 --> Session: Class initialized using 'CodeIgniter\Session\Handlers\FileHandler' driver.
INFO - 2025-04-14 13:40:31 --> Controller "App\Controllers\undangan\Undangan" loaded.
INFO - 2025-04-14 13:40:57 --> Session: Class initialized using 'CodeIgniter\Session\Handlers\FileHandler' driver.
INFO - 2025-04-14 13:40:57 --> Controller "App\Controllers\base\Dashboard" loaded.
INFO - 2025-04-14 13:40:59 --> Session: Class initialized using 'CodeIgniter\Session\Handlers\FileHandler' driver.
INFO - 2025-04-14 13:40:59 --> Controller "App\Controllers\base\Dashboard" loaded.
INFO - 2025-04-14 13:40:59 --> Controller "App\Controllers\base\Beranda" loaded.
INFO - 2025-04-14 13:41:01 --> Session: Class initialized using 'CodeIgniter\Session\Handlers\FileHandler' driver.
INFO - 2025-04-14 13:41:01 --> Controller "App\Controllers\bukutamu\Bukutamu" loaded.
INFO - 2025-04-14 13:41:06 --> Session: Class initialized using 'CodeIgniter\Session\Handlers\FileHandler' driver.
INFO - 2025-04-14 13:41:06 --> Controller "App\Controllers\bukutamu\Bukutamu" loaded.
CRITICAL - 2025-04-14 13:41:06 --> Undefined offset: 0
#0 C:\xampp\htdocs\rayakandigital\app\Controllers\bukutamu\Bukutamu.php(41): CodeIgniter\Debug\Exceptions->errorHandler(8, 'Undefined offse...', 'C:\\xampp\\htdocs...', 41, Array)
#1 C:\xampp\htdocs\rayakandigital\system\CodeIgniter.php(910): App\Controllers\bukutamu\Bukutamu->bukutamu()
#2 C:\xampp\htdocs\rayakandigital\system\CodeIgniter.php(398): CodeIgniter\CodeIgniter->runController(Object(App\Controllers\bukutamu\Bukutamu))
#3 C:\xampp\htdocs\rayakandigital\system\CodeIgniter.php(306): CodeIgniter\CodeIgniter->handleRequest(NULL, Object(Config\Cache), false)
#4 C:\xampp\htdocs\rayakandigital\public\index.php(45): CodeIgniter\CodeIgniter->run()
#5 C:\xampp\htdocs\rayakandigital\system\Commands\Server\rewrite.php(34): require_once('C:\\xampp\\htdocs...')
#6 {main}
INFO - 2025-04-14 13:41:14 --> Session: Class initialized using 'CodeIgniter\Session\Handlers\FileHandler' driver.
INFO - 2025-04-14 13:41:14 --> Controller "App\Controllers\base\Dashboard" loaded.
INFO - 2025-04-14 13:41:21 --> Session: Class initialized using 'CodeIgniter\Session\Handlers\FileHandler' driver.
INFO - 2025-04-14 13:41:21 --> Controller "App\Controllers\base\Dashboard" loaded.
INFO - 2025-04-14 13:41:30 --> Session: Class initialized using 'CodeIgniter\Session\Handlers\FileHandler' driver.
INFO - 2025-04-14 13:41:30 --> Controller "App\Controllers\base\Dashboard" loaded.
INFO - 2025-04-14 13:41:30 --> Controller "App\Controllers\base\Beranda" loaded.
INFO - 2025-04-14 13:41:32 --> Session: Class initialized using 'CodeIgniter\Session\Handlers\FileHandler' driver.
INFO - 2025-04-14 13:41:32 --> Controller "App\Controllers\base\Dashboard" loaded.
INFO - 2025-04-14 13:41:54 --> Session: Class initialized using 'CodeIgniter\Session\Handlers\FileHandler' driver.
INFO - 2025-04-14 13:41:54 --> Controller "App\Controllers\base\Dashboard" loaded.
INFO - 2025-04-14 13:42:00 --> Controller "App\Controllers\base\Beranda" loaded.
INFO - 2025-04-14 13:42:05 --> Session: Class initialized using 'CodeIgniter\Session\Handlers\FileHandler' driver.
INFO - 2025-04-14 13:42:05 --> Controller "App\Controllers\base\Dashboard" loaded.
INFO - 2025-04-14 13:42:05 --> Session: Class initialized using 'CodeIgniter\Session\Handlers\FileHandler' driver.
INFO - 2025-04-14 13:42:05 --> Controller "App\Controllers\base\Dashboard" loaded.
INFO - 2025-04-14 13:42:27 --> Session: Class initialized using 'CodeIgniter\Session\Handlers\FileHandler' driver.
INFO - 2025-04-14 13:42:27 --> Controller "App\Controllers\base\Dashboard" loaded.
INFO - 2025-04-14 13:42:27 --> Session: Class initialized using 'CodeIgniter\Session\Handlers\FileHandler' driver.
INFO - 2025-04-14 13:42:27 --> Controller "App\Controllers\base\Dashboard" loaded.
INFO - 2025-04-14 13:42:31 --> Session: Class initialized using 'CodeIgniter\Session\Handlers\FileHandler' driver.
INFO - 2025-04-14 13:42:31 --> Controller "App\Controllers\base\Dashboard" loaded.
INFO - 2025-04-14 13:42:31 --> Session: Class initialized using 'CodeIgniter\Session\Handlers\FileHandler' driver.
INFO - 2025-04-14 13:42:31 --> Controller "App\Controllers\base\Dashboard" loaded.
INFO - 2025-04-14 13:42:39 --> Session: Class initialized using 'CodeIgniter\Session\Handlers\FileHandler' driver.
INFO - 2025-04-14 13:42:39 --> Controller "App\Controllers\base\Dashboard" loaded.
INFO - 2025-04-14 13:42:39 --> Session: Class initialized using 'CodeIgniter\Session\Handlers\FileHandler' driver.
INFO - 2025-04-14 13:42:39 --> Controller "App\Controllers\base\Dashboard" loaded.
INFO - 2025-04-14 13:42:46 --> Controller "App\Controllers\base\Beranda" loaded.
INFO - 2025-04-14 13:42:52 --> Controller "App\Controllers\base\Beranda" loaded.
INFO - 2025-04-14 13:43:13 --> Controller "App\Controllers\base\Beranda" loaded.
INFO - 2025-04-14 13:43:27 --> Controller "App\Controllers\base\Beranda" loaded.
INFO - 2025-04-14 13:44:00 --> Session: Class initialized using 'CodeIgniter\Session\Handlers\FileHandler' driver.
INFO - 2025-04-14 13:44:00 --> Controller "App\Controllers\base\Dashboard" loaded.
INFO - 2025-04-14 13:44:04 --> Session: Class initialized using 'CodeIgniter\Session\Handlers\FileHandler' driver.
INFO - 2025-04-14 13:44:04 --> Controller "App\Controllers\base\Dashboard" loaded.
INFO - 2025-04-14 13:44:26 --> Session: Class initialized using 'CodeIgniter\Session\Handlers\FileHandler' driver.
INFO - 2025-04-14 13:44:26 --> Controller "App\Controllers\base\Dashboard" loaded.
INFO - 2025-04-14 13:44:26 --> Session: Class initialized using 'CodeIgniter\Session\Handlers\FileHandler' driver.
INFO - 2025-04-14 13:44:26 --> Controller "App\Controllers\base\Dashboard" loaded.
INFO - 2025-04-14 13:44:44 --> Controller "App\Controllers\base\Beranda" loaded.
INFO - 2025-04-14 13:45:12 --> Controller "App\Controllers\base\Beranda" loaded.
INFO - 2025-04-14 13:45:45 --> Controller "App\Controllers\base\Beranda" loaded.
INFO - 2025-04-14 13:45:46 --> Controller "App\Controllers\base\Beranda" loaded.
INFO - 2025-04-14 13:45:51 --> Controller "App\Controllers\base\Beranda" loaded.
INFO - 2025-04-14 13:46:31 --> Controller "App\Controllers\base\Beranda" loaded.
INFO - 2025-04-14 13:46:40 --> Controller "App\Controllers\base\Beranda" loaded.
INFO - 2025-04-14 13:47:09 --> Controller "App\Controllers\base\Beranda" loaded.
INFO - 2025-04-14 13:47:34 --> Controller "App\Controllers\base\Beranda" loaded.
INFO - 2025-04-14 13:47:43 --> Controller "App\Controllers\base\Beranda" loaded.
INFO - 2025-04-14 13:47:59 --> Controller "App\Controllers\base\Beranda" loaded.
INFO - 2025-04-14 13:48:39 --> Controller "App\Controllers\base\Beranda" loaded.
INFO - 2025-04-14 13:48:39 --> Controller "App\Controllers\base\Beranda" loaded.
INFO - 2025-04-14 13:48:58 --> Controller "App\Controllers\base\Beranda" loaded.
INFO - 2025-04-14 13:49:06 --> Controller "App\Controllers\base\Beranda" loaded.
INFO - 2025-04-14 13:50:19 --> Controller "App\Controllers\base\Beranda" loaded.
INFO - 2025-04-14 13:50:30 --> Controller "App\Controllers\base\Beranda" loaded.
INFO - 2025-04-14 13:50:35 --> Controller "App\Controllers\base\Beranda" loaded.
INFO - 2025-04-14 13:50:48 --> Controller "App\Controllers\base\Beranda" loaded.
INFO - 2025-04-14 13:51:15 --> Controller "App\Controllers\base\Beranda" loaded.
INFO - 2025-04-14 13:51:48 --> Controller "App\Controllers\base\Beranda" loaded.
INFO - 2025-04-14 13:52:30 --> Session: Class initialized using 'CodeIgniter\Session\Handlers\FileHandler' driver.
INFO - 2025-04-14 13:52:30 --> Controller "App\Controllers\undangan\Undangan" loaded.
INFO - 2025-04-14 13:52:30 --> Session: Class initialized using 'CodeIgniter\Session\Handlers\FileHandler' driver.
INFO - 2025-04-14 13:52:30 --> Controller "App\Controllers\undangan\Undangan" loaded.
INFO - 2025-04-14 13:52:30 --> Session: Class initialized using 'CodeIgniter\Session\Handlers\FileHandler' driver.
INFO - 2025-04-14 13:52:30 --> Controller "App\Controllers\undangan\Undangan" loaded.
INFO - 2025-04-14 13:52:30 --> Session: Class initialized using 'CodeIgniter\Session\Handlers\FileHandler' driver.
INFO - 2025-04-14 13:52:30 --> Controller "App\Controllers\undangan\Undangan" loaded.
INFO - 2025-04-14 13:52:30 --> Session: Class initialized using 'CodeIgniter\Session\Handlers\FileHandler' driver.
INFO - 2025-04-14 13:52:30 --> Controller "App\Controllers\undangan\Undangan" loaded.
INFO - 2025-04-14 13:52:31 --> Session: Class initialized using 'CodeIgniter\Session\Handlers\FileHandler' driver.
INFO - 2025-04-14 13:52:31 --> Controller "App\Controllers\undangan\Undangan" loaded.
INFO - 2025-04-14 13:52:31 --> Session: Class initialized using 'CodeIgniter\Session\Handlers\FileHandler' driver.
INFO - 2025-04-14 13:52:31 --> Controller "App\Controllers\undangan\Undangan" loaded.
INFO - 2025-04-14 13:52:32 --> Session: Class initialized using 'CodeIgniter\Session\Handlers\FileHandler' driver.
INFO - 2025-04-14 13:52:32 --> Controller "App\Controllers\undangan\Undangan" loaded.
INFO - 2025-04-14 13:52:46 --> Session: Class initialized using 'CodeIgniter\Session\Handlers\FileHandler' driver.
INFO - 2025-04-14 13:52:46 --> Controller "App\Controllers\base\Dashboard" loaded.
INFO - 2025-04-14 13:52:47 --> Session: Class initialized using 'CodeIgniter\Session\Handlers\FileHandler' driver.
INFO - 2025-04-14 13:52:47 --> Controller "App\Controllers\base\Dashboard" loaded.
INFO - 2025-04-14 13:53:01 --> Session: Class initialized using 'CodeIgniter\Session\Handlers\FileHandler' driver.
INFO - 2025-04-14 13:53:01 --> Controller "App\Controllers\base\Dashboard" loaded.
INFO - 2025-04-14 13:53:01 --> Session: Class initialized using 'CodeIgniter\Session\Handlers\FileHandler' driver.
INFO - 2025-04-14 13:53:01 --> Controller "App\Controllers\base\Dashboard" loaded.
INFO - 2025-04-14 13:53:09 --> Session: Class initialized using 'CodeIgniter\Session\Handlers\FileHandler' driver.
INFO - 2025-04-14 13:53:09 --> Controller "App\Controllers\base\Dashboard" loaded.
INFO - 2025-04-14 13:53:13 --> Session: Class initialized using 'CodeIgniter\Session\Handlers\FileHandler' driver.
INFO - 2025-04-14 13:53:13 --> Controller "App\Controllers\undangan\Undangan" loaded.
INFO - 2025-04-14 13:53:13 --> Session: Class initialized using 'CodeIgniter\Session\Handlers\FileHandler' driver.
INFO - 2025-04-14 13:53:13 --> Controller "App\Controllers\undangan\Undangan" loaded.
INFO - 2025-04-14 13:53:13 --> Session: Class initialized using 'CodeIgniter\Session\Handlers\FileHandler' driver.
INFO - 2025-04-14 13:53:13 --> Controller "App\Controllers\undangan\Undangan" loaded.
INFO - 2025-04-14 13:53:13 --> Session: Class initialized using 'CodeIgniter\Session\Handlers\FileHandler' driver.
INFO - 2025-04-14 13:53:13 --> Controller "App\Controllers\undangan\Undangan" loaded.
INFO - 2025-04-14 13:53:14 --> Session: Class initialized using 'CodeIgniter\Session\Handlers\FileHandler' driver.
INFO - 2025-04-14 13:53:14 --> Controller "App\Controllers\undangan\Undangan" loaded.
INFO - 2025-04-14 13:53:14 --> Session: Class initialized using 'CodeIgniter\Session\Handlers\FileHandler' driver.
INFO - 2025-04-14 13:53:14 --> Controller "App\Controllers\undangan\Undangan" loaded.
INFO - 2025-04-14 13:53:14 --> Session: Class initialized using 'CodeIgniter\Session\Handlers\FileHandler' driver.
INFO - 2025-04-14 13:53:14 --> Controller "App\Controllers\undangan\Undangan" loaded.
INFO - 2025-04-14 13:53:14 --> Session: Class initialized using 'CodeIgniter\Session\Handlers\FileHandler' driver.
INFO - 2025-04-14 13:53:14 --> Controller "App\Controllers\undangan\Undangan" loaded.
INFO - 2025-04-14 13:53:37 --> Session: Class initialized using 'CodeIgniter\Session\Handlers\FileHandler' driver.
INFO - 2025-04-14 13:53:37 --> Controller "App\Controllers\base\Dashboard" loaded.
INFO - 2025-04-14 13:53:37 --> Session: Class initialized using 'CodeIgniter\Session\Handlers\FileHandler' driver.
INFO - 2025-04-14 13:53:37 --> Controller "App\Controllers\base\Dashboard" loaded.
INFO - 2025-04-14 13:53:42 --> Session: Class initialized using 'CodeIgniter\Session\Handlers\FileHandler' driver.
INFO - 2025-04-14 13:53:42 --> Controller "App\Controllers\undangan\Undangan" loaded.
INFO - 2025-04-14 13:53:43 --> Session: Class initialized using 'CodeIgniter\Session\Handlers\FileHandler' driver.
INFO - 2025-04-14 13:53:43 --> Controller "App\Controllers\undangan\Undangan" loaded.
INFO - 2025-04-14 13:53:43 --> Session: Class initialized using 'CodeIgniter\Session\Handlers\FileHandler' driver.
INFO - 2025-04-14 13:53:43 --> Controller "App\Controllers\undangan\Undangan" loaded.
INFO - 2025-04-14 13:53:43 --> Session: Class initialized using 'CodeIgniter\Session\Handlers\FileHandler' driver.
INFO - 2025-04-14 13:53:43 --> Controller "App\Controllers\undangan\Undangan" loaded.
INFO - 2025-04-14 13:53:43 --> Session: Class initialized using 'CodeIgniter\Session\Handlers\FileHandler' driver.
INFO - 2025-04-14 13:53:43 --> Controller "App\Controllers\undangan\Undangan" loaded.
INFO - 2025-04-14 13:53:43 --> Session: Class initialized using 'CodeIgniter\Session\Handlers\FileHandler' driver.
INFO - 2025-04-14 13:53:43 --> Controller "App\Controllers\undangan\Undangan" loaded.
INFO - 2025-04-14 13:53:44 --> Session: Class initialized using 'CodeIgniter\Session\Handlers\FileHandler' driver.
INFO - 2025-04-14 13:53:44 --> Controller "App\Controllers\undangan\Undangan" loaded.
INFO - 2025-04-14 13:53:46 --> Session: Class initialized using 'CodeIgniter\Session\Handlers\FileHandler' driver.
INFO - 2025-04-14 13:53:46 --> Controller "App\Controllers\undangan\Undangan" loaded.
INFO - 2025-04-14 13:53:55 --> Session: Class initialized using 'CodeIgniter\Session\Handlers\FileHandler' driver.
INFO - 2025-04-14 13:53:55 --> Controller "App\Controllers\base\Dashboard" loaded.
INFO - 2025-04-14 13:53:58 --> Session: Class initialized using 'CodeIgniter\Session\Handlers\FileHandler' driver.
INFO - 2025-04-14 13:53:58 --> Controller "App\Controllers\bukutamu\Bukutamu" loaded.
INFO - 2025-04-14 13:53:59 --> Session: Class initialized using 'CodeIgniter\Session\Handlers\FileHandler' driver.
INFO - 2025-04-14 13:53:59 --> Controller "App\Controllers\bukutamu\Bukutamu" loaded.
CRITICAL - 2025-04-14 13:53:59 --> Undefined offset: 0
#0 C:\xampp\htdocs\rayakandigital\app\Controllers\bukutamu\Bukutamu.php(41): CodeIgniter\Debug\Exceptions->errorHandler(8, 'Undefined offse...', 'C:\\xampp\\htdocs...', 41, Array)
#1 C:\xampp\htdocs\rayakandigital\system\CodeIgniter.php(910): App\Controllers\bukutamu\Bukutamu->bukutamu()
#2 C:\xampp\htdocs\rayakandigital\system\CodeIgniter.php(398): CodeIgniter\CodeIgniter->runController(Object(App\Controllers\bukutamu\Bukutamu))
#3 C:\xampp\htdocs\rayakandigital\system\CodeIgniter.php(306): CodeIgniter\CodeIgniter->handleRequest(NULL, Object(Config\Cache), false)
#4 C:\xampp\htdocs\rayakandigital\public\index.php(45): CodeIgniter\CodeIgniter->run()
#5 C:\xampp\htdocs\rayakandigital\system\Commands\Server\rewrite.php(34): require_once('C:\\xampp\\htdocs...')
#6 {main}
INFO - 2025-04-14 13:54:45 --> Session: Class initialized using 'CodeIgniter\Session\Handlers\FileHandler' driver.
INFO - 2025-04-14 13:54:45 --> Controller "App\Controllers\bukutamu\Bukutamu" loaded.
INFO - 2025-04-14 13:54:52 --> Session: Class initialized using 'CodeIgniter\Session\Handlers\FileHandler' driver.
INFO - 2025-04-14 13:54:52 --> Controller "App\Controllers\bukutamu\Bukutamu" loaded.
INFO - 2025-04-14 13:54:52 --> Session: Class initialized using 'CodeIgniter\Session\Handlers\FileHandler' driver.
INFO - 2025-04-14 13:54:52 --> Controller "App\Controllers\bukutamu\Bukutamu" loaded.
INFO - 2025-04-14 13:54:52 --> Session: Class initialized using 'CodeIgniter\Session\Handlers\FileHandler' driver.
INFO - 2025-04-14 13:54:52 --> Controller "App\Controllers\bukutamu\Bukutamu" loaded.
CRITICAL - 2025-04-14 13:54:53 --> Undefined offset: 0
#0 C:\xampp\htdocs\rayakandigital\app\Controllers\bukutamu\Bukutamu.php(41): CodeIgniter\Debug\Exceptions->errorHandler(8, 'Undefined offse...', 'C:\\xampp\\htdocs...', 41, Array)
#1 C:\xampp\htdocs\rayakandigital\system\CodeIgniter.php(910): App\Controllers\bukutamu\Bukutamu->bukutamu()
#2 C:\xampp\htdocs\rayakandigital\system\CodeIgniter.php(398): CodeIgniter\CodeIgniter->runController(Object(App\Controllers\bukutamu\Bukutamu))
#3 C:\xampp\htdocs\rayakandigital\system\CodeIgniter.php(306): CodeIgniter\CodeIgniter->handleRequest(NULL, Object(Config\Cache), false)
#4 C:\xampp\htdocs\rayakandigital\public\index.php(45): CodeIgniter\CodeIgniter->run()
#5 C:\xampp\htdocs\rayakandigital\system\Commands\Server\rewrite.php(34): require_once('C:\\xampp\\htdocs...')
#6 {main}
INFO - 2025-04-14 13:57:12 --> Controller "App\Controllers\base\Beranda" loaded.
INFO - 2025-04-14 13:57:19 --> Controller "App\Controllers\base\Beranda" loaded.
INFO - 2025-04-14 13:57:27 --> Controller "App\Controllers\base\Beranda" loaded.
INFO - 2025-04-14 14:02:04 --> Controller "App\Controllers\base\Beranda" loaded.
INFO - 2025-04-14 18:20:27 --> Controller "CodeIgniter\CLI\CommandRunner" loaded.
INFO - 2025-04-14 18:20:32 --> Controller "App\Controllers\base\Beranda" loaded.
CRITICAL - 2025-04-14 18:20:36 --> No connection could be made because the target machine actively refused it.

#0 C:\xampp\htdocs\rayakandigital\system\Database\BaseConnection.php(377): CodeIgniter\Database\MySQLi\Connection->connect(false)
#1 C:\xampp\htdocs\rayakandigital\system\Database\BaseConnection.php(643): CodeIgniter\Database\BaseConnection->initialize()
#2 C:\xampp\htdocs\rayakandigital\system\Database\BaseBuilder.php(1819): CodeIgniter\Database\BaseConnection->query('SELECT `themes`...', Array, false)
#3 C:\xampp\htdocs\rayakandigital\app\Models\base\BerandaModel.php(44): CodeIgniter\Database\BaseBuilder->get()
#4 C:\xampp\htdocs\rayakandigital\app\Controllers\base\Beranda.php(35): App\Models\base\BerandaModel->get_all_themes()
#5 C:\xampp\htdocs\rayakandigital\system\CodeIgniter.php(910): App\Controllers\base\Beranda->index()
#6 C:\xampp\htdocs\rayakandigital\system\CodeIgniter.php(398): CodeIgniter\CodeIgniter->runController(Object(App\Controllers\base\Beranda))
#7 C:\xampp\htdocs\rayakandigital\system\CodeIgniter.php(306): CodeIgniter\CodeIgniter->handleRequest(NULL, Object(Config\Cache), false)
#8 C:\xampp\htdocs\rayakandigital\public\index.php(45): CodeIgniter\CodeIgniter->run()
#9 C:\xampp\htdocs\rayakandigital\system\Commands\Server\rewrite.php(34): require_once('C:\\xampp\\htdocs...')
#10 {main}
INFO - 2025-04-14 18:21:19 --> Controller "App\Controllers\base\Beranda" loaded.
INFO - 2025-04-14 18:21:32 --> Session: Class initialized using 'CodeIgniter\Session\Handlers\FileHandler' driver.
INFO - 2025-04-14 18:21:32 --> Controller "App\Controllers\base\Dashboard" loaded.
INFO - 2025-04-14 18:21:39 --> Session: Class initialized using 'CodeIgniter\Session\Handlers\FileHandler' driver.
INFO - 2025-04-14 18:21:39 --> Controller "App\Controllers\base\Dashboard" loaded.
INFO - 2025-04-14 18:21:39 --> Session: Class initialized using 'CodeIgniter\Session\Handlers\FileHandler' driver.
INFO - 2025-04-14 18:21:39 --> Controller "App\Controllers\base\Dashboard" loaded.
INFO - 2025-04-14 18:21:46 --> Session: Class initialized using 'CodeIgniter\Session\Handlers\FileHandler' driver.
INFO - 2025-04-14 18:21:46 --> Controller "App\Controllers\base\Dashboard" loaded.
INFO - 2025-04-14 18:21:46 --> Session: Class initialized using 'CodeIgniter\Session\Handlers\FileHandler' driver.
INFO - 2025-04-14 18:21:46 --> Controller "App\Controllers\base\Dashboard" loaded.
INFO - 2025-04-14 18:21:54 --> Session: Class initialized using 'CodeIgniter\Session\Handlers\FileHandler' driver.
INFO - 2025-04-14 18:21:54 --> Controller "App\Controllers\base\Dashboard" loaded.
INFO - 2025-04-14 18:21:56 --> Session: Class initialized using 'CodeIgniter\Session\Handlers\FileHandler' driver.
INFO - 2025-04-14 18:21:56 --> Controller "App\Controllers\base\Dashboard" loaded.
INFO - 2025-04-14 18:22:09 --> Session: Class initialized using 'CodeIgniter\Session\Handlers\FileHandler' driver.
INFO - 2025-04-14 18:22:09 --> Controller "App\Controllers\base\Dashboard" loaded.
INFO - 2025-04-14 18:22:09 --> Session: Class initialized using 'CodeIgniter\Session\Handlers\FileHandler' driver.
INFO - 2025-04-14 18:22:09 --> Controller "App\Controllers\base\Dashboard" loaded.
INFO - 2025-04-14 18:22:10 --> Session: Class initialized using 'CodeIgniter\Session\Handlers\FileHandler' driver.
INFO - 2025-04-14 18:22:10 --> Controller "App\Controllers\base\Dashboard" loaded.
INFO - 2025-04-14 18:22:15 --> Controller "App\Controllers\base\Beranda" loaded.
INFO - 2025-04-14 18:22:24 --> Session: Class initialized using 'CodeIgniter\Session\Handlers\FileHandler' driver.
INFO - 2025-04-14 18:22:24 --> Controller "App\Controllers\base\Dashboard" loaded.
INFO - 2025-04-14 18:22:30 --> Session: Class initialized using 'CodeIgniter\Session\Handlers\FileHandler' driver.
INFO - 2025-04-14 18:22:30 --> Controller "App\Controllers\base\Dashboard" loaded.
INFO - 2025-04-14 18:22:30 --> Session: Class initialized using 'CodeIgniter\Session\Handlers\FileHandler' driver.
INFO - 2025-04-14 18:22:30 --> Controller "App\Controllers\base\Dashboard" loaded.
INFO - 2025-04-14 18:22:32 --> Controller "App\Controllers\base\Beranda" loaded.
INFO - 2025-04-14 18:23:20 --> Session: Class initialized using 'CodeIgniter\Session\Handlers\FileHandler' driver.
INFO - 2025-04-14 18:23:20 --> Controller "App\Controllers\base\Order" loaded.
INFO - 2025-04-14 18:23:45 --> Session: Class initialized using 'CodeIgniter\Session\Handlers\FileHandler' driver.
INFO - 2025-04-14 18:23:45 --> Controller "App\Controllers\base\Order" loaded.
INFO - 2025-04-14 18:24:08 --> Session: Class initialized using 'CodeIgniter\Session\Handlers\FileHandler' driver.
INFO - 2025-04-14 18:24:08 --> Controller "App\Controllers\base\Order" loaded.
INFO - 2025-04-14 18:24:26 --> Session: Class initialized using 'CodeIgniter\Session\Handlers\FileHandler' driver.
INFO - 2025-04-14 18:24:26 --> Controller "App\Controllers\base\Order" loaded.
INFO - 2025-04-14 18:24:31 --> Session: Class initialized using 'CodeIgniter\Session\Handlers\FileHandler' driver.
INFO - 2025-04-14 18:24:31 --> Controller "App\Controllers\base\Order" loaded.
INFO - 2025-04-14 18:24:32 --> Controller "App\Controllers\base\Beranda" loaded.
INFO - 2025-04-14 18:24:33 --> Session: Class initialized using 'CodeIgniter\Session\Handlers\FileHandler' driver.
INFO - 2025-04-14 18:24:33 --> Controller "App\Controllers\base\Order" loaded.
INFO - 2025-04-14 18:24:40 --> Session: Class initialized using 'CodeIgniter\Session\Handlers\FileHandler' driver.
INFO - 2025-04-14 18:24:40 --> Controller "App\Controllers\base\Order" loaded.
INFO - 2025-04-14 18:24:40 --> Controller "App\Controllers\base\Beranda" loaded.
INFO - 2025-04-14 18:26:28 --> Session: Class initialized using 'CodeIgniter\Session\Handlers\FileHandler' driver.
INFO - 2025-04-14 18:26:28 --> Controller "App\Controllers\base\Order" loaded.
INFO - 2025-04-14 18:26:29 --> Controller "App\Controllers\base\Beranda" loaded.
INFO - 2025-04-14 18:26:30 --> Session: Class initialized using 'CodeIgniter\Session\Handlers\FileHandler' driver.
INFO - 2025-04-14 18:26:30 --> Controller "App\Controllers\base\Order" loaded.
INFO - 2025-04-14 18:26:30 --> Controller "App\Controllers\base\Beranda" loaded.
INFO - 2025-04-14 18:26:32 --> Session: Class initialized using 'CodeIgniter\Session\Handlers\FileHandler' driver.
INFO - 2025-04-14 18:26:32 --> Controller "App\Controllers\base\Order" loaded.
INFO - 2025-04-14 18:26:32 --> Controller "App\Controllers\base\Beranda" loaded.
INFO - 2025-04-14 18:26:33 --> Session: Class initialized using 'CodeIgniter\Session\Handlers\FileHandler' driver.
INFO - 2025-04-14 18:26:33 --> Controller "App\Controllers\base\Order" loaded.
INFO - 2025-04-14 18:26:33 --> Controller "App\Controllers\base\Beranda" loaded.
INFO - 2025-04-14 18:27:29 --> Session: Class initialized using 'CodeIgniter\Session\Handlers\FileHandler' driver.
INFO - 2025-04-14 18:27:29 --> Controller "App\Controllers\base\Order" loaded.
INFO - 2025-04-14 18:27:29 --> Controller "App\Controllers\base\Beranda" loaded.
INFO - 2025-04-14 18:30:20 --> Controller "CodeIgniter\CLI\CommandRunner" loaded.
INFO - 2025-04-14 18:30:55 --> Session: Class initialized using 'CodeIgniter\Session\Handlers\FileHandler' driver.
INFO - 2025-04-14 18:30:56 --> Controller "App\Controllers\base\Order" loaded.
INFO - 2025-04-14 18:30:56 --> Controller "App\Controllers\base\Beranda" loaded.
INFO - 2025-04-14 18:31:05 --> Session: Class initialized using 'CodeIgniter\Session\Handlers\FileHandler' driver.
INFO - 2025-04-14 18:31:05 --> Controller "App\Controllers\base\Order" loaded.
INFO - 2025-04-14 18:31:08 --> Session: Class initialized using 'CodeIgniter\Session\Handlers\FileHandler' driver.
INFO - 2025-04-14 18:31:08 --> Controller "App\Controllers\base\Order" loaded.
CRITICAL - 2025-04-14 18:31:10 --> Undefined property: stdClass::$status
#0 C:\xampp\htdocs\rayakandigital\app\Controllers\base\Order.php(915): CodeIgniter\Debug\Exceptions->errorHandler(8, 'Undefined prope...', 'C:\\xampp\\htdocs...', 915, Array)
#1 C:\xampp\htdocs\rayakandigital\app\Controllers\base\Order.php(817): App\Controllers\base\Order->send_wa('2f6a625e06edf21...', '1', 'Halo Kak, Terim...')
#2 C:\xampp\htdocs\rayakandigital\system\CodeIgniter.php(910): App\Controllers\base\Order->saveData()
#3 C:\xampp\htdocs\rayakandigital\system\CodeIgniter.php(398): CodeIgniter\CodeIgniter->runController(Object(App\Controllers\base\Order))
#4 C:\xampp\htdocs\rayakandigital\system\CodeIgniter.php(306): CodeIgniter\CodeIgniter->handleRequest(NULL, Object(Config\Cache), false)
#5 C:\xampp\htdocs\rayakandigital\public\index.php(45): CodeIgniter\CodeIgniter->run()
#6 C:\xampp\htdocs\rayakandigital\system\Commands\Server\rewrite.php(34): require_once('C:\\xampp\\htdocs...')
#7 {main}
INFO - 2025-04-14 18:31:15 --> Session: Class initialized using 'CodeIgniter\Session\Handlers\FileHandler' driver.
INFO - 2025-04-14 18:31:15 --> Controller "App\Controllers\base\Order" loaded.
INFO - 2025-04-14 18:31:15 --> Session: Class initialized using 'CodeIgniter\Session\Handlers\FileHandler' driver.
INFO - 2025-04-14 18:31:15 --> Controller "App\Controllers\base\Order" loaded.
INFO - 2025-04-14 18:32:25 --> Session: Class initialized using 'CodeIgniter\Session\Handlers\FileHandler' driver.
INFO - 2025-04-14 18:32:25 --> Controller "App\Controllers\undangan\Undangan" loaded.
INFO - 2025-04-14 18:32:25 --> Session: Class initialized using 'CodeIgniter\Session\Handlers\FileHandler' driver.
INFO - 2025-04-14 18:32:25 --> Controller "App\Controllers\undangan\Undangan" loaded.
INFO - 2025-04-14 18:32:25 --> Session: Class initialized using 'CodeIgniter\Session\Handlers\FileHandler' driver.
INFO - 2025-04-14 18:32:25 --> Controller "App\Controllers\undangan\Undangan" loaded.
INFO - 2025-04-14 18:32:25 --> Session: Class initialized using 'CodeIgniter\Session\Handlers\FileHandler' driver.
INFO - 2025-04-14 18:32:25 --> Controller "App\Controllers\undangan\Undangan" loaded.
INFO - 2025-04-14 18:32:26 --> Session: Class initialized using 'CodeIgniter\Session\Handlers\FileHandler' driver.
INFO - 2025-04-14 18:32:26 --> Controller "App\Controllers\undangan\Undangan" loaded.
INFO - 2025-04-14 18:32:27 --> Session: Class initialized using 'CodeIgniter\Session\Handlers\FileHandler' driver.
INFO - 2025-04-14 18:32:27 --> Controller "App\Controllers\undangan\Undangan" loaded.
INFO - 2025-04-14 18:32:27 --> Session: Class initialized using 'CodeIgniter\Session\Handlers\FileHandler' driver.
INFO - 2025-04-14 18:32:27 --> Controller "App\Controllers\undangan\Undangan" loaded.
INFO - 2025-04-14 18:32:27 --> Session: Class initialized using 'CodeIgniter\Session\Handlers\FileHandler' driver.
INFO - 2025-04-14 18:32:27 --> Controller "App\Controllers\undangan\Undangan" loaded.
INFO - 2025-04-14 18:32:29 --> Controller "App\Controllers\base\Beranda" loaded.
INFO - 2025-04-14 18:32:34 --> Session: Class initialized using 'CodeIgniter\Session\Handlers\FileHandler' driver.
INFO - 2025-04-14 18:32:34 --> Controller "App\Controllers\base\Order" loaded.
INFO - 2025-04-14 18:32:35 --> Session: Class initialized using 'CodeIgniter\Session\Handlers\FileHandler' driver.
INFO - 2025-04-14 18:32:35 --> Controller "App\Controllers\base\Order" loaded.
INFO - 2025-04-14 18:32:35 --> Session: Class initialized using 'CodeIgniter\Session\Handlers\FileHandler' driver.
INFO - 2025-04-14 18:32:35 --> Controller "App\Controllers\base\Order" loaded.
INFO - 2025-04-14 18:32:35 --> Controller "App\Controllers\base\Beranda" loaded.
INFO - 2025-04-14 18:32:39 --> Session: Class initialized using 'CodeIgniter\Session\Handlers\FileHandler' driver.
INFO - 2025-04-14 18:32:39 --> Controller "App\Controllers\base\Order" loaded.
INFO - 2025-04-14 18:32:39 --> Controller "App\Controllers\base\Beranda" loaded.
INFO - 2025-04-14 18:33:09 --> Session: Class initialized using 'CodeIgniter\Session\Handlers\FileHandler' driver.
INFO - 2025-04-14 18:33:09 --> Controller "App\Controllers\base\Order" loaded.
INFO - 2025-04-14 18:33:09 --> Controller "App\Controllers\base\Beranda" loaded.
INFO - 2025-04-14 18:33:21 --> Session: Class initialized using 'CodeIgniter\Session\Handlers\FileHandler' driver.
INFO - 2025-04-14 18:33:21 --> Controller "App\Controllers\base\Order" loaded.
INFO - 2025-04-14 18:33:21 --> Controller "App\Controllers\base\Beranda" loaded.
INFO - 2025-04-14 18:34:41 --> Controller "CodeIgniter\CLI\CommandRunner" loaded.
INFO - 2025-04-14 18:34:43 --> Session: Class initialized using 'CodeIgniter\Session\Handlers\FileHandler' driver.
INFO - 2025-04-14 18:34:43 --> Controller "App\Controllers\base\Order" loaded.
INFO - 2025-04-14 18:34:43 --> Session: Class initialized using 'CodeIgniter\Session\Handlers\FileHandler' driver.
INFO - 2025-04-14 18:34:43 --> Controller "App\Controllers\base\Order" loaded.
INFO - 2025-04-14 18:34:43 --> Session: Class initialized using 'CodeIgniter\Session\Handlers\FileHandler' driver.
INFO - 2025-04-14 18:34:43 --> Controller "App\Controllers\base\Order" loaded.
INFO - 2025-04-14 18:34:43 --> Controller "App\Controllers\base\Beranda" loaded.
INFO - 2025-04-14 18:34:48 --> Session: Class initialized using 'CodeIgniter\Session\Handlers\FileHandler' driver.
INFO - 2025-04-14 18:34:48 --> Controller "App\Controllers\base\Order" loaded.
INFO - 2025-04-14 18:34:48 --> Controller "App\Controllers\base\Beranda" loaded.
INFO - 2025-04-14 18:35:45 --> Session: Class initialized using 'CodeIgniter\Session\Handlers\FileHandler' driver.
INFO - 2025-04-14 18:35:45 --> Controller "App\Controllers\base\Order" loaded.
INFO - 2025-04-14 18:35:45 --> Controller "App\Controllers\base\Beranda" loaded.
INFO - 2025-04-14 18:35:53 --> Session: Class initialized using 'CodeIgniter\Session\Handlers\FileHandler' driver.
INFO - 2025-04-14 18:35:53 --> Controller "App\Controllers\base\Order" loaded.
INFO - 2025-04-14 18:35:55 --> Session: Class initialized using 'CodeIgniter\Session\Handlers\FileHandler' driver.
INFO - 2025-04-14 18:35:55 --> Controller "App\Controllers\base\Order" loaded.
INFO - 2025-04-14 18:41:31 --> Session: Class initialized using 'CodeIgniter\Session\Handlers\FileHandler' driver.
INFO - 2025-04-14 18:41:31 --> Controller "App\Controllers\base\Order" loaded.
INFO - 2025-04-14 18:41:31 --> Controller "App\Controllers\base\Beranda" loaded.
INFO - 2025-04-14 18:41:43 --> Session: Class initialized using 'CodeIgniter\Session\Handlers\FileHandler' driver.
INFO - 2025-04-14 18:41:43 --> Controller "App\Controllers\base\Order" loaded.
INFO - 2025-04-14 18:41:46 --> Session: Class initialized using 'CodeIgniter\Session\Handlers\FileHandler' driver.
INFO - 2025-04-14 18:41:46 --> Controller "App\Controllers\base\Order" loaded.
INFO - 2025-04-14 18:41:47 --> Controller "App\Controllers\base\Beranda" loaded.
INFO - 2025-04-14 18:42:12 --> Session: Class initialized using 'CodeIgniter\Session\Handlers\FileHandler' driver.
INFO - 2025-04-14 18:42:12 --> Controller "App\Controllers\base\Order" loaded.
INFO - 2025-04-14 18:42:13 --> Controller "App\Controllers\base\Beranda" loaded.
INFO - 2025-04-14 18:42:32 --> Controller "App\Controllers\base\Beranda" loaded.
INFO - 2025-04-14 18:42:32 --> Controller "App\Controllers\base\Beranda" loaded.
INFO - 2025-04-14 18:42:32 --> Controller "App\Controllers\base\Beranda" loaded.
INFO - 2025-04-14 18:42:32 --> Controller "App\Controllers\base\Beranda" loaded.
INFO - 2025-04-14 18:44:10 --> Session: Class initialized using 'CodeIgniter\Session\Handlers\FileHandler' driver.
INFO - 2025-04-14 18:44:10 --> Controller "App\Controllers\base\Order" loaded.
INFO - 2025-04-14 18:44:10 --> Controller "App\Controllers\base\Beranda" loaded.
INFO - 2025-04-14 18:44:10 --> Controller "App\Controllers\base\Beranda" loaded.
INFO - 2025-04-14 18:44:10 --> Controller "App\Controllers\base\Beranda" loaded.
INFO - 2025-04-14 18:44:10 --> Controller "App\Controllers\base\Beranda" loaded.
INFO - 2025-04-14 18:44:11 --> Controller "App\Controllers\base\Beranda" loaded.
INFO - 2025-04-14 18:44:38 --> Session: Class initialized using 'CodeIgniter\Session\Handlers\FileHandler' driver.
INFO - 2025-04-14 18:44:38 --> Controller "App\Controllers\base\Order" loaded.
INFO - 2025-04-14 18:44:38 --> Session: Class initialized using 'CodeIgniter\Session\Handlers\FileHandler' driver.
INFO - 2025-04-14 18:44:38 --> Controller "App\Controllers\base\Order" loaded.
INFO - 2025-04-14 18:45:04 --> Session: Class initialized using 'CodeIgniter\Session\Handlers\FileHandler' driver.
INFO - 2025-04-14 18:45:04 --> Controller "App\Controllers\base\Order" loaded.
INFO - 2025-04-14 18:45:04 --> Controller "App\Controllers\base\Beranda" loaded.
INFO - 2025-04-14 18:45:09 --> Session: Class initialized using 'CodeIgniter\Session\Handlers\FileHandler' driver.
INFO - 2025-04-14 18:45:09 --> Controller "App\Controllers\base\Order" loaded.
INFO - 2025-04-14 18:45:24 --> Session: Class initialized using 'CodeIgniter\Session\Handlers\FileHandler' driver.
INFO - 2025-04-14 18:45:25 --> Controller "App\Controllers\base\Order" loaded.
INFO - 2025-04-14 18:45:25 --> Session: Class initialized using 'CodeIgniter\Session\Handlers\FileHandler' driver.
INFO - 2025-04-14 18:45:25 --> Controller "App\Controllers\base\Order" loaded.
INFO - 2025-04-14 18:45:25 --> Session: Class initialized using 'CodeIgniter\Session\Handlers\FileHandler' driver.
INFO - 2025-04-14 18:45:25 --> Controller "App\Controllers\base\Order" loaded.
INFO - 2025-04-14 18:45:25 --> Controller "App\Controllers\base\Beranda" loaded.
INFO - 2025-04-14 18:45:29 --> Controller "App\Controllers\base\Beranda" loaded.
INFO - 2025-04-14 18:45:35 --> Session: Class initialized using 'CodeIgniter\Session\Handlers\FileHandler' driver.
INFO - 2025-04-14 18:45:35 --> Controller "App\Controllers\base\Order" loaded.
INFO - 2025-04-14 18:45:54 --> Session: Class initialized using 'CodeIgniter\Session\Handlers\FileHandler' driver.
INFO - 2025-04-14 18:45:54 --> Controller "App\Controllers\base\Order" loaded.
INFO - 2025-04-14 18:45:56 --> Session: Class initialized using 'CodeIgniter\Session\Handlers\FileHandler' driver.
INFO - 2025-04-14 18:45:56 --> Controller "App\Controllers\base\Order" loaded.
INFO - 2025-04-14 18:46:05 --> Session: Class initialized using 'CodeIgniter\Session\Handlers\FileHandler' driver.
INFO - 2025-04-14 18:46:05 --> Controller "App\Controllers\base\Order" loaded.
INFO - 2025-04-14 18:46:33 --> Session: Class initialized using 'CodeIgniter\Session\Handlers\FileHandler' driver.
INFO - 2025-04-14 18:46:33 --> Controller "App\Controllers\base\Order" loaded.
INFO - 2025-04-14 18:47:05 --> Session: Class initialized using 'CodeIgniter\Session\Handlers\FileHandler' driver.
INFO - 2025-04-14 18:47:05 --> Controller "App\Controllers\base\Order" loaded.
INFO - 2025-04-14 18:47:11 --> Session: Class initialized using 'CodeIgniter\Session\Handlers\FileHandler' driver.
INFO - 2025-04-14 18:47:11 --> Controller "App\Controllers\base\Order" loaded.
INFO - 2025-04-14 18:47:11 --> Controller "App\Controllers\base\Beranda" loaded.
INFO - 2025-04-14 18:47:18 --> Session: Class initialized using 'CodeIgniter\Session\Handlers\FileHandler' driver.
INFO - 2025-04-14 18:47:18 --> Controller "App\Controllers\base\Order" loaded.
INFO - 2025-04-14 18:47:18 --> Session: Class initialized using 'CodeIgniter\Session\Handlers\FileHandler' driver.
INFO - 2025-04-14 18:47:18 --> Controller "App\Controllers\base\Order" loaded.
INFO - 2025-04-14 18:47:36 --> Session: Class initialized using 'CodeIgniter\Session\Handlers\FileHandler' driver.
INFO - 2025-04-14 18:47:36 --> Controller "App\Controllers\base\Order" loaded.
INFO - 2025-04-14 18:47:36 --> Controller "App\Controllers\base\Beranda" loaded.
INFO - 2025-04-14 18:47:56 --> Session: Class initialized using 'CodeIgniter\Session\Handlers\FileHandler' driver.
INFO - 2025-04-14 18:47:56 --> Controller "App\Controllers\base\Order" loaded.
INFO - 2025-04-14 18:47:57 --> Session: Class initialized using 'CodeIgniter\Session\Handlers\FileHandler' driver.
INFO - 2025-04-14 18:47:57 --> Controller "App\Controllers\base\Order" loaded.
INFO - 2025-04-14 18:47:57 --> Controller "App\Controllers\base\Beranda" loaded.
INFO - 2025-04-14 18:48:00 --> Session: Class initialized using 'CodeIgniter\Session\Handlers\FileHandler' driver.
INFO - 2025-04-14 18:48:00 --> Controller "App\Controllers\base\Order" loaded.
INFO - 2025-04-14 18:49:00 --> Session: Class initialized using 'CodeIgniter\Session\Handlers\FileHandler' driver.
INFO - 2025-04-14 18:49:00 --> Controller "App\Controllers\base\Order" loaded.
INFO - 2025-04-14 18:49:00 --> Controller "App\Controllers\base\Beranda" loaded.
INFO - 2025-04-14 18:49:17 --> Controller "App\Controllers\base\Beranda" loaded.
INFO - 2025-04-14 18:49:17 --> Controller "App\Controllers\base\Beranda" loaded.
INFO - 2025-04-14 18:49:17 --> Controller "App\Controllers\base\Beranda" loaded.
INFO - 2025-04-14 18:49:17 --> Controller "App\Controllers\base\Beranda" loaded.
INFO - 2025-04-14 18:50:20 --> Session: Class initialized using 'CodeIgniter\Session\Handlers\FileHandler' driver.
INFO - 2025-04-14 18:50:20 --> Controller "App\Controllers\base\Order" loaded.
INFO - 2025-04-14 18:50:21 --> Controller "App\Controllers\base\Beranda" loaded.
INFO - 2025-04-14 18:50:21 --> Controller "App\Controllers\base\Beranda" loaded.
INFO - 2025-04-14 18:50:21 --> Controller "App\Controllers\base\Beranda" loaded.
INFO - 2025-04-14 18:50:21 --> Controller "App\Controllers\base\Beranda" loaded.
INFO - 2025-04-14 18:50:21 --> Controller "App\Controllers\base\Beranda" loaded.
INFO - 2025-04-14 18:50:24 --> Session: Class initialized using 'CodeIgniter\Session\Handlers\FileHandler' driver.
INFO - 2025-04-14 18:50:24 --> Controller "App\Controllers\base\Order" loaded.
INFO - 2025-04-14 18:50:24 --> Controller "App\Controllers\base\Beranda" loaded.
INFO - 2025-04-14 18:50:24 --> Controller "App\Controllers\base\Beranda" loaded.
INFO - 2025-04-14 18:50:24 --> Controller "App\Controllers\base\Beranda" loaded.
INFO - 2025-04-14 18:50:25 --> Controller "App\Controllers\base\Beranda" loaded.
INFO - 2025-04-14 18:50:28 --> Session: Class initialized using 'CodeIgniter\Session\Handlers\FileHandler' driver.
INFO - 2025-04-14 18:50:28 --> Controller "App\Controllers\base\Order" loaded.
CRITICAL - 2025-04-14 18:50:30 --> Undefined property: stdClass::$status
#0 C:\xampp\htdocs\rayakandigital\app\Controllers\base\Order.php(915): CodeIgniter\Debug\Exceptions->errorHandler(8, 'Undefined prope...', 'C:\\xampp\\htdocs...', 915, Array)
#1 C:\xampp\htdocs\rayakandigital\app\Controllers\base\Order.php(817): App\Controllers\base\Order->send_wa('2f6a625e06edf21...', '1', 'Halo Kak, Terim...')
#2 C:\xampp\htdocs\rayakandigital\system\CodeIgniter.php(910): App\Controllers\base\Order->saveData()
#3 C:\xampp\htdocs\rayakandigital\system\CodeIgniter.php(398): CodeIgniter\CodeIgniter->runController(Object(App\Controllers\base\Order))
#4 C:\xampp\htdocs\rayakandigital\system\CodeIgniter.php(306): CodeIgniter\CodeIgniter->handleRequest(NULL, Object(Config\Cache), false)
#5 C:\xampp\htdocs\rayakandigital\public\index.php(45): CodeIgniter\CodeIgniter->run()
#6 C:\xampp\htdocs\rayakandigital\system\Commands\Server\rewrite.php(34): require_once('C:\\xampp\\htdocs...')
#7 {main}
INFO - 2025-04-14 18:51:07 --> Session: Class initialized using 'CodeIgniter\Session\Handlers\FileHandler' driver.
INFO - 2025-04-14 18:51:07 --> Controller "App\Controllers\base\Order" loaded.
INFO - 2025-04-14 18:51:07 --> Session: Class initialized using 'CodeIgniter\Session\Handlers\FileHandler' driver.
INFO - 2025-04-14 18:51:07 --> Controller "App\Controllers\base\Order" loaded.
INFO - 2025-04-14 18:51:07 --> Controller "App\Controllers\base\Beranda" loaded.
INFO - 2025-04-14 18:51:07 --> Controller "App\Controllers\base\Beranda" loaded.
INFO - 2025-04-14 18:51:08 --> Controller "App\Controllers\base\Beranda" loaded.
INFO - 2025-04-14 18:51:08 --> Controller "App\Controllers\base\Beranda" loaded.
INFO - 2025-04-14 18:51:11 --> Controller "App\Controllers\base\Beranda" loaded.
INFO - 2025-04-14 18:51:19 --> Session: Class initialized using 'CodeIgniter\Session\Handlers\FileHandler' driver.
INFO - 2025-04-14 18:51:19 --> Controller "App\Controllers\base\Order" loaded.
INFO - 2025-04-14 18:51:19 --> Session: Class initialized using 'CodeIgniter\Session\Handlers\FileHandler' driver.
INFO - 2025-04-14 18:51:19 --> Controller "App\Controllers\base\Order" loaded.
INFO - 2025-04-14 18:51:20 --> Session: Class initialized using 'CodeIgniter\Session\Handlers\FileHandler' driver.
INFO - 2025-04-14 18:51:20 --> Controller "App\Controllers\base\Order" loaded.
INFO - 2025-04-14 18:51:20 --> Controller "App\Controllers\base\Beranda" loaded.
INFO - 2025-04-14 18:51:27 --> Session: Class initialized using 'CodeIgniter\Session\Handlers\FileHandler' driver.
INFO - 2025-04-14 18:51:27 --> Controller "App\Controllers\base\Order" loaded.
INFO - 2025-04-14 18:51:27 --> Session: Class initialized using 'CodeIgniter\Session\Handlers\FileHandler' driver.
INFO - 2025-04-14 18:51:27 --> Controller "App\Controllers\base\Order" loaded.
INFO - 2025-04-14 18:51:32 --> Session: Class initialized using 'CodeIgniter\Session\Handlers\FileHandler' driver.
INFO - 2025-04-14 18:51:32 --> Controller "App\Controllers\base\Order" loaded.
INFO - 2025-04-14 18:51:37 --> Session: Class initialized using 'CodeIgniter\Session\Handlers\FileHandler' driver.
INFO - 2025-04-14 18:51:37 --> Controller "App\Controllers\base\Order" loaded.
INFO - 2025-04-14 18:51:37 --> Controller "App\Controllers\base\Beranda" loaded.
INFO - 2025-04-14 18:51:54 --> Session: Class initialized using 'CodeIgniter\Session\Handlers\FileHandler' driver.
INFO - 2025-04-14 18:51:54 --> Controller "App\Controllers\base\Order" loaded.
INFO - 2025-04-14 18:51:54 --> Controller "App\Controllers\base\Beranda" loaded.
INFO - 2025-04-14 18:51:56 --> Session: Class initialized using 'CodeIgniter\Session\Handlers\FileHandler' driver.
INFO - 2025-04-14 18:51:56 --> Controller "App\Controllers\base\Order" loaded.
INFO - 2025-04-14 18:52:00 --> Session: Class initialized using 'CodeIgniter\Session\Handlers\FileHandler' driver.
INFO - 2025-04-14 18:52:00 --> Controller "App\Controllers\base\Order" loaded.
INFO - 2025-04-14 18:52:00 --> Session: Class initialized using 'CodeIgniter\Session\Handlers\FileHandler' driver.
INFO - 2025-04-14 18:52:00 --> Controller "App\Controllers\base\Order" loaded.
INFO - 2025-04-14 18:53:04 --> Session: Class initialized using 'CodeIgniter\Session\Handlers\FileHandler' driver.
INFO - 2025-04-14 18:53:04 --> Controller "App\Controllers\base\Order" loaded.
INFO - 2025-04-14 18:53:06 --> Controller "App\Controllers\base\Beranda" loaded.
INFO - 2025-04-14 18:53:12 --> Session: Class initialized using 'CodeIgniter\Session\Handlers\FileHandler' driver.
INFO - 2025-04-14 18:53:12 --> Controller "App\Controllers\base\Order" loaded.
INFO - 2025-04-14 18:53:12 --> Session: Class initialized using 'CodeIgniter\Session\Handlers\FileHandler' driver.
INFO - 2025-04-14 18:53:12 --> Controller "App\Controllers\base\Order" loaded.
INFO - 2025-04-14 18:53:12 --> Session: Class initialized using 'CodeIgniter\Session\Handlers\FileHandler' driver.
INFO - 2025-04-14 18:53:12 --> Controller "App\Controllers\base\Order" loaded.
INFO - 2025-04-14 18:53:12 --> Controller "App\Controllers\base\Beranda" loaded.
INFO - 2025-04-14 18:53:15 --> Session: Class initialized using 'CodeIgniter\Session\Handlers\FileHandler' driver.
INFO - 2025-04-14 18:53:15 --> Controller "App\Controllers\base\Order" loaded.
INFO - 2025-04-14 18:53:18 --> Session: Class initialized using 'CodeIgniter\Session\Handlers\FileHandler' driver.
INFO - 2025-04-14 18:53:18 --> Controller "App\Controllers\base\Order" loaded.
INFO - 2025-04-14 18:53:18 --> Session: Class initialized using 'CodeIgniter\Session\Handlers\FileHandler' driver.
INFO - 2025-04-14 18:53:18 --> Controller "App\Controllers\base\Order" loaded.
INFO - 2025-04-14 18:53:20 --> Session: Class initialized using 'CodeIgniter\Session\Handlers\FileHandler' driver.
INFO - 2025-04-14 18:53:20 --> Controller "App\Controllers\base\Order" loaded.
INFO - 2025-04-14 18:53:21 --> Controller "App\Controllers\base\Beranda" loaded.
INFO - 2025-04-14 18:53:24 --> Session: Class initialized using 'CodeIgniter\Session\Handlers\FileHandler' driver.
INFO - 2025-04-14 18:53:24 --> Controller "App\Controllers\base\Order" loaded.
INFO - 2025-04-14 18:53:28 --> Session: Class initialized using 'CodeIgniter\Session\Handlers\FileHandler' driver.
INFO - 2025-04-14 18:53:28 --> Controller "App\Controllers\base\Order" loaded.
INFO - 2025-04-14 18:53:28 --> Session: Class initialized using 'CodeIgniter\Session\Handlers\FileHandler' driver.
INFO - 2025-04-14 18:53:28 --> Controller "App\Controllers\base\Order" loaded.
INFO - 2025-04-14 18:53:41 --> Session: Class initialized using 'CodeIgniter\Session\Handlers\FileHandler' driver.
INFO - 2025-04-14 18:53:41 --> Session: Class initialized using 'CodeIgniter\Session\Handlers\FileHandler' driver.
INFO - 2025-04-14 18:53:41 --> Controller "App\Controllers\admin\Admin" loaded.
INFO - 2025-04-14 18:53:52 --> Session: Class initialized using 'CodeIgniter\Session\Handlers\FileHandler' driver.
INFO - 2025-04-14 18:53:52 --> Controller "App\Controllers\admin\Admin" loaded.
INFO - 2025-04-14 18:53:52 --> Session: Class initialized using 'CodeIgniter\Session\Handlers\FileHandler' driver.
INFO - 2025-04-14 18:53:52 --> Controller "App\Controllers\admin\Admin" loaded.
CRITICAL - 2025-04-14 18:53:52 --> Call to undefined function rupiah()
#0 C:\xampp\htdocs\rayakandigital\system\View\View.php(236): include()
#1 C:\xampp\htdocs\rayakandigital\system\Common.php(1071): CodeIgniter\View\View->render('admin/index', Array, true)
#2 C:\xampp\htdocs\rayakandigital\app\Views\admin\layout.php(56): view('admin/index')
#3 C:\xampp\htdocs\rayakandigital\system\View\View.php(236): include('C:\\xampp\\htdocs...')
#4 C:\xampp\htdocs\rayakandigital\system\Common.php(1071): CodeIgniter\View\View->render('admin/index', Array, true)
#5 C:\xampp\htdocs\rayakandigital\app\Controllers\admin\Admin.php(72): view('admin/layout', Array)
#6 C:\xampp\htdocs\rayakandigital\system\CodeIgniter.php(910): App\Controllers\admin\Admin->dashboard()
#7 C:\xampp\htdocs\rayakandigital\system\CodeIgniter.php(398): CodeIgniter\CodeIgniter->runController(Object(App\Controllers\admin\Admin))
#8 C:\xampp\htdocs\rayakandigital\system\CodeIgniter.php(306): CodeIgniter\CodeIgniter->handleRequest(NULL, Object(Config\Cache), false)
#9 C:\xampp\htdocs\rayakandigital\public\index.php(45): CodeIgniter\CodeIgniter->run()
#10 C:\xampp\htdocs\rayakandigital\system\Commands\Server\rewrite.php(34): require_once('C:\\xampp\\htdocs...')
#11 {main}
INFO - 2025-04-14 18:53:59 --> Session: Class initialized using 'CodeIgniter\Session\Handlers\FileHandler' driver.
INFO - 2025-04-14 18:53:59 --> Controller "App\Controllers\admin\Admin" loaded.
CRITICAL - 2025-04-14 18:53:59 --> Call to undefined function rupiah()
#0 C:\xampp\htdocs\rayakandigital\system\View\View.php(236): include()
#1 C:\xampp\htdocs\rayakandigital\system\Common.php(1071): CodeIgniter\View\View->render('admin/index', Array, true)
#2 C:\xampp\htdocs\rayakandigital\app\Views\admin\layout.php(56): view('admin/index')
#3 C:\xampp\htdocs\rayakandigital\system\View\View.php(236): include('C:\\xampp\\htdocs...')
#4 C:\xampp\htdocs\rayakandigital\system\Common.php(1071): CodeIgniter\View\View->render('admin/index', Array, true)
#5 C:\xampp\htdocs\rayakandigital\app\Controllers\admin\Admin.php(72): view('admin/layout', Array)
#6 C:\xampp\htdocs\rayakandigital\system\CodeIgniter.php(910): App\Controllers\admin\Admin->dashboard()
#7 C:\xampp\htdocs\rayakandigital\system\CodeIgniter.php(398): CodeIgniter\CodeIgniter->runController(Object(App\Controllers\admin\Admin))
#8 C:\xampp\htdocs\rayakandigital\system\CodeIgniter.php(306): CodeIgniter\CodeIgniter->handleRequest(NULL, Object(Config\Cache), false)
#9 C:\xampp\htdocs\rayakandigital\public\index.php(45): CodeIgniter\CodeIgniter->run()
#10 C:\xampp\htdocs\rayakandigital\system\Commands\Server\rewrite.php(34): require_once('C:\\xampp\\htdocs...')
#11 {main}
INFO - 2025-04-14 18:54:00 --> Session: Class initialized using 'CodeIgniter\Session\Handlers\FileHandler' driver.
INFO - 2025-04-14 18:54:00 --> Controller "App\Controllers\admin\Admin" loaded.
CRITICAL - 2025-04-14 18:54:00 --> Call to undefined function rupiah()
#0 C:\xampp\htdocs\rayakandigital\system\View\View.php(236): include()
#1 C:\xampp\htdocs\rayakandigital\system\Common.php(1071): CodeIgniter\View\View->render('admin/index', Array, true)
#2 C:\xampp\htdocs\rayakandigital\app\Views\admin\layout.php(56): view('admin/index')
#3 C:\xampp\htdocs\rayakandigital\system\View\View.php(236): include('C:\\xampp\\htdocs...')
#4 C:\xampp\htdocs\rayakandigital\system\Common.php(1071): CodeIgniter\View\View->render('admin/index', Array, true)
#5 C:\xampp\htdocs\rayakandigital\app\Controllers\admin\Admin.php(72): view('admin/layout', Array)
#6 C:\xampp\htdocs\rayakandigital\system\CodeIgniter.php(910): App\Controllers\admin\Admin->dashboard()
#7 C:\xampp\htdocs\rayakandigital\system\CodeIgniter.php(398): CodeIgniter\CodeIgniter->runController(Object(App\Controllers\admin\Admin))
#8 C:\xampp\htdocs\rayakandigital\system\CodeIgniter.php(306): CodeIgniter\CodeIgniter->handleRequest(NULL, Object(Config\Cache), false)
#9 C:\xampp\htdocs\rayakandigital\public\index.php(45): CodeIgniter\CodeIgniter->run()
#10 C:\xampp\htdocs\rayakandigital\system\Commands\Server\rewrite.php(34): require_once('C:\\xampp\\htdocs...')
#11 {main}
INFO - 2025-04-14 18:54:54 --> Session: Class initialized using 'CodeIgniter\Session\Handlers\FileHandler' driver.
INFO - 2025-04-14 18:54:54 --> Controller "App\Controllers\admin\Admin" loaded.
INFO - 2025-04-14 18:54:58 --> Session: Class initialized using 'CodeIgniter\Session\Handlers\FileHandler' driver.
INFO - 2025-04-14 18:54:58 --> Controller "App\Controllers\admin\Admin" loaded.
INFO - 2025-04-14 18:55:07 --> Session: Class initialized using 'CodeIgniter\Session\Handlers\FileHandler' driver.
INFO - 2025-04-14 18:55:07 --> Controller "App\Controllers\admin\Admin" loaded.
INFO - 2025-04-14 18:55:07 --> Session: Class initialized using 'CodeIgniter\Session\Handlers\FileHandler' driver.
INFO - 2025-04-14 18:55:07 --> Controller "App\Controllers\admin\Admin" loaded.
INFO - 2025-04-14 18:55:12 --> Session: Class initialized using 'CodeIgniter\Session\Handlers\FileHandler' driver.
INFO - 2025-04-14 18:55:12 --> Controller "App\Controllers\admin\Admin" loaded.
INFO - 2025-04-14 18:55:12 --> Session: Class initialized using 'CodeIgniter\Session\Handlers\FileHandler' driver.
INFO - 2025-04-14 18:55:12 --> Controller "App\Controllers\admin\Admin" loaded.
INFO - 2025-04-14 18:56:02 --> Session: Class initialized using 'CodeIgniter\Session\Handlers\FileHandler' driver.
INFO - 2025-04-14 18:56:02 --> Controller "App\Controllers\admin\Admin" loaded.
INFO - 2025-04-14 18:56:06 --> Session: Class initialized using 'CodeIgniter\Session\Handlers\FileHandler' driver.
INFO - 2025-04-14 18:56:06 --> Controller "App\Controllers\admin\Admin" loaded.
INFO - 2025-04-14 18:56:06 --> Session: Class initialized using 'CodeIgniter\Session\Handlers\FileHandler' driver.
INFO - 2025-04-14 18:56:06 --> Controller "App\Controllers\admin\Admin" loaded.
INFO - 2025-04-14 18:56:47 --> Controller "CodeIgniter\CLI\CommandRunner" loaded.
INFO - 2025-04-14 18:56:47 --> Controller "App\Controllers\base\Beranda" loaded.
INFO - 2025-04-14 19:09:57 --> Controller "App\Controllers\base\Beranda" loaded.
INFO - 2025-04-14 19:10:02 --> Session: Class initialized using 'CodeIgniter\Session\Handlers\FileHandler' driver.
INFO - 2025-04-14 19:10:02 --> Controller "App\Controllers\admin\Admin" loaded.
INFO - 2025-04-14 19:10:09 --> Session: Class initialized using 'CodeIgniter\Session\Handlers\FileHandler' driver.
INFO - 2025-04-14 19:10:09 --> Controller "App\Controllers\admin\Admin" loaded.
INFO - 2025-04-14 19:10:09 --> Session: Class initialized using 'CodeIgniter\Session\Handlers\FileHandler' driver.
INFO - 2025-04-14 19:10:09 --> Controller "App\Controllers\admin\Admin" loaded.
INFO - 2025-04-14 19:10:15 --> Session: Class initialized using 'CodeIgniter\Session\Handlers\FileHandler' driver.
INFO - 2025-04-14 19:10:15 --> Controller "App\Controllers\admin\Admin" loaded.
INFO - 2025-04-14 19:10:20 --> Session: Class initialized using 'CodeIgniter\Session\Handlers\FileHandler' driver.
INFO - 2025-04-14 19:10:20 --> Controller "App\Controllers\undangan\Undangan" loaded.
INFO - 2025-04-14 19:10:26 --> Session: Class initialized using 'CodeIgniter\Session\Handlers\FileHandler' driver.
INFO - 2025-04-14 19:10:26 --> Controller "App\Controllers\admin\Admin" loaded.
INFO - 2025-04-14 19:10:33 --> Controller "App\Controllers\base\Beranda" loaded.
INFO - 2025-04-14 19:10:43 --> Controller "App\Controllers\base\Beranda" loaded.
INFO - 2025-04-14 19:11:00 --> Session: Class initialized using 'CodeIgniter\Session\Handlers\FileHandler' driver.
INFO - 2025-04-14 19:11:00 --> Controller "App\Controllers\admin\Admin" loaded.
INFO - 2025-04-14 19:11:37 --> Session: Class initialized using 'CodeIgniter\Session\Handlers\FileHandler' driver.
INFO - 2025-04-14 19:11:37 --> Controller "App\Controllers\admin\Admin" loaded.
INFO - 2025-04-14 19:11:37 --> Session: Class initialized using 'CodeIgniter\Session\Handlers\FileHandler' driver.
INFO - 2025-04-14 19:11:37 --> Controller "App\Controllers\admin\Admin" loaded.
INFO - 2025-04-14 19:11:51 --> Session: Class initialized using 'CodeIgniter\Session\Handlers\FileHandler' driver.
INFO - 2025-04-14 19:11:51 --> Controller "App\Controllers\admin\Admin" loaded.
INFO - 2025-04-14 19:11:51 --> Session: Class initialized using 'CodeIgniter\Session\Handlers\FileHandler' driver.
INFO - 2025-04-14 19:11:51 --> Controller "App\Controllers\admin\Admin" loaded.
INFO - 2025-04-14 19:11:54 --> Session: Class initialized using 'CodeIgniter\Session\Handlers\FileHandler' driver.
INFO - 2025-04-14 19:11:54 --> Controller "App\Controllers\admin\Admin" loaded.
INFO - 2025-04-14 19:13:55 --> Session: Class initialized using 'CodeIgniter\Session\Handlers\FileHandler' driver.
INFO - 2025-04-14 19:13:55 --> Controller "App\Controllers\admin\Admin" loaded.
INFO - 2025-04-14 19:14:01 --> Controller "App\Controllers\base\Beranda" loaded.
INFO - 2025-04-14 19:14:10 --> Controller "App\Controllers\base\Beranda" loaded.
INFO - 2025-04-14 19:14:13 --> Controller "App\Controllers\base\Beranda" loaded.
INFO - 2025-04-14 19:16:15 --> Session: Class initialized using 'CodeIgniter\Session\Handlers\FileHandler' driver.
INFO - 2025-04-14 19:16:15 --> Controller "App\Controllers\admin\Admin" loaded.
INFO - 2025-04-14 19:17:34 --> Controller "App\Controllers\base\Beranda" loaded.
INFO - 2025-04-14 19:18:22 --> Controller "App\Controllers\base\Beranda" loaded.
INFO - 2025-04-14 19:18:24 --> Controller "App\Controllers\base\Beranda" loaded.
INFO - 2025-04-14 19:18:33 --> Controller "App\Controllers\base\Beranda" loaded.
INFO - 2025-04-14 19:18:34 --> Controller "App\Controllers\base\Beranda" loaded.
INFO - 2025-04-14 19:19:49 --> Controller "App\Controllers\base\Beranda" loaded.
INFO - 2025-04-14 19:19:51 --> Controller "App\Controllers\base\Beranda" loaded.
