INFO - 2025-04-16 23:37:30 --> Controller "CodeIgniter\CLI\CommandRunner" loaded.
INFO - 2025-04-16 23:37:34 --> Controller "App\Controllers\base\Beranda" loaded.
INFO - 2025-04-16 23:37:46 --> Controller "App\Controllers\base\Beranda" loaded.
INFO - 2025-04-16 23:37:50 --> Controller "App\Controllers\base\Beranda" loaded.
INFO - 2025-04-16 23:38:00 --> Controller "App\Controllers\base\Beranda" loaded.
INFO - 2025-04-16 23:38:05 --> Controller "App\Controllers\base\Beranda" loaded.
INFO - 2025-04-16 23:38:39 --> Controller "App\Controllers\base\Beranda" loaded.
INFO - 2025-04-16 23:38:53 --> Session: Class initialized using 'CodeIgniter\Session\Handlers\FileHandler' driver.
INFO - 2025-04-16 23:38:53 --> Controller "App\Controllers\base\Dashboard" loaded.
INFO - 2025-04-16 23:38:59 --> Session: Class initialized using 'CodeIgniter\Session\Handlers\FileHandler' driver.
INFO - 2025-04-16 23:38:59 --> Controller "App\Controllers\base\Dashboard" loaded.
INFO - 2025-04-16 23:38:59 --> Session: Class initialized using 'CodeIgniter\Session\Handlers\FileHandler' driver.
INFO - 2025-04-16 23:38:59 --> Controller "App\Controllers\base\Dashboard" loaded.
INFO - 2025-04-16 23:39:05 --> Session: Class initialized using 'CodeIgniter\Session\Handlers\FileHandler' driver.
INFO - 2025-04-16 23:39:05 --> Controller "App\Controllers\base\Dashboard" loaded.
INFO - 2025-04-16 23:39:08 --> Controller "App\Controllers\base\Beranda" loaded.
INFO - 2025-04-16 23:39:14 --> Controller "App\Controllers\base\Beranda" loaded.
INFO - 2025-04-16 23:39:17 --> Controller "App\Controllers\base\Beranda" loaded.
INFO - 2025-04-16 23:39:36 --> Session: Class initialized using 'CodeIgniter\Session\Handlers\FileHandler' driver.
INFO - 2025-04-16 23:39:36 --> Controller "App\Controllers\base\Order" loaded.
INFO - 2025-04-16 23:39:54 --> Session: Class initialized using 'CodeIgniter\Session\Handlers\FileHandler' driver.
INFO - 2025-04-16 23:39:54 --> Controller "App\Controllers\base\Order" loaded.
INFO - 2025-04-16 23:40:28 --> Session: Class initialized using 'CodeIgniter\Session\Handlers\FileHandler' driver.
INFO - 2025-04-16 23:40:28 --> Controller "App\Controllers\base\Order" loaded.
INFO - 2025-04-16 23:41:42 --> Controller "App\Controllers\base\Beranda" loaded.
INFO - 2025-04-16 23:45:38 --> Controller "App\Controllers\base\Beranda" loaded.
INFO - 2025-04-16 23:48:03 --> Session: Class initialized using 'CodeIgniter\Session\Handlers\FileHandler' driver.
INFO - 2025-04-16 23:48:04 --> Session: Class initialized using 'CodeIgniter\Session\Handlers\FileHandler' driver.
INFO - 2025-04-16 23:48:04 --> Controller "App\Controllers\admin\Admin" loaded.
INFO - 2025-04-16 23:48:09 --> Session: Class initialized using 'CodeIgniter\Session\Handlers\FileHandler' driver.
INFO - 2025-04-16 23:48:09 --> Controller "App\Controllers\admin\Admin" loaded.
INFO - 2025-04-16 23:48:18 --> Session: Class initialized using 'CodeIgniter\Session\Handlers\FileHandler' driver.
INFO - 2025-04-16 23:48:18 --> Controller "App\Controllers\admin\Admin" loaded.
INFO - 2025-04-16 23:48:18 --> Session: Class initialized using 'CodeIgniter\Session\Handlers\FileHandler' driver.
INFO - 2025-04-16 23:48:18 --> Controller "App\Controllers\admin\Admin" loaded.
INFO - 2025-04-16 23:48:22 --> Controller "App\Controllers\base\Beranda" loaded.
INFO - 2025-04-16 23:48:28 --> Session: Class initialized using 'CodeIgniter\Session\Handlers\FileHandler' driver.
INFO - 2025-04-16 23:48:28 --> Controller "App\Controllers\base\Order" loaded.
INFO - 2025-04-16 23:48:28 --> Session: Class initialized using 'CodeIgniter\Session\Handlers\FileHandler' driver.
INFO - 2025-04-16 23:48:28 --> Controller "App\Controllers\base\Order" loaded.
INFO - 2025-04-16 23:48:29 --> Session: Class initialized using 'CodeIgniter\Session\Handlers\FileHandler' driver.
INFO - 2025-04-16 23:48:29 --> Controller "App\Controllers\base\Order" loaded.
INFO - 2025-04-16 23:48:47 --> Session: Class initialized using 'CodeIgniter\Session\Handlers\FileHandler' driver.
INFO - 2025-04-16 23:48:47 --> Controller "App\Controllers\base\Order" loaded.
INFO - 2025-04-16 23:48:54 --> Session: Class initialized using 'CodeIgniter\Session\Handlers\FileHandler' driver.
INFO - 2025-04-16 23:48:54 --> Controller "App\Controllers\base\Order" loaded.
INFO - 2025-04-16 23:48:54 --> Controller "App\Controllers\base\Beranda" loaded.
INFO - 2025-04-16 23:48:57 --> Session: Class initialized using 'CodeIgniter\Session\Handlers\FileHandler' driver.
INFO - 2025-04-16 23:48:57 --> Controller "App\Controllers\base\Order" loaded.
INFO - 2025-04-16 23:49:00 --> Session: Class initialized using 'CodeIgniter\Session\Handlers\FileHandler' driver.
INFO - 2025-04-16 23:49:00 --> Controller "App\Controllers\base\Order" loaded.
CRITICAL - 2025-04-16 23:49:02 --> Undefined property: stdClass::$status
#0 C:\xampp\htdocs\rayakandigital\app\Controllers\base\Order.php(915): CodeIgniter\Debug\Exceptions->errorHandler(8, 'Undefined prope...', 'C:\\xampp\\htdocs...', 915, Array)
#1 C:\xampp\htdocs\rayakandigital\app\Controllers\base\Order.php(817): App\Controllers\base\Order->send_wa('2f6a625e06edf21...', '1', 'Halo Kak, Terim...')
#2 C:\xampp\htdocs\rayakandigital\system\CodeIgniter.php(910): App\Controllers\base\Order->saveData()
#3 C:\xampp\htdocs\rayakandigital\system\CodeIgniter.php(398): CodeIgniter\CodeIgniter->runController(Object(App\Controllers\base\Order))
#4 C:\xampp\htdocs\rayakandigital\system\CodeIgniter.php(306): CodeIgniter\CodeIgniter->handleRequest(NULL, Object(Config\Cache), false)
#5 C:\xampp\htdocs\rayakandigital\public\index.php(45): CodeIgniter\CodeIgniter->run()
#6 C:\xampp\htdocs\rayakandigital\system\Commands\Server\rewrite.php(34): require_once('C:\\xampp\\htdocs...')
#7 {main}
INFO - 2025-04-16 23:49:05 --> Session: Class initialized using 'CodeIgniter\Session\Handlers\FileHandler' driver.
INFO - 2025-04-16 23:49:05 --> Controller "App\Controllers\base\Order" loaded.
INFO - 2025-04-16 23:49:05 --> Session: Class initialized using 'CodeIgniter\Session\Handlers\FileHandler' driver.
INFO - 2025-04-16 23:49:06 --> Controller "App\Controllers\base\Order" loaded.
INFO - 2025-04-16 23:49:08 --> Session: Class initialized using 'CodeIgniter\Session\Handlers\FileHandler' driver.
INFO - 2025-04-16 23:49:08 --> Controller "App\Controllers\base\Dashboard" loaded.
INFO - 2025-04-16 23:49:08 --> Session: Class initialized using 'CodeIgniter\Session\Handlers\FileHandler' driver.
INFO - 2025-04-16 23:49:08 --> Controller "App\Controllers\base\Dashboard" loaded.
INFO - 2025-04-16 23:49:15 --> Session: Class initialized using 'CodeIgniter\Session\Handlers\FileHandler' driver.
INFO - 2025-04-16 23:49:15 --> Controller "App\Controllers\base\Dashboard" loaded.
INFO - 2025-04-16 23:49:15 --> Session: Class initialized using 'CodeIgniter\Session\Handlers\FileHandler' driver.
INFO - 2025-04-16 23:49:15 --> Controller "App\Controllers\base\Dashboard" loaded.
INFO - 2025-04-16 23:49:20 --> Session: Class initialized using 'CodeIgniter\Session\Handlers\FileHandler' driver.
INFO - 2025-04-16 23:49:20 --> Controller "App\Controllers\base\Dashboard" loaded.
INFO - 2025-04-16 23:49:21 --> Controller "App\Controllers\base\Beranda" loaded.
INFO - 2025-04-16 23:49:22 --> Session: Class initialized using 'CodeIgniter\Session\Handlers\FileHandler' driver.
INFO - 2025-04-16 23:49:22 --> Controller "App\Controllers\bukutamu\Bukutamu" loaded.
INFO - 2025-04-16 23:49:24 --> Session: Class initialized using 'CodeIgniter\Session\Handlers\FileHandler' driver.
INFO - 2025-04-16 23:49:24 --> Controller "App\Controllers\bukutamu\Bukutamu" loaded.
CRITICAL - 2025-04-16 23:49:24 --> Undefined offset: 0
#0 C:\xampp\htdocs\rayakandigital\app\Controllers\bukutamu\Bukutamu.php(41): CodeIgniter\Debug\Exceptions->errorHandler(8, 'Undefined offse...', 'C:\\xampp\\htdocs...', 41, Array)
#1 C:\xampp\htdocs\rayakandigital\system\CodeIgniter.php(910): App\Controllers\bukutamu\Bukutamu->bukutamu()
#2 C:\xampp\htdocs\rayakandigital\system\CodeIgniter.php(398): CodeIgniter\CodeIgniter->runController(Object(App\Controllers\bukutamu\Bukutamu))
#3 C:\xampp\htdocs\rayakandigital\system\CodeIgniter.php(306): CodeIgniter\CodeIgniter->handleRequest(NULL, Object(Config\Cache), false)
#4 C:\xampp\htdocs\rayakandigital\public\index.php(45): CodeIgniter\CodeIgniter->run()
#5 C:\xampp\htdocs\rayakandigital\system\Commands\Server\rewrite.php(34): require_once('C:\\xampp\\htdocs...')
#6 {main}
INFO - 2025-04-16 23:49:24 --> Session: Class initialized using 'CodeIgniter\Session\Handlers\FileHandler' driver.
INFO - 2025-04-16 23:49:24 --> Controller "App\Controllers\bukutamu\Bukutamu" loaded.
CRITICAL - 2025-04-16 23:49:24 --> Undefined offset: 0
#0 C:\xampp\htdocs\rayakandigital\app\Controllers\bukutamu\Bukutamu.php(41): CodeIgniter\Debug\Exceptions->errorHandler(8, 'Undefined offse...', 'C:\\xampp\\htdocs...', 41, Array)
#1 C:\xampp\htdocs\rayakandigital\system\CodeIgniter.php(910): App\Controllers\bukutamu\Bukutamu->bukutamu()
#2 C:\xampp\htdocs\rayakandigital\system\CodeIgniter.php(398): CodeIgniter\CodeIgniter->runController(Object(App\Controllers\bukutamu\Bukutamu))
#3 C:\xampp\htdocs\rayakandigital\system\CodeIgniter.php(306): CodeIgniter\CodeIgniter->handleRequest(NULL, Object(Config\Cache), false)
#4 C:\xampp\htdocs\rayakandigital\public\index.php(45): CodeIgniter\CodeIgniter->run()
#5 C:\xampp\htdocs\rayakandigital\system\Commands\Server\rewrite.php(34): require_once('C:\\xampp\\htdocs...')
#6 {main}
INFO - 2025-04-16 23:49:35 --> Session: Class initialized using 'CodeIgniter\Session\Handlers\FileHandler' driver.
INFO - 2025-04-16 23:49:35 --> Controller "App\Controllers\base\Dashboard" loaded.
INFO - 2025-04-16 23:49:51 --> Session: Class initialized using 'CodeIgniter\Session\Handlers\FileHandler' driver.
INFO - 2025-04-16 23:49:51 --> Controller "App\Controllers\base\Dashboard" loaded.
INFO - 2025-04-16 23:49:51 --> Session: Class initialized using 'CodeIgniter\Session\Handlers\FileHandler' driver.
INFO - 2025-04-16 23:49:51 --> Controller "App\Controllers\base\Dashboard" loaded.
INFO - 2025-04-16 23:50:00 --> Session: Class initialized using 'CodeIgniter\Session\Handlers\FileHandler' driver.
INFO - 2025-04-16 23:50:00 --> Controller "App\Controllers\undangan\Undangan" loaded.
INFO - 2025-04-16 23:50:00 --> Session: Class initialized using 'CodeIgniter\Session\Handlers\FileHandler' driver.
INFO - 2025-04-16 23:50:00 --> Controller "App\Controllers\undangan\Undangan" loaded.
INFO - 2025-04-16 23:50:01 --> Session: Class initialized using 'CodeIgniter\Session\Handlers\FileHandler' driver.
INFO - 2025-04-16 23:50:01 --> Controller "App\Controllers\undangan\Undangan" loaded.
INFO - 2025-04-16 23:50:01 --> Session: Class initialized using 'CodeIgniter\Session\Handlers\FileHandler' driver.
INFO - 2025-04-16 23:50:01 --> Controller "App\Controllers\undangan\Undangan" loaded.
INFO - 2025-04-16 23:50:01 --> Session: Class initialized using 'CodeIgniter\Session\Handlers\FileHandler' driver.
INFO - 2025-04-16 23:50:01 --> Controller "App\Controllers\undangan\Undangan" loaded.
INFO - 2025-04-16 23:50:01 --> Session: Class initialized using 'CodeIgniter\Session\Handlers\FileHandler' driver.
INFO - 2025-04-16 23:50:01 --> Controller "App\Controllers\undangan\Undangan" loaded.
INFO - 2025-04-16 23:50:02 --> Session: Class initialized using 'CodeIgniter\Session\Handlers\FileHandler' driver.
INFO - 2025-04-16 23:50:02 --> Controller "App\Controllers\undangan\Undangan" loaded.
INFO - 2025-04-16 23:50:02 --> Session: Class initialized using 'CodeIgniter\Session\Handlers\FileHandler' driver.
INFO - 2025-04-16 23:50:02 --> Controller "App\Controllers\undangan\Undangan" loaded.
INFO - 2025-04-16 23:50:30 --> Session: Class initialized using 'CodeIgniter\Session\Handlers\FileHandler' driver.
INFO - 2025-04-16 23:50:30 --> Controller "App\Controllers\base\Dashboard" loaded.
INFO - 2025-04-16 23:50:32 --> Session: Class initialized using 'CodeIgniter\Session\Handlers\FileHandler' driver.
INFO - 2025-04-16 23:50:32 --> Controller "App\Controllers\base\Dashboard" loaded.
INFO - 2025-04-16 23:50:43 --> Session: Class initialized using 'CodeIgniter\Session\Handlers\FileHandler' driver.
INFO - 2025-04-16 23:50:43 --> Controller "App\Controllers\base\Dashboard" loaded.
INFO - 2025-04-16 23:50:44 --> Session: Class initialized using 'CodeIgniter\Session\Handlers\FileHandler' driver.
INFO - 2025-04-16 23:50:44 --> Controller "App\Controllers\base\Dashboard" loaded.
INFO - 2025-04-16 23:50:52 --> Session: Class initialized using 'CodeIgniter\Session\Handlers\FileHandler' driver.
INFO - 2025-04-16 23:50:53 --> Controller "App\Controllers\base\Dashboard" loaded.
INFO - 2025-04-16 23:50:55 --> Session: Class initialized using 'CodeIgniter\Session\Handlers\FileHandler' driver.
INFO - 2025-04-16 23:50:55 --> Controller "App\Controllers\undangan\Undangan" loaded.
INFO - 2025-04-16 23:50:55 --> Session: Class initialized using 'CodeIgniter\Session\Handlers\FileHandler' driver.
INFO - 2025-04-16 23:50:55 --> Controller "App\Controllers\undangan\Undangan" loaded.
INFO - 2025-04-16 23:50:55 --> Session: Class initialized using 'CodeIgniter\Session\Handlers\FileHandler' driver.
INFO - 2025-04-16 23:50:55 --> Controller "App\Controllers\undangan\Undangan" loaded.
INFO - 2025-04-16 23:50:55 --> Session: Class initialized using 'CodeIgniter\Session\Handlers\FileHandler' driver.
INFO - 2025-04-16 23:50:55 --> Controller "App\Controllers\undangan\Undangan" loaded.
INFO - 2025-04-16 23:50:56 --> Session: Class initialized using 'CodeIgniter\Session\Handlers\FileHandler' driver.
INFO - 2025-04-16 23:50:56 --> Controller "App\Controllers\undangan\Undangan" loaded.
INFO - 2025-04-16 23:50:56 --> Session: Class initialized using 'CodeIgniter\Session\Handlers\FileHandler' driver.
INFO - 2025-04-16 23:50:56 --> Controller "App\Controllers\undangan\Undangan" loaded.
INFO - 2025-04-16 23:50:58 --> Session: Class initialized using 'CodeIgniter\Session\Handlers\FileHandler' driver.
INFO - 2025-04-16 23:50:58 --> Controller "App\Controllers\undangan\Undangan" loaded.
INFO - 2025-04-16 23:50:58 --> Session: Class initialized using 'CodeIgniter\Session\Handlers\FileHandler' driver.
INFO - 2025-04-16 23:50:58 --> Controller "App\Controllers\undangan\Undangan" loaded.
INFO - 2025-04-16 23:51:05 --> Session: Class initialized using 'CodeIgniter\Session\Handlers\FileHandler' driver.
INFO - 2025-04-16 23:51:05 --> Controller "App\Controllers\base\Dashboard" loaded.
INFO - 2025-04-16 23:51:25 --> Session: Class initialized using 'CodeIgniter\Session\Handlers\FileHandler' driver.
INFO - 2025-04-16 23:51:25 --> Controller "App\Controllers\base\Dashboard" loaded.
INFO - 2025-04-16 23:51:29 --> Session: Class initialized using 'CodeIgniter\Session\Handlers\FileHandler' driver.
INFO - 2025-04-16 23:51:29 --> Controller "App\Controllers\base\Dashboard" loaded.
INFO - 2025-04-16 23:51:31 --> Session: Class initialized using 'CodeIgniter\Session\Handlers\FileHandler' driver.
INFO - 2025-04-16 23:51:31 --> Controller "App\Controllers\base\Dashboard" loaded.
INFO - 2025-04-16 23:52:28 --> Session: Class initialized using 'CodeIgniter\Session\Handlers\FileHandler' driver.
INFO - 2025-04-16 23:52:28 --> Controller "App\Controllers\base\Dashboard" loaded.
INFO - 2025-04-16 23:52:31 --> Session: Class initialized using 'CodeIgniter\Session\Handlers\FileHandler' driver.
INFO - 2025-04-16 23:52:31 --> Session: Class initialized using 'CodeIgniter\Session\Handlers\FileHandler' driver.
INFO - 2025-04-16 23:52:31 --> Controller "App\Controllers\admin\Admin" loaded.
INFO - 2025-04-16 23:52:43 --> Session: Class initialized using 'CodeIgniter\Session\Handlers\FileHandler' driver.
INFO - 2025-04-16 23:52:43 --> Controller "App\Controllers\admin\Admin" loaded.
INFO - 2025-04-16 23:52:43 --> Session: Class initialized using 'CodeIgniter\Session\Handlers\FileHandler' driver.
INFO - 2025-04-16 23:52:44 --> Controller "App\Controllers\admin\Admin" loaded.
INFO - 2025-04-16 23:52:48 --> Session: Class initialized using 'CodeIgniter\Session\Handlers\FileHandler' driver.
INFO - 2025-04-16 23:52:48 --> Controller "App\Controllers\admin\Admin" loaded.
INFO - 2025-04-16 23:52:51 --> Session: Class initialized using 'CodeIgniter\Session\Handlers\FileHandler' driver.
INFO - 2025-04-16 23:52:51 --> Controller "App\Controllers\admin\Admin" loaded.
INFO - 2025-04-16 23:53:09 --> Session: Class initialized using 'CodeIgniter\Session\Handlers\FileHandler' driver.
INFO - 2025-04-16 23:53:10 --> Controller "App\Controllers\base\Dashboard" loaded.
INFO - 2025-04-16 23:56:39 --> Session: Class initialized using 'CodeIgniter\Session\Handlers\FileHandler' driver.
INFO - 2025-04-16 23:56:39 --> Controller "App\Controllers\base\Dashboard" loaded.
